#
# A fatal error has been detected by the Java Runtime Environment:
#
#  SIGSEGV (0xb) at pc=0x00007f91f97f2d69, pid=22452, tid=140264939693824
#
# JRE version: OpenJDK Runtime Environment (7.0_121) (build 1.7.0_121-b00)
# Java VM: OpenJDK 64-Bit Server VM (24.121-b00 mixed mode linux-amd64 compressed oops)
# Derivative: IcedTea 2.6.8
# Distribution: Ubuntu 14.04 LTS, package 7u121-2.6.8-1ubuntu0.14.04.3
# Problematic frame:
# C  [libc.so.6+0x14dd69]
#
# Failed to write core dump. Core dumps have been disabled. To enable core dumping, try "ulimit -c unlimited" before starting Java again
#
# If you would like to submit a bug report, please include
# instructions on how to reproduce the bug and visit:
#   http://icedtea.classpath.org/bugzilla
# The crash happened outside the Java Virtual Machine in native code.
# See problematic frame for where to report the bug.
#

---------------  T H R E A D  ---------------

Current thread (0x00007f91f0011800):  JavaThread "main" [_thread_in_native, id=22455, stack(0x00007f91f9d7a000,0x00007f91f9e7b000)]

siginfo:si_signo=SIGSEGV: si_errno=0, si_code=2 (SEGV_ACCERR), si_addr=0x00007f91f0816b17

Registers:
RAX=0x00007f91f06d4200, RBX=0x00007f91f00119d8, RCX=0x0000000000080000, RDX=0x0000000000142920
RSP=0x00007f91f9e797c8, RBP=0x00007f91f9e798a8, RSI=0x00007f91a7fbc920, RDI=0x00007f91f0816b20
R8 =0x00007f91f0816b17, R9 =0x00007f91a7fbc930, R10=0x00007f91ed01b4ed, R11=0x00007f91f8abeef0
R12=0x00007f91f9e798a0, R13=0x00007f91f06d4200, R14=0x00007f91a7e7a010, R15=0x0000000000142927
RIP=0x00007f91f97f2d69, EFLAGS=0x0000000000010202, CSGSFS=0x0000000000000033, ERR=0x0000000000000006
  TRAPNO=0x000000000000000e

Top of Stack: (sp=0x00007f91f9e797c8)
0x00007f91f9e797c8:   00007f91b1d739fd 00000000b9f2c5e8
0x00007f91f9e797d8:   00000000b9f2c5e8 00007f91f9e79870
0x00007f91f9e797e8:   0000000000000000 00000000b9f2c5e8
0x00007f91f9e797f8:   00007f91f9e798a8 00007f91f0011800
0x00007f91f9e79808:   00007f91ed01b519 00007f91f00123a8
0x00007f91f9e79818:   00007f91f00123a8 00000000fffffffe
0x00007f91f9e79828:   0000000000000000 00007f91f9e79830
0x00007f91f9e79838:   00000000b9f2c5e8 00007f91f9e798a8
0x00007f91f9e79848:   00000000ba1ab2b8 0000000000000000
0x00007f91f9e79858:   00000000b9f2c5e8 0000000000000000
0x00007f91f9e79868:   00007f91f9e79890 00007f91f9e798f0
0x00007f91f9e79878:   00007f91ed0063cb 00000000ed16d378
0x00007f91f9e79888:   00007f91ed015c5b 0000000000142927
0x00007f91f9e79898:   0000000000000000 00000000ec0ef970
0x00007f91f9e798a8:   00000000ec0efce0 00007f91f9e798b0
0x00007f91f9e798b8:   00000000b9f2c92b 00007f91f9e79928
0x00007f91f9e798c8:   00000000ba1ab2b8 0000000000000000
0x00007f91f9e798d8:   00000000b9f2c998 00007f91f9e79890
0x00007f91f9e798e8:   00007f91f9e79920 00007f91f9e79970
0x00007f91f9e798f8:   00007f91ed0063cb 0000000000142927
0x00007f91f9e79908:   0000000000000000 0000000000000001
0x00007f91f9e79918:   0000000000000060 00000000ec0ef970
0x00007f91f9e79928:   00000000ec0efce0 00007f91f9e79930
0x00007f91f9e79938:   00000000b9ec6c77 00007f91f9e79a08
0x00007f91f9e79948:   00000000b9f31840 0000000000000000
0x00007f91f9e79958:   00000000b9ec6e00 00007f91f9e79920
0x00007f91f9e79968:   00007f91f9e79a08 00007f91f9e79a70
0x00007f91f9e79978:   00007f91ed0004e7 0000000000000000
0x00007f91f9e79988:   0000000000000000 0000000000000000
0x00007f91f9e79998:   00000000ec0ef970 00000000ec0ef7b8
0x00007f91f9e799a8:   00000000ecfb9570 0000000000000000
0x00007f91f9e799b8:   00000000ecfd49f0 00000000ecfd4a40 

Instructions: (pc=0x00007f91f97f2d69)
0x00007f91f97f2d49:   48 01 d7 4c 8d 1d 9d c5 03 00 49 63 14 93 49 8d
0x00007f91f97f2d59:   14 13 ff e2 0f 0b 90 f3 0f 6f 4e f0 48 8d 76 f0
0x00007f91f97f2d69:   f3 41 0f 7f 00 66 0f 7f 4f f0 48 8d 7f f0 48 8d
0x00007f91f97f2d79:   92 70 ff ff ff 49 89 f9 49 29 f1 49 39 d1 73 09 

Register to memory mapping:

RAX=0x00007f91f06d4200 is an unknown value
RBX=0x00007f91f00119d8 is an unknown value
RCX=0x0000000000080000 is an unknown value
RDX=0x0000000000142920 is an unknown value
RSP=0x00007f91f9e797c8 is pointing into the stack for thread: 0x00007f91f0011800
RBP=0x00007f91f9e798a8 is pointing into the stack for thread: 0x00007f91f0011800
RSI=0x00007f91a7fbc920 is an unknown value
RDI=0x00007f91f0816b20 is an unknown value
R8 =0x00007f91f0816b17 is an unknown value
R9 =0x00007f91a7fbc930 is an unknown value
R10=0x00007f91ed01b4ed is at code_begin+1197 in an Interpreter codelet
method entry point (kind = native)  [0x00007f91ed01b040, 0x00007f91ed01be40]  3584 bytes
R11=0x00007f91f8abeef0: <offset 0x86eef0> in /usr/lib/jvm/java-7-openjdk-amd64/jre/lib/amd64/server/libjvm.so at 0x00007f91f8250000
R12=0x00007f91f9e798a0 is pointing into the stack for thread: 0x00007f91f0011800
R13=0x00007f91f06d4200 is an unknown value
R14=0x00007f91a7e7a010 is an unknown value
R15=0x0000000000142927 is an unknown value


Stack: [0x00007f91f9d7a000,0x00007f91f9e7b000],  sp=0x00007f91f9e797c8,  free space=1021k
Native frames: (J=compiled Java code, j=interpreted, Vv=VM code, C=native code)
C  [libc.so.6+0x14dd69]

Java frames: (J=compiled Java code, j=interpreted, Vv=VM code)
j  org.bytedeco.javacpp.Pointer.memcpy(Lorg/bytedeco/javacpp/Pointer;Lorg/bytedeco/javacpp/Pointer;J)Lorg/bytedeco/javacpp/Pointer;+0
j  org.bytedeco.javacpp.Pointer.put(Lorg/bytedeco/javacpp/Pointer;)Lorg/bytedeco/javacpp/Pointer;+131
j  Main.main([Ljava/lang/String;)V+183
v  ~StubRoutines::call_stub

---------------  P R O C E S S  ---------------

Java Threads: ( => current thread )
  0x00007f91f0641000 JavaThread "AWT-XAWT" daemon [_thread_in_native, id=22482, stack(0x00007f91b1760000,0x00007f91b1861000)]
  0x00007f91f0555800 JavaThread "JavaCPP Deallocator" daemon [_thread_blocked, id=22477, stack(0x00007f91b2c21000,0x00007f91b2d22000)]
  0x00007f91f052a000 JavaThread "Java2D Disposer" daemon [_thread_blocked, id=22476, stack(0x00007f91e800f000,0x00007f91e8110000)]
  0x00007f91f00c7000 JavaThread "Service Thread" daemon [_thread_blocked, id=22474, stack(0x00007f91ea8dc000,0x00007f91ea9dd000)]
  0x00007f91f00c5000 JavaThread "C2 CompilerThread1" daemon [_thread_blocked, id=22473, stack(0x00007f91ea9dd000,0x00007f91eaade000)]
  0x00007f91f00c2000 JavaThread "C2 CompilerThread0" daemon [_thread_blocked, id=22472, stack(0x00007f91eaade000,0x00007f91eabdf000)]
  0x00007f91f00bf800 JavaThread "JDWP Event Helper Thread" daemon [_thread_blocked, id=22469, stack(0x00007f91f40ec000,0x00007f91f41ed000)]
  0x00007f91f00ab000 JavaThread "Signal Dispatcher" daemon [_thread_blocked, id=22466, stack(0x00007f91f44f3000,0x00007f91f45f4000)]
  0x00007f91f007f000 JavaThread "Finalizer" daemon [_thread_blocked, id=22463, stack(0x00007f91f45f4000,0x00007f91f46f5000)]
  0x00007f91f007d000 JavaThread "Reference Handler" daemon [_thread_blocked, id=22462, stack(0x00007f91f46f5000,0x00007f91f47f6000)]
=>0x00007f91f0011800 JavaThread "main" [_thread_in_native, id=22455, stack(0x00007f91f9d7a000,0x00007f91f9e7b000)]

Other Threads:
  0x00007f91f0078800 VMThread [stack: 0x00007f91f47f6000,0x00007f91f48f7000] [id=22458]
  0x00007f91f00d2000 WatcherThread [stack: 0x00007f91ea7db000,0x00007f91ea8dc000] [id=22475]

VM state:not at safepoint (normal execution)

VM Mutex/Monitor currently owned by a thread: None

Heap
 PSYoungGen      total 17920K, used 3118K [0x00000000ec080000, 0x00000000ed480000, 0x0000000100000000)
  eden space 15360K, 3% used [0x00000000ec080000,0x00000000ec110618,0x00000000ecf80000)
  from space 2560K, 99% used [0x00000000ecf80000,0x00000000ed1fb590,0x00000000ed200000)
  to   space 2560K, 0% used [0x00000000ed200000,0x00000000ed200000,0x00000000ed480000)
 ParOldGen       total 40448K, used 2471K [0x00000000c4200000, 0x00000000c6980000, 0x00000000ec080000)
  object space 40448K, 6% used [0x00000000c4200000,0x00000000c4469d00,0x00000000c6980000)
 PSPermGen       total 21504K, used 10932K [0x00000000b9c00000, 0x00000000bb100000, 0x00000000c4200000)
  object space 21504K, 50% used [0x00000000b9c00000,0x00000000ba6ad2e0,0x00000000bb100000)

Card table byte_map: [0x00007f91f5b1f000,0x00007f91f5d52000] byte_map_base: 0x00007f91f5551000

Polling page: 0x00007f91f9e9a000

Code Cache  [0x00007f91ed000000, 0x00007f91ed270000, 0x00007f91f0000000)
 total_blobs=632 nmethods=108 adapters=486 free_code_cache=48348Kb largest_free_block=49486144

Compilation events (10 events):
Event: 3,455 Thread 0x00007f91f00c5000  107             java.net.URL::getPath (5 bytes)
Event: 3,455 Thread 0x00007f91f00c5000 nmethod 107 0x00007f91ed0c5250 code [0x00007f91ed0c5380, 0x00007f91ed0c53d8]
Event: 3,511 Thread 0x00007f91f00c5000  108             java.net.URL::getAuthority (5 bytes)
Event: 3,512 Thread 0x00007f91f00c5000 nmethod 108 0x00007f91ed0c3d90 code [0x00007f91ed0c3ec0, 0x00007f91ed0c3f18]
Event: 3,543 Thread 0x00007f91f00c5000  109             java.net.URL::getRef (5 bytes)
Event: 3,543 Thread 0x00007f91f00c5000 nmethod 109 0x00007f91ed0c3b90 code [0x00007f91ed0c3cc0, 0x00007f91ed0c3d18]
Event: 118,207 Thread 0x00007f91f00c5000  110             java.lang.CharacterDataLatin1::toUpperCase (53 bytes)
Event: 118,209 Thread 0x00007f91f00c5000 nmethod 110 0x00007f91ed0c3890 code [0x00007f91ed0c39e0, 0x00007f91ed0c3ab8]
Event: 118,209 Thread 0x00007f91f00c5000  111             java.net.URL::getFile (5 bytes)
Event: 118,209 Thread 0x00007f91f00c5000 nmethod 111 0x00007f91ed0c3690 code [0x00007f91ed0c37c0, 0x00007f91ed0c3818]

GC Heap History (6 events):
Event: 1,941 GC heap before
{Heap before GC invocations=1 (full 0):
 PSYoungGen      total 17920K, used 15360K [0x00000000ec080000, 0x00000000ed480000, 0x0000000100000000)
  eden space 15360K, 100% used [0x00000000ec080000,0x00000000ecf80000,0x00000000ecf80000)
  from space 2560K, 0% used [0x00000000ed200000,0x00000000ed200000,0x00000000ed480000)
  to   space 2560K, 0% used [0x00000000ecf80000,0x00000000ecf80000,0x00000000ed200000)
 ParOldGen       total 40448K, used 0K [0x00000000c4200000, 0x00000000c6980000, 0x00000000ec080000)
  object space 40448K, 0% used [0x00000000c4200000,0x00000000c4200000,0x00000000c6980000)
 PSPermGen       total 21504K, used 8032K [0x00000000b9c00000, 0x00000000bb100000, 0x00000000c4200000)
  object space 21504K, 37% used [0x00000000b9c00000,0x00000000ba3d8290,0x00000000bb100000)
Event: 1,949 GC heap after
Heap after GC invocations=1 (full 0):
 PSYoungGen      total 17920K, used 2553K [0x00000000ec080000, 0x00000000ed480000, 0x0000000100000000)
  eden space 15360K, 0% used [0x00000000ec080000,0x00000000ec080000,0x00000000ecf80000)
  from space 2560K, 99% used [0x00000000ecf80000,0x00000000ed1fe410,0x00000000ed200000)
  to   space 2560K, 0% used [0x00000000ed200000,0x00000000ed200000,0x00000000ed480000)
 ParOldGen       total 40448K, used 580K [0x00000000c4200000, 0x00000000c6980000, 0x00000000ec080000)
  object space 40448K, 1% used [0x00000000c4200000,0x00000000c42913b0,0x00000000c6980000)
 PSPermGen       total 21504K, used 8032K [0x00000000b9c00000, 0x00000000bb100000, 0x00000000c4200000)
  object space 21504K, 37% used [0x00000000b9c00000,0x00000000ba3d8290,0x00000000bb100000)
}
Event: 3,111 GC heap before
{Heap before GC invocations=2 (full 0):
 PSYoungGen      total 17920K, used 17913K [0x00000000ec080000, 0x00000000ed480000, 0x0000000100000000)
  eden space 15360K, 100% used [0x00000000ec080000,0x00000000ecf80000,0x00000000ecf80000)
  from space 2560K, 99% used [0x00000000ecf80000,0x00000000ed1fe410,0x00000000ed200000)
  to   space 2560K, 0% used [0x00000000ed200000,0x00000000ed200000,0x00000000ed480000)
 ParOldGen       total 40448K, used 580K [0x00000000c4200000, 0x00000000c6980000, 0x00000000ec080000)
  object space 40448K, 1% used [0x00000000c4200000,0x00000000c42913b0,0x00000000c6980000)
 PSPermGen       total 21504K, used 10398K [0x00000000b9c00000, 0x00000000bb100000, 0x00000000c4200000)
  object space 21504K, 48% used [0x00000000b9c00000,0x00000000ba6279c8,0x00000000bb100000)
Event: 3,119 GC heap after
Heap after GC invocations=2 (full 0):
 PSYoungGen      total 17920K, used 2553K [0x00000000ec080000, 0x00000000ed480000, 0x0000000100000000)
  eden space 15360K, 0% used [0x00000000ec080000,0x00000000ec080000,0x00000000ecf80000)
  from space 2560K, 99% used [0x00000000ed200000,0x00000000ed47e410,0x00000000ed480000)
  to   space 2560K, 0% used [0x00000000ecf80000,0x00000000ecf80000,0x00000000ed200000)
 ParOldGen       total 40448K, used 2159K [0x00000000c4200000, 0x00000000c6980000, 0x00000000ec080000)
  object space 40448K, 5% used [0x00000000c4200000,0x00000000c441bc78,0x00000000c6980000)
 PSPermGen       total 21504K, used 10398K [0x00000000b9c00000, 0x00000000bb100000, 0x00000000c4200000)
  object space 21504K, 48% used [0x00000000b9c00000,0x00000000ba6279c8,0x00000000bb100000)
}
Event: 118,214 GC heap before
{Heap before GC invocations=3 (full 0):
 PSYoungGen      total 17920K, used 17913K [0x00000000ec080000, 0x00000000ed480000, 0x0000000100000000)
  eden space 15360K, 100% used [0x00000000ec080000,0x00000000ecf80000,0x00000000ecf80000)
  from space 2560K, 99% used [0x00000000ed200000,0x00000000ed47e410,0x00000000ed480000)
  to   space 2560K, 0% used [0x00000000ecf80000,0x00000000ecf80000,0x00000000ed200000)
 ParOldGen       total 40448K, used 2159K [0x00000000c4200000, 0x00000000c6980000, 0x00000000ec080000)
  object space 40448K, 5% used [0x00000000c4200000,0x00000000c441bc78,0x00000000c6980000)
 PSPermGen       total 21504K, used 10931K [0x00000000b9c00000, 0x00000000bb100000, 0x00000000c4200000)
  object space 21504K, 50% used [0x00000000b9c00000,0x00000000ba6acce0,0x00000000bb100000)
Event: 118,218 GC heap after
Heap after GC invocations=3 (full 0):
 PSYoungGen      total 17920K, used 2541K [0x00000000ec080000, 0x00000000ed480000, 0x0000000100000000)
  eden space 15360K, 0% used [0x00000000ec080000,0x00000000ec080000,0x00000000ecf80000)
  from space 2560K, 99% used [0x00000000ecf80000,0x00000000ed1fb590,0x00000000ed200000)
  to   space 2560K, 0% used [0x00000000ed200000,0x00000000ed200000,0x00000000ed480000)
 ParOldGen       total 40448K, used 2471K [0x00000000c4200000, 0x00000000c6980000, 0x00000000ec080000)
  object space 40448K, 6% used [0x00000000c4200000,0x00000000c4469d00,0x00000000c6980000)
 PSPermGen       total 21504K, used 10931K [0x00000000b9c00000, 0x00000000bb100000, 0x00000000c4200000)
  object space 21504K, 50% used [0x00000000b9c00000,0x00000000ba6acce0,0x00000000bb100000)
}

Deoptimization events (10 events):
Event: 1,642 Thread 0x00007f91f0011800 Uncommon trap: reason=class_check action=maybe_recompile pc=0x00007f91ed07f5e8 method=java.lang.String.equals(Ljava/lang/Object;)Z @ 8
Event: 1,642 Thread 0x00007f91f0011800 Uncommon trap: reason=class_check action=maybe_recompile pc=0x00007f91ed07f5e8 method=java.lang.String.equals(Ljava/lang/Object;)Z @ 8
Event: 1,696 Thread 0x00007f91f0011800 Uncommon trap: reason=unstable_if action=reinterpret pc=0x00007f91ed07c98c method=java.util.Properties$LineReader.readLine()I @ 369
Event: 2,272 Thread 0x00007f91f0011800 Uncommon trap: reason=unstable_if action=reinterpret pc=0x00007f91ed09a42c method=sun.misc.URLClassPath$JarLoader.getResource(Ljava/lang/String;Z)Lsun/misc/Resource; @ 15
Event: 2,272 Thread 0x00007f91f0011800 Uncommon trap: reason=unstable_if action=reinterpret pc=0x00007f91ed08a684 method=sun.misc.URLClassPath$JarLoader.ensureOpen()V @ 4
Event: 2,272 Thread 0x00007f91f0011800 Uncommon trap: reason=unstable_if action=reinterpret pc=0x00007f91ed08cc3c method=java.util.zip.ZipCoder.encoder()Ljava/nio/charset/CharsetEncoder; @ 4
Event: 2,272 Thread 0x00007f91f0011800 Uncommon trap: reason=unstable_if action=reinterpret pc=0x00007f91ed08ac88 method=java.util.zip.ZipCoder.encoder()Ljava/nio/charset/CharsetEncoder; @ 4
Event: 2,285 Thread 0x00007f91f0011800 Uncommon trap: reason=null_check action=make_not_entrant pc=0x00007f91ed07f5fc method=java.lang.String.equals(Ljava/lang/Object;)Z @ 8
Event: 2,316 Thread 0x00007f91f0011800 Uncommon trap: reason=unstable_if action=reinterpret pc=0x00007f91ed07bf0c method=java.lang.String.replace(CC)Ljava/lang/String; @ 26
Event: 2,916 Thread 0x00007f91f0011800 Uncommon trap: reason=unstable_if action=reinterpret pc=0x00007f91ed060cf0 method=sun.nio.cs.UTF_8$Encoder.encode([CII[B)I @ 33

Internal exceptions (10 events):
Event: 3,491 Thread 0x00007f91f0011800 Threw 0x00000000ecb101a8 at /build/openjdk-7-fqDl7t/openjdk-7-7u121-2.6.8/build/openjdk/hotspot/src/share/vm/prims/jvm.cpp:1322
Event: 3,553 Thread 0x00007f91f0011800 Threw 0x00000000ece54760 at /build/openjdk-7-fqDl7t/openjdk-7-7u121-2.6.8/build/openjdk/hotspot/src/share/vm/prims/jvm.cpp:1322
Event: 3,554 Thread 0x00007f91f0011800 Threw 0x00000000ece5c2c0 at /build/openjdk-7-fqDl7t/openjdk-7-7u121-2.6.8/build/openjdk/hotspot/src/share/vm/prims/jvm.cpp:1322
Event: 3,554 Thread 0x00007f91f0011800 Threw 0x00000000ece64d48 at /build/openjdk-7-fqDl7t/openjdk-7-7u121-2.6.8/build/openjdk/hotspot/src/share/vm/prims/jvm.cpp:1322
Event: 3,555 Thread 0x00007f91f0011800 Threw 0x00000000ece6ce28 at /build/openjdk-7-fqDl7t/openjdk-7-7u121-2.6.8/build/openjdk/hotspot/src/share/vm/prims/jvm.cpp:1322
Event: 3,556 Thread 0x00007f91f0011800 Threw 0x00000000ece77078 at /build/openjdk-7-fqDl7t/openjdk-7-7u121-2.6.8/build/openjdk/hotspot/src/share/vm/prims/jvm.cpp:1322
Event: 3,556 Thread 0x00007f91f0011800 Threw 0x00000000ece80340 at /build/openjdk-7-fqDl7t/openjdk-7-7u121-2.6.8/build/openjdk/hotspot/src/share/vm/prims/jvm.cpp:1322
Event: 3,557 Thread 0x00007f91f0011800 Threw 0x00000000ece8b490 at /build/openjdk-7-fqDl7t/openjdk-7-7u121-2.6.8/build/openjdk/hotspot/src/share/vm/prims/jvm.cpp:1322
Event: 3,558 Thread 0x00007f91f0011800 Threw 0x00000000ece92ff8 at /build/openjdk-7-fqDl7t/openjdk-7-7u121-2.6.8/build/openjdk/hotspot/src/share/vm/prims/jvm.cpp:1322
Event: 118,200 Thread 0x00007f91f0011800 Threw 0x00000000ecea55e8 at /build/openjdk-7-fqDl7t/openjdk-7-7u121-2.6.8/build/openjdk/hotspot/src/share/vm/prims/jvm.cpp:1322

Events (10 events):
Event: 118,201 Executing VM operation: ChangeBreakpoints done
Event: 118,201 Executing VM operation: ChangeBreakpoints
Event: 118,201 Executing VM operation: ChangeBreakpoints done
Event: 118,202 Thread 0x00007f91f00bc000 Thread exited: 0x00007f91f00bc000
Event: 118,214 Executing VM operation: ParallelGCFailedAllocation
Event: 118,218 Executing VM operation: ParallelGCFailedAllocation done
Event: 118,219 Executing VM operation: RevokeBias
Event: 118,219 Executing VM operation: RevokeBias done
Event: 118,219 Executing VM operation: RevokeBias
Event: 118,219 Executing VM operation: RevokeBias done


Dynamic libraries:
00400000-00401000 r-xp 00000000 08:0a 303760                             /usr/lib/jvm/java-7-openjdk-amd64/jre/bin/java
00600000-00601000 r--p 00000000 08:0a 303760                             /usr/lib/jvm/java-7-openjdk-amd64/jre/bin/java
00601000-00602000 rw-p 00001000 08:0a 303760                             /usr/lib/jvm/java-7-openjdk-amd64/jre/bin/java
00e8a000-00eab000 rw-p 00000000 00:00 0                                  [heap]
b9c00000-bb100000 rw-p 00000000 00:00 0 
bb100000-c4200000 rw-p 00000000 00:00 0 
c4200000-c6980000 rw-p 00000000 00:00 0 
c6980000-ec080000 rw-p 00000000 00:00 0 
ec080000-ed480000 rw-p 00000000 00:00 0 
ed480000-100000000 rw-p 00000000 00:00 0 
7f91a7e7a000-7f91a7fc1000 rw-p 00000000 00:00 0 
7f91a7fc1000-7f91a8050000 r-xp 00000000 08:0a 218859                     /home/roma/.javacpp/cache/opencv-3.2.0-1.3-linux-x86_64.jar/org/bytedeco/javacpp/linux-x86_64/libjniopencv_calib3d.so
7f91a8050000-7f91a8250000 ---p 0008f000 08:0a 218859                     /home/roma/.javacpp/cache/opencv-3.2.0-1.3-linux-x86_64.jar/org/bytedeco/javacpp/linux-x86_64/libjniopencv_calib3d.so
7f91a8250000-7f91a8251000 rw-p 0008f000 08:0a 218859                     /home/roma/.javacpp/cache/opencv-3.2.0-1.3-linux-x86_64.jar/org/bytedeco/javacpp/linux-x86_64/libjniopencv_calib3d.so
7f91a8251000-7f91a83a8000 r-xp 00000000 08:0a 218857                     /home/roma/.javacpp/cache/opencv-3.2.0-1.3-linux-x86_64.jar/org/bytedeco/javacpp/linux-x86_64/libopencv_calib3d.so.3.2
7f91a83a8000-7f91a85a7000 ---p 00157000 08:0a 218857                     /home/roma/.javacpp/cache/opencv-3.2.0-1.3-linux-x86_64.jar/org/bytedeco/javacpp/linux-x86_64/libopencv_calib3d.so.3.2
7f91a85a7000-7f91a85aa000 rw-p 00156000 08:0a 218857                     /home/roma/.javacpp/cache/opencv-3.2.0-1.3-linux-x86_64.jar/org/bytedeco/javacpp/linux-x86_64/libopencv_calib3d.so.3.2
7f91a85aa000-7f91a85fa000 r-xp 00000000 08:0a 218856                     /home/roma/.javacpp/cache/opencv-3.2.0-1.3-linux-x86_64.jar/org/bytedeco/javacpp/linux-x86_64/libjniopencv_features2d.so
7f91a85fa000-7f91a87fa000 ---p 00050000 08:0a 218856                     /home/roma/.javacpp/cache/opencv-3.2.0-1.3-linux-x86_64.jar/org/bytedeco/javacpp/linux-x86_64/libjniopencv_features2d.so
7f91a87fa000-7f91a87fc000 rw-p 00050000 08:0a 218856                     /home/roma/.javacpp/cache/opencv-3.2.0-1.3-linux-x86_64.jar/org/bytedeco/javacpp/linux-x86_64/libjniopencv_features2d.so
7f91a87fc000-7f91a889c000 r-xp 00000000 08:0a 218854                     /home/roma/.javacpp/cache/opencv-3.2.0-1.3-linux-x86_64.jar/org/bytedeco/javacpp/linux-x86_64/libopencv_features2d.so.3.2
7f91a889c000-7f91a8a9c000 ---p 000a0000 08:0a 218854                     /home/roma/.javacpp/cache/opencv-3.2.0-1.3-linux-x86_64.jar/org/bytedeco/javacpp/linux-x86_64/libopencv_features2d.so.3.2
7f91a8a9c000-7f91a8aa2000 rw-p 000a0000 08:0a 218854                     /home/roma/.javacpp/cache/opencv-3.2.0-1.3-linux-x86_64.jar/org/bytedeco/javacpp/linux-x86_64/libopencv_features2d.so.3.2
7f91a8aa2000-7f91a8ae8000 r-xp 00000000 08:0a 218853                     /home/roma/.javacpp/cache/opencv-3.2.0-1.3-linux-x86_64.jar/org/bytedeco/javacpp/linux-x86_64/libjniopencv_ml.so
7f91a8ae8000-7f91a8ce8000 ---p 00046000 08:0a 218853                     /home/roma/.javacpp/cache/opencv-3.2.0-1.3-linux-x86_64.jar/org/bytedeco/javacpp/linux-x86_64/libjniopencv_ml.so
7f91a8ce8000-7f91a8ce9000 rw-p 00046000 08:0a 218853                     /home/roma/.javacpp/cache/opencv-3.2.0-1.3-linux-x86_64.jar/org/bytedeco/javacpp/linux-x86_64/libjniopencv_ml.so
7f91a8ce9000-7f91a8d81000 r-xp 00000000 08:0a 218851                     /home/roma/.javacpp/cache/opencv-3.2.0-1.3-linux-x86_64.jar/org/bytedeco/javacpp/linux-x86_64/libopencv_ml.so.3.2
7f91a8d81000-7f91a8f80000 ---p 00098000 08:0a 218851                     /home/roma/.javacpp/cache/opencv-3.2.0-1.3-linux-x86_64.jar/org/bytedeco/javacpp/linux-x86_64/libopencv_ml.so.3.2
7f91a8f80000-7f91a8f84000 rw-p 00097000 08:0a 218851                     /home/roma/.javacpp/cache/opencv-3.2.0-1.3-linux-x86_64.jar/org/bytedeco/javacpp/linux-x86_64/libopencv_ml.so.3.2
7f91a8f84000-7f91a8fa0000 r-xp 00000000 08:0a 218850                     /home/roma/.javacpp/cache/opencv-3.2.0-1.3-linux-x86_64.jar/org/bytedeco/javacpp/linux-x86_64/libjniopencv_flann.so
7f91a8fa0000-7f91a91a0000 ---p 0001c000 08:0a 218850                     /home/roma/.javacpp/cache/opencv-3.2.0-1.3-linux-x86_64.jar/org/bytedeco/javacpp/linux-x86_64/libjniopencv_flann.so
7f91a91a0000-7f91a91a1000 rw-p 0001c000 08:0a 218850                     /home/roma/.javacpp/cache/opencv-3.2.0-1.3-linux-x86_64.jar/org/bytedeco/javacpp/linux-x86_64/libjniopencv_flann.so
7f91a91a1000-7f91a91fb000 r-xp 00000000 08:0a 218848                     /home/roma/.javacpp/cache/opencv-3.2.0-1.3-linux-x86_64.jar/org/bytedeco/javacpp/linux-x86_64/libopencv_flann.so.3.2
7f91a91fb000-7f91a93fa000 ---p 0005a000 08:0a 218848                     /home/roma/.javacpp/cache/opencv-3.2.0-1.3-linux-x86_64.jar/org/bytedeco/javacpp/linux-x86_64/libopencv_flann.so.3.2
7f91a93fa000-7f91a93fe000 rw-p 00059000 08:0a 218848                     /home/roma/.javacpp/cache/opencv-3.2.0-1.3-linux-x86_64.jar/org/bytedeco/javacpp/linux-x86_64/libopencv_flann.so.3.2
7f91a93fe000-7f91a943f000 r-xp 00000000 08:0a 218847                     /home/roma/.javacpp/cache/opencv-3.2.0-1.3-linux-x86_64.jar/org/bytedeco/javacpp/linux-x86_64/libjniopencv_highgui.so
7f91a943f000-7f91a963f000 ---p 00041000 08:0a 218847                     /home/roma/.javacpp/cache/opencv-3.2.0-1.3-linux-x86_64.jar/org/bytedeco/javacpp/linux-x86_64/libjniopencv_highgui.so
7f91a963f000-7f91a9640000 rw-p 00041000 08:0a 218847                     /home/roma/.javacpp/cache/opencv-3.2.0-1.3-linux-x86_64.jar/org/bytedeco/javacpp/linux-x86_64/libjniopencv_highgui.so
7f91a9640000-7f91a964b000 r-xp 00000000 08:0a 218845                     /home/roma/.javacpp/cache/opencv-3.2.0-1.3-linux-x86_64.jar/org/bytedeco/javacpp/linux-x86_64/libopencv_highgui.so.3.2
7f91a964b000-7f91a984a000 ---p 0000b000 08:0a 218845                     /home/roma/.javacpp/cache/opencv-3.2.0-1.3-linux-x86_64.jar/org/bytedeco/javacpp/linux-x86_64/libopencv_highgui.so.3.2
7f91a984a000-7f91a984b000 rw-p 0000a000 08:0a 218845                     /home/roma/.javacpp/cache/opencv-3.2.0-1.3-linux-x86_64.jar/org/bytedeco/javacpp/linux-x86_64/libopencv_highgui.so.3.2
7f91a984b000-7f91a9860000 r-xp 00000000 08:0a 218844                     /home/roma/.javacpp/cache/opencv-3.2.0-1.3-linux-x86_64.jar/org/bytedeco/javacpp/linux-x86_64/libjniopencv_videoio.so
7f91a9860000-7f91a9a60000 ---p 00015000 08:0a 218844                     /home/roma/.javacpp/cache/opencv-3.2.0-1.3-linux-x86_64.jar/org/bytedeco/javacpp/linux-x86_64/libjniopencv_videoio.so
7f91a9a60000-7f91a9a61000 rw-p 00015000 08:0a 218844                     /home/roma/.javacpp/cache/opencv-3.2.0-1.3-linux-x86_64.jar/org/bytedeco/javacpp/linux-x86_64/libjniopencv_videoio.so
7f91a9a61000-7f91a9a67000 r-xp 00000000 08:0a 532372                     /usr/lib/x86_64-linux-gnu/libdatrie.so.1.3.1
7f91a9a67000-7f91a9c66000 ---p 00006000 08:0a 532372                     /usr/lib/x86_64-linux-gnu/libdatrie.so.1.3.1
7f91a9c66000-7f91a9c67000 r--p 00005000 08:0a 532372                     /usr/lib/x86_64-linux-gnu/libdatrie.so.1.3.1
7f91a9c67000-7f91a9c68000 rw-p 00006000 08:0a 532372                     /usr/lib/x86_64-linux-gnu/libdatrie.so.1.3.1
7f91a9c68000-7f91a9c8c000 r-xp 00000000 08:0a 532600                     /usr/lib/x86_64-linux-gnu/libgraphite2.so.3.0.1
7f91a9c8c000-7f91a9e8b000 ---p 00024000 08:0a 532600                     /usr/lib/x86_64-linux-gnu/libgraphite2.so.3.0.1
7f91a9e8b000-7f91a9e8d000 r--p 00023000 08:0a 532600                     /usr/lib/x86_64-linux-gnu/libgraphite2.so.3.0.1
7f91a9e8d000-7f91a9e8e000 rw-p 00025000 08:0a 532600                     /usr/lib/x86_64-linux-gnu/libgraphite2.so.3.0.1
7f91a9e8e000-7f91a9e96000 r-xp 00000000 08:0a 533096                     /usr/lib/x86_64-linux-gnu/libthai.so.0.2.0
7f91a9e96000-7f91aa095000 ---p 00008000 08:0a 533096                     /usr/lib/x86_64-linux-gnu/libthai.so.0.2.0
7f91aa095000-7f91aa096000 r--p 00007000 08:0a 533096                     /usr/lib/x86_64-linux-gnu/libthai.so.0.2.0
7f91aa096000-7f91aa097000 rw-p 00008000 08:0a 533096                     /usr/lib/x86_64-linux-gnu/libthai.so.0.2.0
7f91aa097000-7f91aa09f000 r-xp 00000000 08:0a 533220                     /usr/lib/x86_64-linux-gnu/libxcb-render.so.0.0.0
7f91aa09f000-7f91aa29e000 ---p 00008000 08:0a 533220                     /usr/lib/x86_64-linux-gnu/libxcb-render.so.0.0.0
7f91aa29e000-7f91aa29f000 r--p 00007000 08:0a 533220                     /usr/lib/x86_64-linux-gnu/libxcb-render.so.0.0.0
7f91aa29f000-7f91aa2a0000 rw-p 00008000 08:0a 533220                     /usr/lib/x86_64-linux-gnu/libxcb-render.so.0.0.0
7f91aa2a0000-7f91aa2a2000 r-xp 00000000 08:0a 533224                     /usr/lib/x86_64-linux-gnu/libxcb-shm.so.0.0.0
7f91aa2a2000-7f91aa4a1000 ---p 00002000 08:0a 533224                     /usr/lib/x86_64-linux-gnu/libxcb-shm.so.0.0.0
7f91aa4a1000-7f91aa4a2000 r--p 00001000 08:0a 533224                     /usr/lib/x86_64-linux-gnu/libxcb-shm.so.0.0.0
7f91aa4a2000-7f91aa4a3000 rw-p 00002000 08:0a 533224                     /usr/lib/x86_64-linux-gnu/libxcb-shm.so.0.0.0
7f91aa4a3000-7f91aa543000 r-xp 00000000 08:0a 532926                     /usr/lib/x86_64-linux-gnu/libpixman-1.so.0.30.2
7f91aa543000-7f91aa743000 ---p 000a0000 08:0a 532926                     /usr/lib/x86_64-linux-gnu/libpixman-1.so.0.30.2
7f91aa743000-7f91aa74a000 r--p 000a0000 08:0a 532926                     /usr/lib/x86_64-linux-gnu/libpixman-1.so.0.30.2
7f91aa74a000-7f91aa74b000 rw-p 000a7000 08:0a 532926                     /usr/lib/x86_64-linux-gnu/libpixman-1.so.0.30.2
7f91aa74b000-7f91aa79e000 r-xp 00000000 08:0a 532529                     /usr/lib/x86_64-linux-gnu/libharfbuzz.so.0.927.0
7f91aa79e000-7f91aa99e000 ---p 00053000 08:0a 532529                     /usr/lib/x86_64-linux-gnu/libharfbuzz.so.0.927.0
7f91aa99e000-7f91aa99f000 r--p 00053000 08:0a 532529                     /usr/lib/x86_64-linux-gnu/libharfbuzz.so.0.927.0
7f91aa99f000-7f91aa9a0000 rw-p 00054000 08:0a 532529                     /usr/lib/x86_64-linux-gnu/libharfbuzz.so.0.927.0
7f91aa9a0000-7f91aa9a2000 r-xp 00000000 08:0a 532170                     /usr/lib/x86_64-linux-gnu/libXdamage.so.1.1.0
7f91aa9a2000-7f91aaba1000 ---p 00002000 08:0a 532170                     /usr/lib/x86_64-linux-gnu/libXdamage.so.1.1.0
7f91aaba1000-7f91aaba2000 r--p 00001000 08:0a 532170                     /usr/lib/x86_64-linux-gnu/libXdamage.so.1.1.0
7f91aaba2000-7f91aaba3000 rw-p 00002000 08:0a 532170                     /usr/lib/x86_64-linux-gnu/libXdamage.so.1.1.0
7f91aaba3000-7f91aabac000 r-xp 00000000 08:0a 532194                     /usr/lib/x86_64-linux-gnu/libXrandr.so.2.2.0
7f91aabac000-7f91aadab000 ---p 00009000 08:0a 532194                     /usr/lib/x86_64-linux-gnu/libXrandr.so.2.2.0
7f91aadab000-7f91aadac000 r--p 00008000 08:0a 532194                     /usr/lib/x86_64-linux-gnu/libXrandr.so.2.2.0
7f91aadac000-7f91aadad000 rw-p 00009000 08:0a 532194                     /usr/lib/x86_64-linux-gnu/libXrandr.so.2.2.0
7f91aadad000-7f91aadaf000 r-xp 00000000 08:0a 532184                     /usr/lib/x86_64-linux-gnu/libXinerama.so.1.0.0
7f91aadaf000-7f91aafae000 ---p 00002000 08:0a 532184                     /usr/lib/x86_64-linux-gnu/libXinerama.so.1.0.0
7f91aafae000-7f91aafaf000 r--p 00001000 08:0a 532184                     /usr/lib/x86_64-linux-gnu/libXinerama.so.1.0.0
7f91aafaf000-7f91aafb0000 rw-p 00002000 08:0a 532184                     /usr/lib/x86_64-linux-gnu/libXinerama.so.1.0.0
7f91aafb0000-7f91aafb1000 r-xp 00000000 08:0a 532689                     /usr/lib/x86_64-linux-gnu/libgthread-2.0.so.0.4002.0
7f91aafb1000-7f91ab1b0000 ---p 00001000 08:0a 532689                     /usr/lib/x86_64-linux-gnu/libgthread-2.0.so.0.4002.0
7f91ab1b0000-7f91ab1b1000 r--p 00000000 08:0a 532689                     /usr/lib/x86_64-linux-gnu/libgthread-2.0.so.0.4002.0
7f91ab1b1000-7f91ab1b2000 rw-p 00001000 08:0a 532689                     /usr/lib/x86_64-linux-gnu/libgthread-2.0.so.0.4002.0
7f91ab1b2000-7f91ab1fc000 r-xp 00000000 08:0a 532904                     /usr/lib/x86_64-linux-gnu/libpango-1.0.so.0.3600.3
7f91ab1fc000-7f91ab3fc000 ---p 0004a000 08:0a 532904                     /usr/lib/x86_64-linux-gnu/libpango-1.0.so.0.3600.3
7f91ab3fc000-7f91ab3fe000 r--p 0004a000 08:0a 532904                     /usr/lib/x86_64-linux-gnu/libpango-1.0.so.0.3600.3
7f91ab3fe000-7f91ab3ff000 rw-p 0004c000 08:0a 532904                     /usr/lib/x86_64-linux-gnu/libpango-1.0.so.0.3600.3
7f91ab3ff000-7f91ab505000 r-xp 00000000 08:0a 532294                     /usr/lib/x86_64-linux-gnu/libcairo.so.2.11301.0
7f91ab505000-7f91ab704000 ---p 00106000 08:0a 532294                     /usr/lib/x86_64-linux-gnu/libcairo.so.2.11301.0
7f91ab704000-7f91ab707000 r--p 00105000 08:0a 532294                     /usr/lib/x86_64-linux-gnu/libcairo.so.2.11301.0
7f91ab707000-7f91ab708000 rw-p 00108000 08:0a 532294                     /usr/lib/x86_64-linux-gnu/libcairo.so.2.11301.0
7f91ab708000-7f91ab70a000 rw-p 00000000 00:00 0 
7f91ab70a000-7f91ab72a000 r-xp 00000000 08:0a 561426                     /usr/lib/x86_64-linux-gnu/libgdk_pixbuf-2.0.so.0.3000.7
7f91ab72a000-7f91ab929000 ---p 00020000 08:0a 561426                     /usr/lib/x86_64-linux-gnu/libgdk_pixbuf-2.0.so.0.3000.7
7f91ab929000-7f91ab92a000 r--p 0001f000 08:0a 561426                     /usr/lib/x86_64-linux-gnu/libgdk_pixbuf-2.0.so.0.3000.7
7f91ab92a000-7f91ab92b000 rw-p 00020000 08:0a 561426                     /usr/lib/x86_64-linux-gnu/libgdk_pixbuf-2.0.so.0.3000.7
7f91ab92b000-7f91ab936000 r-xp 00000000 08:0a 532906                     /usr/lib/x86_64-linux-gnu/libpangocairo-1.0.so.0.3600.3
7f91ab936000-7f91abb36000 ---p 0000b000 08:0a 532906                     /usr/lib/x86_64-linux-gnu/libpangocairo-1.0.so.0.3600.3
7f91abb36000-7f91abb37000 r--p 0000b000 08:0a 532906                     /usr/lib/x86_64-linux-gnu/libpangocairo-1.0.so.0.3600.3
7f91abb37000-7f91abb38000 rw-p 0000c000 08:0a 532906                     /usr/lib/x86_64-linux-gnu/libpangocairo-1.0.so.0.3600.3
7f91abb38000-7f91abb4c000 r-xp 00000000 08:0a 532908                     /usr/lib/x86_64-linux-gnu/libpangoft2-1.0.so.0.3600.3
7f91abb4c000-7f91abd4b000 ---p 00014000 08:0a 532908                     /usr/lib/x86_64-linux-gnu/libpangoft2-1.0.so.0.3600.3
7f91abd4b000-7f91abd4c000 r--p 00013000 08:0a 532908                     /usr/lib/x86_64-linux-gnu/libpangoft2-1.0.so.0.3600.3
7f91abd4c000-7f91abd4d000 rw-p 00014000 08:0a 532908                     /usr/lib/x86_64-linux-gnu/libpangoft2-1.0.so.0.3600.3
7f91abd4d000-7f91abdfa000 r-xp 00000000 08:0a 532528                     /usr/lib/x86_64-linux-gnu/libgdk-x11-2.0.so.0.2400.23
7f91abdfa000-7f91abffa000 ---p 000ad000 08:0a 532528                     /usr/lib/x86_64-linux-gnu/libgdk-x11-2.0.so.0.2400.23
7f91abffa000-7f91abffe000 r--p 000ad000 08:0a 532528                     /usr/lib/x86_64-linux-gnu/libgdk-x11-2.0.so.0.2400.23
7f91abffe000-7f91ac000000 rw-p 000b1000 08:0a 532528                     /usr/lib/x86_64-linux-gnu/libgdk-x11-2.0.so.0.2400.23
7f91ac000000-7f91ac021000 rw-p 00000000 00:00 0 
7f91ac021000-7f91b0000000 ---p 00000000 00:00 0 
7f91b005f000-7f91b007e000 r-xp 00000000 08:0a 532255                     /usr/lib/x86_64-linux-gnu/libatk-1.0.so.0.21009.1
7f91b007e000-7f91b027e000 ---p 0001f000 08:0a 532255                     /usr/lib/x86_64-linux-gnu/libatk-1.0.so.0.21009.1
7f91b027e000-7f91b0280000 r--p 0001f000 08:0a 532255                     /usr/lib/x86_64-linux-gnu/libatk-1.0.so.0.21009.1
7f91b0280000-7f91b0281000 rw-p 00021000 08:0a 532255                     /usr/lib/x86_64-linux-gnu/libatk-1.0.so.0.21009.1
7f91b0281000-7f91b06b1000 r-xp 00000000 08:0a 532693                     /usr/lib/x86_64-linux-gnu/libgtk-x11-2.0.so.0.2400.23
7f91b06b1000-7f91b08b0000 ---p 00430000 08:0a 532693                     /usr/lib/x86_64-linux-gnu/libgtk-x11-2.0.so.0.2400.23
7f91b08b0000-7f91b08b7000 r--p 0042f000 08:0a 532693                     /usr/lib/x86_64-linux-gnu/libgtk-x11-2.0.so.0.2400.23
7f91b08b7000-7f91b08bb000 rw-p 00436000 08:0a 532693                     /usr/lib/x86_64-linux-gnu/libgtk-x11-2.0.so.0.2400.23
7f91b08bb000-7f91b08be000 rw-p 00000000 00:00 0 
7f91b08be000-7f91b08d8000 r-xp 00000000 08:0a 218842                     /home/roma/.javacpp/cache/opencv-3.2.0-1.3-linux-x86_64.jar/org/bytedeco/javacpp/linux-x86_64/libopencv_videoio.so.3.2
7f91b08d8000-7f91b0ad8000 ---p 0001a000 08:0a 218842                     /home/roma/.javacpp/cache/opencv-3.2.0-1.3-linux-x86_64.jar/org/bytedeco/javacpp/linux-x86_64/libopencv_videoio.so.3.2
7f91b0ad8000-7f91b0ad9000 rw-p 0001a000 08:0a 218842                     /home/roma/.javacpp/cache/opencv-3.2.0-1.3-linux-x86_64.jar/org/bytedeco/javacpp/linux-x86_64/libopencv_videoio.so.3.2
7f91b0ad9000-7f91b0ddd000 rw-p 00000000 00:00 0 
7f91b0ddd000-7f91b0e02000 r-xp 00000000 08:0a 218294                     /home/roma/.javacpp/cache/opencv-3.2.0-1.3-linux-x86_64.jar/org/bytedeco/javacpp/linux-x86_64/libjniopencv_imgcodecs.so
7f91b0e02000-7f91b1001000 ---p 00025000 08:0a 218294                     /home/roma/.javacpp/cache/opencv-3.2.0-1.3-linux-x86_64.jar/org/bytedeco/javacpp/linux-x86_64/libjniopencv_imgcodecs.so
7f91b1001000-7f91b1002000 rw-p 00024000 08:0a 218294                     /home/roma/.javacpp/cache/opencv-3.2.0-1.3-linux-x86_64.jar/org/bytedeco/javacpp/linux-x86_64/libjniopencv_imgcodecs.so
7f91b1002000-7f91b123c000 r-xp 00000000 08:0a 218292                     /home/roma/.javacpp/cache/opencv-3.2.0-1.3-linux-x86_64.jar/org/bytedeco/javacpp/linux-x86_64/libopencv_imgcodecs.so.3.2
7f91b123c000-7f91b143c000 ---p 0023a000 08:0a 218292                     /home/roma/.javacpp/cache/opencv-3.2.0-1.3-linux-x86_64.jar/org/bytedeco/javacpp/linux-x86_64/libopencv_imgcodecs.so.3.2
7f91b143c000-7f91b144a000 rw-p 0023a000 08:0a 218292                     /home/roma/.javacpp/cache/opencv-3.2.0-1.3-linux-x86_64.jar/org/bytedeco/javacpp/linux-x86_64/libopencv_imgcodecs.so.3.2
7f91b144a000-7f91b1455000 rw-p 00000000 00:00 0 
7f91b1455000-7f91b155f000 r-xp 00000000 08:0a 218291                     /home/roma/.javacpp/cache/opencv-3.2.0-1.3-linux-x86_64.jar/org/bytedeco/javacpp/linux-x86_64/libjniopencv_imgproc.so
7f91b155f000-7f91b175e000 ---p 0010a000 08:0a 218291                     /home/roma/.javacpp/cache/opencv-3.2.0-1.3-linux-x86_64.jar/org/bytedeco/javacpp/linux-x86_64/libjniopencv_imgproc.so
7f91b175e000-7f91b1760000 rw-p 00109000 08:0a 218291                     /home/roma/.javacpp/cache/opencv-3.2.0-1.3-linux-x86_64.jar/org/bytedeco/javacpp/linux-x86_64/libjniopencv_imgproc.so
7f91b1760000-7f91b1763000 ---p 00000000 00:00 0 
7f91b1763000-7f91b1861000 rw-p 00000000 00:00 0 
7f91b1861000-7f91b1866000 r-xp 00000000 08:0a 532176                     /usr/lib/x86_64-linux-gnu/libXfixes.so.3.1.0
7f91b1866000-7f91b1a65000 ---p 00005000 08:0a 532176                     /usr/lib/x86_64-linux-gnu/libXfixes.so.3.1.0
7f91b1a65000-7f91b1a66000 r--p 00004000 08:0a 532176                     /usr/lib/x86_64-linux-gnu/libXfixes.so.3.1.0
7f91b1a66000-7f91b1a67000 rw-p 00005000 08:0a 532176                     /usr/lib/x86_64-linux-gnu/libXfixes.so.3.1.0
7f91b1a67000-7f91b1a70000 r-xp 00000000 08:0a 532168                     /usr/lib/x86_64-linux-gnu/libXcursor.so.1.0.2
7f91b1a70000-7f91b1c6f000 ---p 00009000 08:0a 532168                     /usr/lib/x86_64-linux-gnu/libXcursor.so.1.0.2
7f91b1c6f000-7f91b1c70000 r--p 00008000 08:0a 532168                     /usr/lib/x86_64-linux-gnu/libXcursor.so.1.0.2
7f91b1c70000-7f91b1c71000 rw-p 00009000 08:0a 532168                     /usr/lib/x86_64-linux-gnu/libXcursor.so.1.0.2
7f91b1c71000-7f91b1f00000 r-xp 00000000 08:0a 218289                     /home/roma/.javacpp/cache/opencv-3.2.0-1.3-linux-x86_64.jar/org/bytedeco/javacpp/linux-x86_64/libjniopencv_core.so
7f91b1f00000-7f91b20ff000 ---p 0028f000 08:0a 218289                     /home/roma/.javacpp/cache/opencv-3.2.0-1.3-linux-x86_64.jar/org/bytedeco/javacpp/linux-x86_64/libjniopencv_core.so
7f91b20ff000-7f91b2102000 rw-p 0028e000 08:0a 218289                     /home/roma/.javacpp/cache/opencv-3.2.0-1.3-linux-x86_64.jar/org/bytedeco/javacpp/linux-x86_64/libjniopencv_core.so
7f91b2102000-7f91b2103000 rw-p 00000000 00:00 0 
7f91b2103000-7f91b2344000 r-xp 00000000 08:0a 218287                     /home/roma/.javacpp/cache/opencv-3.2.0-1.3-linux-x86_64.jar/org/bytedeco/javacpp/linux-x86_64/libopencv_imgproc.so.3.2
7f91b2344000-7f91b2544000 ---p 00241000 08:0a 218287                     /home/roma/.javacpp/cache/opencv-3.2.0-1.3-linux-x86_64.jar/org/bytedeco/javacpp/linux-x86_64/libopencv_imgproc.so.3.2
7f91b2544000-7f91b2556000 rw-p 00241000 08:0a 218287                     /home/roma/.javacpp/cache/opencv-3.2.0-1.3-linux-x86_64.jar/org/bytedeco/javacpp/linux-x86_64/libopencv_imgproc.so.3.2
7f91b2556000-7f91b25eb000 rw-p 00000000 00:00 0 
7f91b25eb000-7f91b2803000 r-xp 00000000 08:0a 218285                     /home/roma/.javacpp/cache/opencv-3.2.0-1.3-linux-x86_64.jar/org/bytedeco/javacpp/linux-x86_64/libopencv_core.so.3.2
7f91b2803000-7f91b2a03000 ---p 00218000 08:0a 218285                     /home/roma/.javacpp/cache/opencv-3.2.0-1.3-linux-x86_64.jar/org/bytedeco/javacpp/linux-x86_64/libopencv_core.so.3.2
7f91b2a03000-7f91b2a0a000 rw-p 00218000 08:0a 218285                     /home/roma/.javacpp/cache/opencv-3.2.0-1.3-linux-x86_64.jar/org/bytedeco/javacpp/linux-x86_64/libopencv_core.so.3.2
7f91b2a0a000-7f91b2a0c000 rw-p 00000000 00:00 0 
7f91b2a0c000-7f91b2a21000 r-xp 00000000 08:0a 217677                     /home/roma/.javacpp/cache/opencv-3.2.0-1.3-linux-x86_64.jar/org/bytedeco/javacpp/linux-x86_64/libgomp.so.1
7f91b2a21000-7f91b2c20000 ---p 00015000 08:0a 217677                     /home/roma/.javacpp/cache/opencv-3.2.0-1.3-linux-x86_64.jar/org/bytedeco/javacpp/linux-x86_64/libgomp.so.1
7f91b2c20000-7f91b2c21000 rw-p 00014000 08:0a 217677                     /home/roma/.javacpp/cache/opencv-3.2.0-1.3-linux-x86_64.jar/org/bytedeco/javacpp/linux-x86_64/libgomp.so.1
7f91b2c21000-7f91b2c24000 ---p 00000000 00:00 0 
7f91b2c24000-7f91b2d22000 rw-p 00000000 00:00 0 
7f91b2d22000-7f91b2d39000 r-xp 00000000 08:0a 411695                     /usr/lib/jvm/java-7-openjdk-amd64/jre/lib/amd64/libnet.so
7f91b2d39000-7f91b2f38000 ---p 00017000 08:0a 411695                     /usr/lib/jvm/java-7-openjdk-amd64/jre/lib/amd64/libnet.so
7f91b2f38000-7f91b2f39000 r--p 00016000 08:0a 411695                     /usr/lib/jvm/java-7-openjdk-amd64/jre/lib/amd64/libnet.so
7f91b2f39000-7f91b2f3a000 rw-p 00017000 08:0a 411695                     /usr/lib/jvm/java-7-openjdk-amd64/jre/lib/amd64/libnet.so
7f91b2f3a000-7f91b2f4a000 r-xp 00000000 08:0a 411675                     /usr/lib/jvm/java-7-openjdk-amd64/jre/lib/amd64/libnio.so
7f91b2f4a000-7f91b314a000 ---p 00010000 08:0a 411675                     /usr/lib/jvm/java-7-openjdk-amd64/jre/lib/amd64/libnio.so
7f91b314a000-7f91b314b000 r--p 00010000 08:0a 411675                     /usr/lib/jvm/java-7-openjdk-amd64/jre/lib/amd64/libnio.so
7f91b314b000-7f91b314c000 rw-p 00011000 08:0a 411675                     /usr/lib/jvm/java-7-openjdk-amd64/jre/lib/amd64/libnio.so
7f91b314c000-7f91b3189000 r-xp 00000000 08:0a 657005                     /lib/x86_64-linux-gnu/libpcre.so.3.13.1
7f91b3189000-7f91b3388000 ---p 0003d000 08:0a 657005                     /lib/x86_64-linux-gnu/libpcre.so.3.13.1
7f91b3388000-7f91b3389000 r--p 0003c000 08:0a 657005                     /lib/x86_64-linux-gnu/libpcre.so.3.13.1
7f91b3389000-7f91b338a000 rw-p 0003d000 08:0a 657005                     /lib/x86_64-linux-gnu/libpcre.so.3.13.1
7f91b338a000-7f91b33af000 r-xp 00000000 08:0a 657017                     /lib/x86_64-linux-gnu/libpng12.so.0.50.0
7f91b33af000-7f91b35ae000 ---p 00025000 08:0a 657017                     /lib/x86_64-linux-gnu/libpng12.so.0.50.0
7f91b35ae000-7f91b35af000 r--p 00024000 08:0a 657017                     /lib/x86_64-linux-gnu/libpng12.so.0.50.0
7f91b35af000-7f91b35b0000 rw-p 00025000 08:0a 657017                     /lib/x86_64-linux-gnu/libpng12.so.0.50.0
7f91b35b0000-7f91b35b5000 r-xp 00000000 08:0a 532172                     /usr/lib/x86_64-linux-gnu/libXdmcp.so.6.0.0
7f91b35b5000-7f91b37b4000 ---p 00005000 08:0a 532172                     /usr/lib/x86_64-linux-gnu/libXdmcp.so.6.0.0
7f91b37b4000-7f91b37b5000 r--p 00004000 08:0a 532172                     /usr/lib/x86_64-linux-gnu/libXdmcp.so.6.0.0
7f91b37b5000-7f91b37b6000 rw-p 00005000 08:0a 532172                     /usr/lib/x86_64-linux-gnu/libXdmcp.so.6.0.0
7f91b37b6000-7f91b37b8000 r-xp 00000000 08:0a 532161                     /usr/lib/x86_64-linux-gnu/libXau.so.6.0.0
7f91b37b8000-7f91b39b8000 ---p 00002000 08:0a 532161                     /usr/lib/x86_64-linux-gnu/libXau.so.6.0.0
7f91b39b8000-7f91b39b9000 r--p 00002000 08:0a 532161                     /usr/lib/x86_64-linux-gnu/libXau.so.6.0.0
7f91b39b9000-7f91b39ba000 rw-p 00003000 08:0a 532161                     /usr/lib/x86_64-linux-gnu/libXau.so.6.0.0
7f91b39ba000-7f91b39c1000 r-xp 00000000 08:0a 532453                     /usr/lib/x86_64-linux-gnu/libffi.so.6.0.1
7f91b39c1000-7f91b3bc0000 ---p 00007000 08:0a 532453                     /usr/lib/x86_64-linux-gnu/libffi.so.6.0.1
7f91b3bc0000-7f91b3bc1000 r--p 00006000 08:0a 532453                     /usr/lib/x86_64-linux-gnu/libffi.so.6.0.1
7f91b3bc1000-7f91b3bc2000 rw-p 00007000 08:0a 532453                     /usr/lib/x86_64-linux-gnu/libffi.so.6.0.1
7f91b3bc2000-7f91b3bd9000 r-xp 00000000 08:0a 724278                     /lib/x86_64-linux-gnu/libresolv-2.19.so
7f91b3bd9000-7f91b3dd9000 ---p 00017000 08:0a 724278                     /lib/x86_64-linux-gnu/libresolv-2.19.so
7f91b3dd9000-7f91b3dda000 r--p 00017000 08:0a 724278                     /lib/x86_64-linux-gnu/libresolv-2.19.so
7f91b3dda000-7f91b3ddb000 rw-p 00018000 08:0a 724278                     /lib/x86_64-linux-gnu/libresolv-2.19.so
7f91b3ddb000-7f91b3ddd000 rw-p 00000000 00:00 0 
7f91b3ddd000-7f91b3dfd000 r-xp 00000000 08:0a 657032                     /lib/x86_64-linux-gnu/libselinux.so.1
7f91b3dfd000-7f91b3ffc000 ---p 00020000 08:0a 657032                     /lib/x86_64-linux-gnu/libselinux.so.1
7f91b3ffc000-7f91b3ffd000 r--p 0001f000 08:0a 657032                     /lib/x86_64-linux-gnu/libselinux.so.1
7f91b3ffd000-7f91b3ffe000 rw-p 00020000 08:0a 657032                     /lib/x86_64-linux-gnu/libselinux.so.1
7f91b3ffe000-7f91b4000000 rw-p 00000000 00:00 0 
7f91b4000000-7f91b4021000 rw-p 00000000 00:00 0 
7f91b4021000-7f91b8000000 ---p 00000000 00:00 0 
7f91b8000000-7f91b8021000 rw-p 00000000 00:00 0 
7f91b8021000-7f91bc000000 ---p 00000000 00:00 0 
7f91bc000000-7f91bc344000 rw-p 00000000 00:00 0 
7f91bc344000-7f91c0000000 ---p 00000000 00:00 0 
7f91c0000000-7f91c035a000 rw-p 00000000 00:00 0 
7f91c035a000-7f91c4000000 ---p 00000000 00:00 0 
7f91c4000000-7f91c4023000 rw-p 00000000 00:00 0 
7f91c4023000-7f91c8000000 ---p 00000000 00:00 0 
7f91c8000000-7f91c8021000 rw-p 00000000 00:00 0 
7f91c8021000-7f91cc000000 ---p 00000000 00:00 0 
7f91cc000000-7f91cc021000 rw-p 00000000 00:00 0 
7f91cc021000-7f91d0000000 ---p 00000000 00:00 0 
7f91d0000000-7f91d0041000 rw-p 00000000 00:00 0 
7f91d0041000-7f91d4000000 ---p 00000000 00:00 0 
7f91d4000000-7f91d4021000 rw-p 00000000 00:00 0 
7f91d4021000-7f91d8000000 ---p 00000000 00:00 0 
7f91d8000000-7f91d8021000 rw-p 00000000 00:00 0 
7f91d8021000-7f91dc000000 ---p 00000000 00:00 0 
7f91dc000000-7f91dc021000 rw-p 00000000 00:00 0 
7f91dc021000-7f91e0000000 ---p 00000000 00:00 0 
7f91e0000000-7f91e0021000 rw-p 00000000 00:00 0 
7f91e0021000-7f91e4000000 ---p 00000000 00:00 0 
7f91e4000000-7f91e4021000 rw-p 00000000 00:00 0 
7f91e4021000-7f91e8000000 ---p 00000000 00:00 0 
7f91e800f000-7f91e8012000 ---p 00000000 00:00 0 
7f91e8012000-7f91e8141000 rw-p 00000000 00:00 0 
7f91e8141000-7f91e8247000 r-xp 00000000 08:0a 656933                     /lib/x86_64-linux-gnu/libglib-2.0.so.0.4002.0
7f91e8247000-7f91e8446000 ---p 00106000 08:0a 656933                     /lib/x86_64-linux-gnu/libglib-2.0.so.0.4002.0
7f91e8446000-7f91e8447000 r--p 00105000 08:0a 656933                     /lib/x86_64-linux-gnu/libglib-2.0.so.0.4002.0
7f91e8447000-7f91e8448000 rw-p 00106000 08:0a 656933                     /lib/x86_64-linux-gnu/libglib-2.0.so.0.4002.0
7f91e8448000-7f91e8449000 rw-p 00000000 00:00 0 
7f91e8449000-7f91e844c000 r-xp 00000000 08:0a 532566                     /usr/lib/x86_64-linux-gnu/libgmodule-2.0.so.0.4002.0
7f91e844c000-7f91e864b000 ---p 00003000 08:0a 532566                     /usr/lib/x86_64-linux-gnu/libgmodule-2.0.so.0.4002.0
7f91e864b000-7f91e864c000 r--p 00002000 08:0a 532566                     /usr/lib/x86_64-linux-gnu/libgmodule-2.0.so.0.4002.0
7f91e864c000-7f91e864d000 rw-p 00003000 08:0a 532566                     /usr/lib/x86_64-linux-gnu/libgmodule-2.0.so.0.4002.0
7f91e864d000-7f91e8674000 r-xp 00000000 08:0a 656924                     /lib/x86_64-linux-gnu/libexpat.so.1.6.0
7f91e8674000-7f91e8874000 ---p 00027000 08:0a 656924                     /lib/x86_64-linux-gnu/libexpat.so.1.6.0
7f91e8874000-7f91e8876000 r--p 00027000 08:0a 656924                     /lib/x86_64-linux-gnu/libexpat.so.1.6.0
7f91e8876000-7f91e8877000 rw-p 00029000 08:0a 656924                     /lib/x86_64-linux-gnu/libexpat.so.1.6.0
7f91e8877000-7f91e8914000 r-xp 00000000 08:0a 532466                     /usr/lib/x86_64-linux-gnu/libfreetype.so.6.11.1
7f91e8914000-7f91e8b13000 ---p 0009d000 08:0a 532466                     /usr/lib/x86_64-linux-gnu/libfreetype.so.6.11.1
7f91e8b13000-7f91e8b19000 r--p 0009c000 08:0a 532466                     /usr/lib/x86_64-linux-gnu/libfreetype.so.6.11.1
7f91e8b19000-7f91e8b1a000 rw-p 000a2000 08:0a 532466                     /usr/lib/x86_64-linux-gnu/libfreetype.so.6.11.1
7f91e8b1a000-7f91e8b37000 r-xp 00000000 08:0a 533234                     /usr/lib/x86_64-linux-gnu/libxcb.so.1.1.0
7f91e8b37000-7f91e8d37000 ---p 0001d000 08:0a 533234                     /usr/lib/x86_64-linux-gnu/libxcb.so.1.1.0
7f91e8d37000-7f91e8d38000 r--p 0001d000 08:0a 533234                     /usr/lib/x86_64-linux-gnu/libxcb.so.1.1.0
7f91e8d38000-7f91e8d39000 rw-p 0001e000 08:0a 533234                     /usr/lib/x86_64-linux-gnu/libxcb.so.1.1.0
7f91e8d39000-7f91e8d88000 r-xp 00000000 08:0a 532582                     /usr/lib/x86_64-linux-gnu/libgobject-2.0.so.0.4002.0
7f91e8d88000-7f91e8f88000 ---p 0004f000 08:0a 532582                     /usr/lib/x86_64-linux-gnu/libgobject-2.0.so.0.4002.0
7f91e8f88000-7f91e8f89000 r--p 0004f000 08:0a 532582                     /usr/lib/x86_64-linux-gnu/libgobject-2.0.so.0.4002.0
7f91e8f89000-7f91e8f8a000 rw-p 00050000 08:0a 532582                     /usr/lib/x86_64-linux-gnu/libgobject-2.0.so.0.4002.0
7f91e8f8a000-7f91e90f6000 r-xp 00000000 08:0a 532554                     /usr/lib/x86_64-linux-gnu/libgio-2.0.so.0.4002.0
7f91e90f6000-7f91e92f5000 ---p 0016c000 08:0a 532554                     /usr/lib/x86_64-linux-gnu/libgio-2.0.so.0.4002.0
7f91e92f5000-7f91e92f9000 r--p 0016b000 08:0a 532554                     /usr/lib/x86_64-linux-gnu/libgio-2.0.so.0.4002.0
7f91e92f9000-7f91e92fb000 rw-p 0016f000 08:0a 532554                     /usr/lib/x86_64-linux-gnu/libgio-2.0.so.0.4002.0
7f91e92fb000-7f91e92fd000 rw-p 00000000 00:00 0 
7f91e92fd000-7f91e9337000 r-xp 00000000 08:0a 561422                     /usr/lib/x86_64-linux-gnu/libfontconfig.so.1.8.0
7f91e9337000-7f91e9536000 ---p 0003a000 08:0a 561422                     /usr/lib/x86_64-linux-gnu/libfontconfig.so.1.8.0
7f91e9536000-7f91e9538000 r--p 00039000 08:0a 561422                     /usr/lib/x86_64-linux-gnu/libfontconfig.so.1.8.0
7f91e9538000-7f91e9539000 rw-p 0003b000 08:0a 561422                     /usr/lib/x86_64-linux-gnu/libfontconfig.so.1.8.0
7f91e9539000-7f91e9548000 r-xp 00000000 08:0a 532182                     /usr/lib/x86_64-linux-gnu/libXi.so.6.1.0
7f91e9548000-7f91e9747000 ---p 0000f000 08:0a 532182                     /usr/lib/x86_64-linux-gnu/libXi.so.6.1.0
7f91e9747000-7f91e9748000 r--p 0000e000 08:0a 532182                     /usr/lib/x86_64-linux-gnu/libXi.so.6.1.0
7f91e9748000-7f91e9749000 rw-p 0000f000 08:0a 532182                     /usr/lib/x86_64-linux-gnu/libXi.so.6.1.0
7f91e9749000-7f91e974e000 r-xp 00000000 08:0a 532202                     /usr/lib/x86_64-linux-gnu/libXtst.so.6.1.0
7f91e974e000-7f91e994d000 ---p 00005000 08:0a 532202                     /usr/lib/x86_64-linux-gnu/libXtst.so.6.1.0
7f91e994d000-7f91e994e000 r--p 00004000 08:0a 532202                     /usr/lib/x86_64-linux-gnu/libXtst.so.6.1.0
7f91e994e000-7f91e994f000 rw-p 00005000 08:0a 532202                     /usr/lib/x86_64-linux-gnu/libXtst.so.6.1.0
7f91e994f000-7f91e9951000 r-xp 00000000 08:0a 532166                     /usr/lib/x86_64-linux-gnu/libXcomposite.so.1.0.0
7f91e9951000-7f91e9b50000 ---p 00002000 08:0a 532166                     /usr/lib/x86_64-linux-gnu/libXcomposite.so.1.0.0
7f91e9b50000-7f91e9b51000 r--p 00001000 08:0a 532166                     /usr/lib/x86_64-linux-gnu/libXcomposite.so.1.0.0
7f91e9b51000-7f91e9b52000 rw-p 00002000 08:0a 532166                     /usr/lib/x86_64-linux-gnu/libXcomposite.so.1.0.0
7f91e9b52000-7f91e9b5b000 r-xp 00000000 08:0a 532196                     /usr/lib/x86_64-linux-gnu/libXrender.so.1.3.0
7f91e9b5b000-7f91e9d5a000 ---p 00009000 08:0a 532196                     /usr/lib/x86_64-linux-gnu/libXrender.so.1.3.0
7f91e9d5a000-7f91e9d5b000 r--p 00008000 08:0a 532196                     /usr/lib/x86_64-linux-gnu/libXrender.so.1.3.0
7f91e9d5b000-7f91e9d5c000 rw-p 00009000 08:0a 532196                     /usr/lib/x86_64-linux-gnu/libXrender.so.1.3.0
7f91e9d5c000-7f91e9e8c000 r-xp 00000000 08:0a 532157                     /usr/lib/x86_64-linux-gnu/libX11.so.6.3.0
7f91e9e8c000-7f91ea08c000 ---p 00130000 08:0a 532157                     /usr/lib/x86_64-linux-gnu/libX11.so.6.3.0
7f91ea08c000-7f91ea08d000 r--p 00130000 08:0a 532157                     /usr/lib/x86_64-linux-gnu/libX11.so.6.3.0
7f91ea08d000-7f91ea091000 rw-p 00131000 08:0a 532157                     /usr/lib/x86_64-linux-gnu/libX11.so.6.3.0
7f91ea091000-7f91ea0a2000 r-xp 00000000 08:0a 532174                     /usr/lib/x86_64-linux-gnu/libXext.so.6.4.0
7f91ea0a2000-7f91ea2a1000 ---p 00011000 08:0a 532174                     /usr/lib/x86_64-linux-gnu/libXext.so.6.4.0
7f91ea2a1000-7f91ea2a2000 r--p 00010000 08:0a 532174                     /usr/lib/x86_64-linux-gnu/libXext.so.6.4.0
7f91ea2a2000-7f91ea2a3000 rw-p 00011000 08:0a 532174                     /usr/lib/x86_64-linux-gnu/libXext.so.6.4.0
7f91ea2be000-7f91ea306000 r-xp 00000000 08:0a 411754                     /usr/lib/jvm/java-7-openjdk-amd64/jre/lib/amd64/xawt/libmawt.so
7f91ea306000-7f91ea505000 ---p 00048000 08:0a 411754                     /usr/lib/jvm/java-7-openjdk-amd64/jre/lib/amd64/xawt/libmawt.so
7f91ea505000-7f91ea506000 r--p 00047000 08:0a 411754                     /usr/lib/jvm/java-7-openjdk-amd64/jre/lib/amd64/xawt/libmawt.so
7f91ea506000-7f91ea509000 rw-p 00048000 08:0a 411754                     /usr/lib/jvm/java-7-openjdk-amd64/jre/lib/amd64/xawt/libmawt.so
7f91ea509000-7f91ea50a000 rw-p 00000000 00:00 0 
7f91ea50a000-7f91ea5aa000 r-xp 00000000 08:0a 411696                     /usr/lib/jvm/java-7-openjdk-amd64/jre/lib/amd64/libawt.so
7f91ea5aa000-7f91ea7aa000 ---p 000a0000 08:0a 411696                     /usr/lib/jvm/java-7-openjdk-amd64/jre/lib/amd64/libawt.so
7f91ea7aa000-7f91ea7ab000 r--p 000a0000 08:0a 411696                     /usr/lib/jvm/java-7-openjdk-amd64/jre/lib/amd64/libawt.so
7f91ea7ab000-7f91ea7b6000 rw-p 000a1000 08:0a 411696                     /usr/lib/jvm/java-7-openjdk-amd64/jre/lib/amd64/libawt.so
7f91ea7b6000-7f91ea7db000 rw-p 00000000 00:00 0 
7f91ea7db000-7f91ea7dc000 ---p 00000000 00:00 0 
7f91ea7dc000-7f91ea8dc000 rw-p 00000000 00:00 0 
7f91ea8dc000-7f91ea8df000 ---p 00000000 00:00 0 
7f91ea8df000-7f91ea9dd000 rw-p 00000000 00:00 0 
7f91ea9dd000-7f91ea9e0000 ---p 00000000 00:00 0 
7f91ea9e0000-7f91eaade000 rw-p 00000000 00:00 0 
7f91eaade000-7f91eaae1000 ---p 00000000 00:00 0 
7f91eaae1000-7f91eabdf000 rw-p 00000000 00:00 0 
7f91eabdf000-7f91eabe2000 ---p 00000000 00:00 0 
7f91eabe2000-7f91ed000000 rw-p 00000000 00:00 0 
7f91ed000000-7f91ed270000 rwxp 00000000 00:00 0 
7f91ed270000-7f91f06f6000 rw-p 00000000 00:00 0 
7f91f06f6000-7f91f4000000 ---p 00000000 00:00 0 
7f91f4008000-7f91f4009000 rw-p 00000000 00:00 0 
7f91f4009000-7f91f400d000 r--s 0004f000 08:0a 411642                     /usr/lib/jvm/java-7-openjdk-amd64/jre/lib/jsse.jar
7f91f400d000-7f91f4010000 r--s 00019000 08:0a 944614                     /opt/intellij-idea-community/lib/idea_rt.jar
7f91f4010000-7f91f401e000 r--s 00083000 08:0a 667898                     /home/roma/IdeaProjects/lab1/src/main/resources/opencv-3.0.0-1.0.jar
7f91f401e000-7f91f4020000 r--s 00009000 08:0a 565287                     /home/roma/.m2/repository/org/bytedeco/javacpp-presets/flandmark/1.07-1.3/flandmark-1.07-1.3-windows-x86_64.jar
7f91f4020000-7f91f4022000 r--s 00007000 08:0a 565301                     /home/roma/.m2/repository/org/bytedeco/javacpp-presets/flandmark/1.07-1.3/flandmark-1.07-1.3-windows-x86.jar
7f91f4022000-7f91f4023000 r--s 00009000 08:0a 565186                     /home/roma/.m2/repository/org/bytedeco/javacpp-presets/flandmark/1.07-1.3/flandmark-1.07-1.3-macosx-x86_64.jar
7f91f4023000-7f91f4025000 r--s 0000a000 08:0a 565297                     /home/roma/.m2/repository/org/bytedeco/javacpp-presets/flandmark/1.07-1.3/flandmark-1.07-1.3-linux-ppc64le.jar
7f91f4025000-7f91f4026000 r--s 00008000 08:0a 565295                     /home/roma/.m2/repository/org/bytedeco/javacpp-presets/flandmark/1.07-1.3/flandmark-1.07-1.3-linux-armhf.jar
7f91f4026000-7f91f4028000 r--s 00009000 08:0a 565293                     /home/roma/.m2/repository/org/bytedeco/javacpp-presets/flandmark/1.07-1.3/flandmark-1.07-1.3-linux-x86_64.jar
7f91f4028000-7f91f4029000 r--s 00009000 08:0a 565187                     /home/roma/.m2/repository/org/bytedeco/javacpp-presets/flandmark/1.07-1.3/flandmark-1.07-1.3-linux-x86.jar
7f91f4029000-7f91f402a000 r--s 0000a000 08:0a 565289                     /home/roma/.m2/repository/org/bytedeco/javacpp-presets/flandmark/1.07-1.3/flandmark-1.07-1.3-android-x86.jar
7f91f402a000-7f91f402b000 r--s 00009000 08:0a 565288                     /home/roma/.m2/repository/org/bytedeco/javacpp-presets/flandmark/1.07-1.3/flandmark-1.07-1.3-android-arm.jar
7f91f402b000-7f91f402c000 r--s 00000000 08:0a 565281                     /home/roma/.m2/repository/org/bytedeco/javacpp-presets/flandmark-platform/1.07-1.3/flandmark-platform-1.07-1.3.jar
7f91f402c000-7f91f402d000 r--s 00025000 08:0a 414400                     /home/roma/.m2/repository/org/bytedeco/javacpp-presets/artoolkitplus/2.3.1-1.3/artoolkitplus-2.3.1-1.3-windows-x86_64.jar
7f91f402d000-7f91f402f000 r--s 0001d000 08:0a 414398                     /home/roma/.m2/repository/org/bytedeco/javacpp-presets/artoolkitplus/2.3.1-1.3/artoolkitplus-2.3.1-1.3-windows-x86.jar
7f91f402f000-7f91f4030000 r--s 00029000 08:0a 414396                     /home/roma/.m2/repository/org/bytedeco/javacpp-presets/artoolkitplus/2.3.1-1.3/artoolkitplus-2.3.1-1.3-macosx-x86_64.jar
7f91f4030000-7f91f4032000 r--s 0002e000 08:0a 414394                     /home/roma/.m2/repository/org/bytedeco/javacpp-presets/artoolkitplus/2.3.1-1.3/artoolkitplus-2.3.1-1.3-linux-ppc64le.jar
7f91f4032000-7f91f4034000 r--s 00022000 08:0a 414392                     /home/roma/.m2/repository/org/bytedeco/javacpp-presets/artoolkitplus/2.3.1-1.3/artoolkitplus-2.3.1-1.3-linux-armhf.jar
7f91f4034000-7f91f4035000 r--s 0002a000 08:0a 414390                     /home/roma/.m2/repository/org/bytedeco/javacpp-presets/artoolkitplus/2.3.1-1.3/artoolkitplus-2.3.1-1.3-linux-x86_64.jar
7f91f4035000-7f91f4036000 r--s 00026000 08:0a 414388                     /home/roma/.m2/repository/org/bytedeco/javacpp-presets/artoolkitplus/2.3.1-1.3/artoolkitplus-2.3.1-1.3-linux-x86.jar
7f91f4036000-7f91f4037000 r--s 00062000 08:0a 414378                     /home/roma/.m2/repository/org/bytedeco/javacpp-presets/artoolkitplus/2.3.1-1.3/artoolkitplus-2.3.1-1.3-android-x86.jar
7f91f4037000-7f91f4038000 r--s 0004d000 08:0a 414386                     /home/roma/.m2/repository/org/bytedeco/javacpp-presets/artoolkitplus/2.3.1-1.3/artoolkitplus-2.3.1-1.3-android-arm.jar
7f91f4038000-7f91f4039000 r--s 00000000 08:0a 565279                     /home/roma/.m2/repository/org/bytedeco/javacpp-presets/artoolkitplus-platform/2.3.1-1.3/artoolkitplus-platform-2.3.1-1.3.jar
7f91f4039000-7f91f403a000 r--s 0000b000 08:0a 414377                     /home/roma/.m2/repository/org/bytedeco/javacpp-presets/videoinput/0.200-1.3/videoinput-0.200-1.3-windows-x86_64.jar
7f91f403a000-7f91f403b000 r--s 00009000 08:0a 414383                     /home/roma/.m2/repository/org/bytedeco/javacpp-presets/videoinput/0.200-1.3/videoinput-0.200-1.3-windows-x86.jar
7f91f403b000-7f91f403c000 r--s 00000000 08:0a 565277                     /home/roma/.m2/repository/org/bytedeco/javacpp-presets/videoinput-platform/0.200-1.3/videoinput-platform-0.200-1.3.jar
7f91f403c000-7f91f403d000 r--s 00076000 08:0a 667850                     /home/roma/.m2/repository/org/bytedeco/javacpp-presets/librealsense/1.9.6-1.3/librealsense-1.9.6-1.3-linux-x86_64.jar
7f91f403d000-7f91f403e000 r--s 00074000 08:0a 667843                     /home/roma/.m2/repository/org/bytedeco/javacpp-presets/librealsense/1.9.6-1.3/librealsense-1.9.6-1.3-linux-x86.jar
7f91f403e000-7f91f403f000 r--s 00000000 08:0a 565275                     /home/roma/.m2/repository/org/bytedeco/javacpp-presets/librealsense-platform/1.9.6-1.3/librealsense-platform-1.9.6-1.3.jar
7f91f403f000-7f91f4040000 r--s 00061000 08:0a 667842                     /home/roma/.m2/repository/org/bytedeco/javacpp-presets/libfreenect2/0.2.0-1.3/libfreenect2-0.2.0-1.3-linux-x86_64.jar
7f91f4040000-7f91f4042000 r--s 00065000 08:0a 667839                     /home/roma/.m2/repository/org/bytedeco/javacpp-presets/libfreenect2/0.2.0-1.3/libfreenect2-0.2.0-1.3-linux-x86.jar
7f91f4042000-7f91f4043000 r--s 00000000 08:0a 565273                     /home/roma/.m2/repository/org/bytedeco/javacpp-presets/libfreenect2-platform/0.2.0-1.3/libfreenect2-platform-0.2.0-1.3.jar
7f91f4043000-7f91f4044000 r--s 0002e000 08:0a 565271                     /home/roma/.m2/repository/org/bytedeco/javacpp-presets/libfreenect/0.5.3-1.3/libfreenect-0.5.3-1.3-windows-x86_64.jar
7f91f4044000-7f91f4045000 r--s 00028000 08:0a 565269                     /home/roma/.m2/repository/org/bytedeco/javacpp-presets/libfreenect/0.5.3-1.3/libfreenect-0.5.3-1.3-windows-x86.jar
7f91f4045000-7f91f4047000 r--s 0001a000 08:0a 565267                     /home/roma/.m2/repository/org/bytedeco/javacpp-presets/libfreenect/0.5.3-1.3/libfreenect-0.5.3-1.3-macosx-x86_64.jar
7f91f4047000-7f91f4048000 r--s 00015000 08:0a 565265                     /home/roma/.m2/repository/org/bytedeco/javacpp-presets/libfreenect/0.5.3-1.3/libfreenect-0.5.3-1.3-linux-ppc64le.jar
7f91f4048000-7f91f404a000 r--s 00011000 08:0a 565184                     /home/roma/.m2/repository/org/bytedeco/javacpp-presets/libfreenect/0.5.3-1.3/libfreenect-0.5.3-1.3-linux-armhf.jar
7f91f404a000-7f91f404b000 r--s 0001c000 08:0a 565264                     /home/roma/.m2/repository/org/bytedeco/javacpp-presets/libfreenect/0.5.3-1.3/libfreenect-0.5.3-1.3-linux-x86_64.jar
7f91f404b000-7f91f404c000 r--s 0001b000 08:0a 565261                     /home/roma/.m2/repository/org/bytedeco/javacpp-presets/libfreenect/0.5.3-1.3/libfreenect-0.5.3-1.3-linux-x86.jar
7f91f404c000-7f91f404d000 r--s 00000000 08:0a 565257                     /home/roma/.m2/repository/org/bytedeco/javacpp-presets/libfreenect-platform/0.5.3-1.3/libfreenect-platform-0.5.3-1.3.jar
7f91f404d000-7f91f404e000 r--s 0002d000 08:0a 565255                     /home/roma/.m2/repository/org/bytedeco/javacpp-presets/libdc1394/2.2.4-1.3/libdc1394-2.2.4-1.3-windows-x86_64.jar
7f91f404e000-7f91f4050000 r--s 00032000 08:0a 565253                     /home/roma/.m2/repository/org/bytedeco/javacpp-presets/libdc1394/2.2.4-1.3/libdc1394-2.2.4-1.3-windows-x86.jar
7f91f4050000-7f91f4051000 r--s 00031000 08:0a 565251                     /home/roma/.m2/repository/org/bytedeco/javacpp-presets/libdc1394/2.2.4-1.3/libdc1394-2.2.4-1.3-macosx-x86_64.jar
7f91f4051000-7f91f4052000 r--s 00034000 08:0a 565249                     /home/roma/.m2/repository/org/bytedeco/javacpp-presets/libdc1394/2.2.4-1.3/libdc1394-2.2.4-1.3-linux-ppc64le.jar
7f91f4052000-7f91f4053000 r--s 0001f000 08:0a 565247                     /home/roma/.m2/repository/org/bytedeco/javacpp-presets/libdc1394/2.2.4-1.3/libdc1394-2.2.4-1.3-linux-armhf.jar
7f91f4053000-7f91f4055000 r--s 0002f000 08:0a 565245                     /home/roma/.m2/repository/org/bytedeco/javacpp-presets/libdc1394/2.2.4-1.3/libdc1394-2.2.4-1.3-linux-x86_64.jar
7f91f4055000-7f91f4056000 r--s 0002d000 08:0a 565181                     /home/roma/.m2/repository/org/bytedeco/javacpp-presets/libdc1394/2.2.4-1.3/libdc1394-2.2.4-1.3-linux-x86.jar
7f91f4056000-7f91f4057000 r--s 00000000 08:0a 565241                     /home/roma/.m2/repository/org/bytedeco/javacpp-presets/libdc1394-platform/2.2.4-1.3/libdc1394-platform-2.2.4-1.3.jar
7f91f4057000-7f91f4058000 r--s 0003a000 08:0a 565239                     /home/roma/.m2/repository/org/bytedeco/javacpp-presets/flycapture/2.9.3.43-1.3/flycapture-2.9.3.43-1.3-windows-x86_64.jar
7f91f4058000-7f91f405a000 r--s 0002d000 08:0a 565237                     /home/roma/.m2/repository/org/bytedeco/javacpp-presets/flycapture/2.9.3.43-1.3/flycapture-2.9.3.43-1.3-windows-x86.jar
7f91f405a000-7f91f405b000 r--s 0002d000 08:0a 565235                     /home/roma/.m2/repository/org/bytedeco/javacpp-presets/flycapture/2.9.3.43-1.3/flycapture-2.9.3.43-1.3-linux-armhf.jar
7f91f405b000-7f91f405d000 r--s 0003a000 08:0a 565233                     /home/roma/.m2/repository/org/bytedeco/javacpp-presets/flycapture/2.9.3.43-1.3/flycapture-2.9.3.43-1.3-linux-x86_64.jar
7f91f405d000-7f91f405f000 r--s 00035000 08:0a 565179                     /home/roma/.m2/repository/org/bytedeco/javacpp-presets/flycapture/2.9.3.43-1.3/flycapture-2.9.3.43-1.3-linux-x86.jar
7f91f405f000-7f91f4060000 r--s 00000000 08:0a 565229                     /home/roma/.m2/repository/org/bytedeco/javacpp-presets/flycapture-platform/2.9.3.43-1.3/flycapture-platform-2.9.3.43-1.3.jar
7f91f4060000-7f91f4061000 r--s 00bdb000 08:0a 565227                     /home/roma/.m2/repository/org/bytedeco/javacpp-presets/ffmpeg/3.2.1-1.3/ffmpeg-3.2.1-1.3-windows-x86_64.jar
7f91f4061000-7f91f4063000 r--s 00b6f000 08:0a 565226                     /home/roma/.m2/repository/org/bytedeco/javacpp-presets/ffmpeg/3.2.1-1.3/ffmpeg-3.2.1-1.3-windows-x86.jar
7f91f4063000-7f91f4064000 r--s 00a78000 08:0a 565223                     /home/roma/.m2/repository/org/bytedeco/javacpp-presets/ffmpeg/3.2.1-1.3/ffmpeg-3.2.1-1.3-macosx-x86_64.jar
7f91f4064000-7f91f4066000 r--s 00cf7000 08:0a 565221                     /home/roma/.m2/repository/org/bytedeco/javacpp-presets/ffmpeg/3.2.1-1.3/ffmpeg-3.2.1-1.3-linux-ppc64le.jar
7f91f4066000-7f91f4068000 r--s 00a12000 08:0a 565219                     /home/roma/.m2/repository/org/bytedeco/javacpp-presets/ffmpeg/3.2.1-1.3/ffmpeg-3.2.1-1.3-linux-armhf.jar
7f91f4068000-7f91f406a000 r--s 00b72000 08:0a 565217                     /home/roma/.m2/repository/org/bytedeco/javacpp-presets/ffmpeg/3.2.1-1.3/ffmpeg-3.2.1-1.3-linux-x86_64.jar
7f91f406a000-7f91f406c000 r--s 00aa6000 08:0a 565193                     /home/roma/.m2/repository/org/bytedeco/javacpp-presets/ffmpeg/3.2.1-1.3/ffmpeg-3.2.1-1.3-linux-x86.jar
7f91f406c000-7f91f406e000 r--s 00c3e000 08:0a 565213                     /home/roma/.m2/repository/org/bytedeco/javacpp-presets/ffmpeg/3.2.1-1.3/ffmpeg-3.2.1-1.3-android-x86.jar
7f91f406e000-7f91f406f000 r--s 00b15000 08:0a 565177                     /home/roma/.m2/repository/org/bytedeco/javacpp-presets/ffmpeg/3.2.1-1.3/ffmpeg-3.2.1-1.3-android-arm.jar
7f91f406f000-7f91f4070000 r--s 00000000 08:0a 565209                     /home/roma/.m2/repository/org/bytedeco/javacpp-presets/ffmpeg-platform/3.2.1-1.3/ffmpeg-platform-3.2.1-1.3.jar
7f91f4070000-7f91f4072000 r--s 00c6c000 08:0a 565207                     /home/roma/.m2/repository/org/bytedeco/javacpp-presets/opencv/3.2.0-1.3/opencv-3.2.0-1.3-windows-x86_64.jar
7f91f4072000-7f91f4074000 r--s 00a5c000 08:0a 565205                     /home/roma/.m2/repository/org/bytedeco/javacpp-presets/opencv/3.2.0-1.3/opencv-3.2.0-1.3-windows-x86.jar
7f91f4074000-7f91f4076000 r--s 00aa7000 08:0a 565203                     /home/roma/.m2/repository/org/bytedeco/javacpp-presets/opencv/3.2.0-1.3/opencv-3.2.0-1.3-macosx-x86_64.jar
7f91f4076000-7f91f4079000 r--s 00c39000 08:0a 565198                     /home/roma/.m2/repository/org/bytedeco/javacpp-presets/opencv/3.2.0-1.3/opencv-3.2.0-1.3-linux-ppc64le.jar
7f91f4079000-7f91f407c000 r--s 00a26000 08:0a 565199                     /home/roma/.m2/repository/org/bytedeco/javacpp-presets/opencv/3.2.0-1.3/opencv-3.2.0-1.3-linux-armhf.jar
7f91f407c000-7f91f407e000 r--s 00a3c000 08:0a 565197                     /home/roma/.m2/repository/org/bytedeco/javacpp-presets/opencv/3.2.0-1.3/opencv-3.2.0-1.3-linux-x86_64.jar
7f91f407e000-7f91f4081000 r--s 00a10000 08:0a 565183                     /home/roma/.m2/repository/org/bytedeco/javacpp-presets/opencv/3.2.0-1.3/opencv-3.2.0-1.3-linux-x86.jar
7f91f4081000-7f91f4083000 r--s 00efe000 08:0a 565188                     /home/roma/.m2/repository/org/bytedeco/javacpp-presets/opencv/3.2.0-1.3/opencv-3.2.0-1.3-android-x86.jar
7f91f4083000-7f91f4085000 r--s 00b87000 08:0a 565194                     /home/roma/.m2/repository/org/bytedeco/javacpp-presets/opencv/3.2.0-1.3/opencv-3.2.0-1.3-android-arm.jar
7f91f4085000-7f91f4086000 r--s 00000000 08:0a 565189                     /home/roma/.m2/repository/org/bytedeco/javacpp-presets/opencv-platform/3.2.0-1.3/opencv-platform-3.2.0-1.3.jar
7f91f4086000-7f91f4087000 r--s 00002000 08:0a 565285                     /home/roma/.m2/repository/org/bytedeco/javacpp-presets/flandmark/1.07-1.3/flandmark-1.07-1.3.jar
7f91f4087000-7f91f4088000 r--s 00005000 08:0a 414384                     /home/roma/.m2/repository/org/bytedeco/javacpp-presets/artoolkitplus/2.3.1-1.3/artoolkitplus-2.3.1-1.3.jar
7f91f4088000-7f91f4089000 r--s 00003000 08:0a 414380                     /home/roma/.m2/repository/org/bytedeco/javacpp-presets/videoinput/0.200-1.3/videoinput-0.200-1.3.jar
7f91f4089000-7f91f408c000 r--s 00009000 08:0a 667851                     /home/roma/.m2/repository/org/bytedeco/javacpp-presets/librealsense/1.9.6-1.3/librealsense-1.9.6-1.3.jar
7f91f408c000-7f91f408d000 r--s 00005000 08:0a 667847                     /home/roma/.m2/repository/org/bytedeco/javacpp-presets/libfreenect2/0.2.0-1.3/libfreenect2-0.2.0-1.3.jar
7f91f408d000-7f91f408f000 r--s 00004000 08:0a 565260                     /home/roma/.m2/repository/org/bytedeco/javacpp-presets/libfreenect/0.5.3-1.3/libfreenect-0.5.3-1.3.jar
7f91f408f000-7f91f4091000 r--s 00006000 08:0a 565243                     /home/roma/.m2/repository/org/bytedeco/javacpp-presets/libdc1394/2.2.4-1.3/libdc1394-2.2.4-1.3.jar
7f91f4091000-7f91f4095000 r--s 0001f000 08:0a 565231                     /home/roma/.m2/repository/org/bytedeco/javacpp-presets/flycapture/2.9.3.43-1.3/flycapture-2.9.3.43-1.3.jar
7f91f4095000-7f91f409c000 r--s 00033000 08:0a 565211                     /home/roma/.m2/repository/org/bytedeco/javacpp-presets/ffmpeg/3.2.1-1.3/ffmpeg-3.2.1-1.3.jar
7f91f409c000-7f91f40ad000 r--s 000a6000 08:0a 565192                     /home/roma/.m2/repository/org/bytedeco/javacpp-presets/opencv/3.2.0-1.3/opencv-3.2.0-1.3.jar
7f91f40ad000-7f91f40b8000 r--s 00203000 08:0a 411649                     /usr/lib/jvm/java-7-openjdk-amd64/jre/lib/charsets.jar
7f91f40b8000-7f91f40bd000 r--s 00049000 08:0a 667836                     /home/roma/.m2/repository/org/bytedeco/javacpp/1.3.2/javacpp-1.3.2.jar
7f91f40bd000-7f91f40c1000 r--s 0005b000 08:0a 667838                     /home/roma/.m2/repository/org/bytedeco/javacv/1.3.2/javacv-1.3.2.jar
7f91f40c1000-7f91f40c2000 r--s 00000000 08:0a 565173                     /home/roma/.m2/repository/org/bytedeco/javacv-platform/1.3.2/javacv-platform-1.3.2.jar
7f91f40c2000-7f91f40d0000 r--s 0010f000 08:0a 411665                     /usr/lib/jvm/java-7-openjdk-amd64/jre/lib/rhino.jar
7f91f40d0000-7f91f40da000 r--s 000ae000 08:0a 411650                     /usr/lib/jvm/java-7-openjdk-amd64/jre/lib/resources.jar
7f91f40da000-7f91f40db000 r--s 00000000 08:0a 411643                     /usr/lib/jvm/java-7-openjdk-amd64/jre/lib/management-agent.jar
7f91f40db000-7f91f40df000 r--s 0004f000 08:0a 411642                     /usr/lib/jvm/java-7-openjdk-amd64/jre/lib/jsse.jar
7f91f40df000-7f91f40e1000 r--s 00018000 08:0a 411673                     /usr/lib/jvm/java-7-openjdk-amd64/jre/lib/jce.jar
7f91f40e1000-7f91f40ec000 r--s 00203000 08:0a 411649                     /usr/lib/jvm/java-7-openjdk-amd64/jre/lib/charsets.jar
7f91f40ec000-7f91f40ef000 ---p 00000000 00:00 0 
7f91f40ef000-7f91f41ed000 rw-p 00000000 00:00 0 
7f91f41ed000-7f91f41f0000 ---p 00000000 00:00 0 
7f91f41f0000-7f91f42ee000 rw-p 00000000 00:00 0 
7f91f42ee000-7f91f42f2000 r-xp 00000000 08:0a 411686                     /usr/lib/jvm/java-7-openjdk-amd64/jre/lib/amd64/libdt_socket.so
7f91f42f2000-7f91f44f1000 ---p 00004000 08:0a 411686                     /usr/lib/jvm/java-7-openjdk-amd64/jre/lib/amd64/libdt_socket.so
7f91f44f1000-7f91f44f2000 r--p 00003000 08:0a 411686                     /usr/lib/jvm/java-7-openjdk-amd64/jre/lib/amd64/libdt_socket.so
7f91f44f2000-7f91f44f3000 rw-p 00004000 08:0a 411686                     /usr/lib/jvm/java-7-openjdk-amd64/jre/lib/amd64/libdt_socket.so
7f91f44f3000-7f91f44f6000 ---p 00000000 00:00 0 
7f91f44f6000-7f91f45f4000 rw-p 00000000 00:00 0 
7f91f45f4000-7f91f45f7000 ---p 00000000 00:00 0 
7f91f45f7000-7f91f46f5000 rw-p 00000000 00:00 0 
7f91f46f5000-7f91f46f8000 ---p 00000000 00:00 0 
7f91f46f8000-7f91f47f6000 rw-p 00000000 00:00 0 
7f91f47f6000-7f91f47f7000 ---p 00000000 00:00 0 
7f91f47f7000-7f91f52ac000 rw-p 00000000 00:00 0 
7f91f52ac000-7f91f545f000 r--s 01d49000 08:0a 411712                     /usr/lib/jvm/java-7-openjdk-amd64/jre/lib/rt.jar
7f91f545f000-7f91f578a000 rw-p 00000000 00:00 0 
7f91f578a000-7f91f578b000 ---p 00000000 00:00 0 
7f91f578b000-7f91f588b000 rw-p 00000000 00:00 0 
7f91f588b000-7f91f588c000 ---p 00000000 00:00 0 
7f91f588c000-7f91f5997000 rw-p 00000000 00:00 0 
7f91f5997000-7f91f59df000 rw-p 00000000 00:00 0 
7f91f59df000-7f91f59f3000 rw-p 00000000 00:00 0 
7f91f59f3000-7f91f5b1f000 rw-p 00000000 00:00 0 
7f91f5b1f000-7f91f5b2a000 rw-p 00000000 00:00 0 
7f91f5b2a000-7f91f5b72000 rw-p 00000000 00:00 0 
7f91f5b72000-7f91f5b86000 rw-p 00000000 00:00 0 
7f91f5b86000-7f91f5cb1000 rw-p 00000000 00:00 0 
7f91f5cb1000-7f91f5cbc000 rw-p 00000000 00:00 0 
7f91f5cbc000-7f91f5d51000 rw-p 00000000 00:00 0 
7f91f5d51000-7f91f5d52000 rw-p 00000000 00:00 0 
7f91f5d52000-7f91f5d5a000 r-xp 00000000 08:0a 411691                     /usr/lib/jvm/java-7-openjdk-amd64/jre/lib/amd64/libzip.so
7f91f5d5a000-7f91f5f59000 ---p 00008000 08:0a 411691                     /usr/lib/jvm/java-7-openjdk-amd64/jre/lib/amd64/libzip.so
7f91f5f59000-7f91f5f5a000 r--p 00007000 08:0a 411691                     /usr/lib/jvm/java-7-openjdk-amd64/jre/lib/amd64/libzip.so
7f91f5f5a000-7f91f5f5b000 rw-p 00008000 08:0a 411691                     /usr/lib/jvm/java-7-openjdk-amd64/jre/lib/amd64/libzip.so
7f91f5f5b000-7f91f5f65000 r-xp 00000000 08:0a 724302                     /lib/x86_64-linux-gnu/libnss_files-2.19.so
7f91f5f65000-7f91f6164000 ---p 0000a000 08:0a 724302                     /lib/x86_64-linux-gnu/libnss_files-2.19.so
7f91f6164000-7f91f6165000 r--p 00009000 08:0a 724302                     /lib/x86_64-linux-gnu/libnss_files-2.19.so
7f91f6165000-7f91f6166000 rw-p 0000a000 08:0a 724302                     /lib/x86_64-linux-gnu/libnss_files-2.19.so
7f91f6166000-7f91f6171000 r-xp 00000000 08:0a 724279                     /lib/x86_64-linux-gnu/libnss_nis-2.19.so
7f91f6171000-7f91f6370000 ---p 0000b000 08:0a 724279                     /lib/x86_64-linux-gnu/libnss_nis-2.19.so
7f91f6370000-7f91f6371000 r--p 0000a000 08:0a 724279                     /lib/x86_64-linux-gnu/libnss_nis-2.19.so
7f91f6371000-7f91f6372000 rw-p 0000b000 08:0a 724279                     /lib/x86_64-linux-gnu/libnss_nis-2.19.so
7f91f6372000-7f91f6389000 r-xp 00000000 08:0a 724293                     /lib/x86_64-linux-gnu/libnsl-2.19.so
7f91f6389000-7f91f6588000 ---p 00017000 08:0a 724293                     /lib/x86_64-linux-gnu/libnsl-2.19.so
7f91f6588000-7f91f6589000 r--p 00016000 08:0a 724293                     /lib/x86_64-linux-gnu/libnsl-2.19.so
7f91f6589000-7f91f658a000 rw-p 00017000 08:0a 724293                     /lib/x86_64-linux-gnu/libnsl-2.19.so
7f91f658a000-7f91f658c000 rw-p 00000000 00:00 0 
7f91f658c000-7f91f6595000 r-xp 00000000 08:0a 724289                     /lib/x86_64-linux-gnu/libnss_compat-2.19.so
7f91f6595000-7f91f6794000 ---p 00009000 08:0a 724289                     /lib/x86_64-linux-gnu/libnss_compat-2.19.so
7f91f6794000-7f91f6795000 r--p 00008000 08:0a 724289                     /lib/x86_64-linux-gnu/libnss_compat-2.19.so
7f91f6795000-7f91f6796000 rw-p 00009000 08:0a 724289                     /lib/x86_64-linux-gnu/libnss_compat-2.19.so
7f91f6796000-7f91f6fa9000 r--p 00000000 08:0a 529427                     /usr/lib/locale/locale-archive
7f91f6fa9000-7f91f6fab000 r-xp 00000000 08:0a 411683                     /usr/lib/jvm/java-7-openjdk-amd64/jre/lib/amd64/libnpt.so
7f91f6fab000-7f91f71ab000 ---p 00002000 08:0a 411683                     /usr/lib/jvm/java-7-openjdk-amd64/jre/lib/amd64/libnpt.so
7f91f71ab000-7f91f71ac000 r--p 00002000 08:0a 411683                     /usr/lib/jvm/java-7-openjdk-amd64/jre/lib/amd64/libnpt.so
7f91f71ac000-7f91f71ad000 rw-p 00003000 08:0a 411683                     /usr/lib/jvm/java-7-openjdk-amd64/jre/lib/amd64/libnpt.so
7f91f71ad000-7f91f71e7000 r-xp 00000000 08:0a 411705                     /usr/lib/jvm/java-7-openjdk-amd64/jre/lib/amd64/libjdwp.so
7f91f71e7000-7f91f73e7000 ---p 0003a000 08:0a 411705                     /usr/lib/jvm/java-7-openjdk-amd64/jre/lib/amd64/libjdwp.so
7f91f73e7000-7f91f73e8000 r--p 0003a000 08:0a 411705                     /usr/lib/jvm/java-7-openjdk-amd64/jre/lib/amd64/libjdwp.so
7f91f73e8000-7f91f73e9000 rw-p 0003b000 08:0a 411705                     /usr/lib/jvm/java-7-openjdk-amd64/jre/lib/amd64/libjdwp.so
7f91f73e9000-7f91f7413000 r-xp 00000000 08:0a 411677                     /usr/lib/jvm/java-7-openjdk-amd64/jre/lib/amd64/libjava.so
7f91f7413000-7f91f7613000 ---p 0002a000 08:0a 411677                     /usr/lib/jvm/java-7-openjdk-amd64/jre/lib/amd64/libjava.so
7f91f7613000-7f91f7614000 r--p 0002a000 08:0a 411677                     /usr/lib/jvm/java-7-openjdk-amd64/jre/lib/amd64/libjava.so
7f91f7614000-7f91f7616000 rw-p 0002b000 08:0a 411677                     /usr/lib/jvm/java-7-openjdk-amd64/jre/lib/amd64/libjava.so
7f91f7616000-7f91f7626000 r-xp 00000000 08:0a 411707                     /usr/lib/jvm/java-7-openjdk-amd64/jre/lib/amd64/libverify.so
7f91f7626000-7f91f7825000 ---p 00010000 08:0a 411707                     /usr/lib/jvm/java-7-openjdk-amd64/jre/lib/amd64/libverify.so
7f91f7825000-7f91f7827000 r--p 0000f000 08:0a 411707                     /usr/lib/jvm/java-7-openjdk-amd64/jre/lib/amd64/libverify.so
7f91f7827000-7f91f7828000 rw-p 00011000 08:0a 411707                     /usr/lib/jvm/java-7-openjdk-amd64/jre/lib/amd64/libverify.so
7f91f7828000-7f91f782f000 r-xp 00000000 08:0a 677154                     /lib/x86_64-linux-gnu/librt-2.19.so
7f91f782f000-7f91f7a2e000 ---p 00007000 08:0a 677154                     /lib/x86_64-linux-gnu/librt-2.19.so
7f91f7a2e000-7f91f7a2f000 r--p 00006000 08:0a 677154                     /lib/x86_64-linux-gnu/librt-2.19.so
7f91f7a2f000-7f91f7a30000 rw-p 00007000 08:0a 677154                     /lib/x86_64-linux-gnu/librt-2.19.so
7f91f7a30000-7f91f7a46000 r-xp 00000000 08:0a 656929                     /lib/x86_64-linux-gnu/libgcc_s.so.1
7f91f7a46000-7f91f7c45000 ---p 00016000 08:0a 656929                     /lib/x86_64-linux-gnu/libgcc_s.so.1
7f91f7c45000-7f91f7c46000 rw-p 00015000 08:0a 656929                     /lib/x86_64-linux-gnu/libgcc_s.so.1
7f91f7c46000-7f91f7d4b000 r-xp 00000000 08:0a 724294                     /lib/x86_64-linux-gnu/libm-2.19.so
7f91f7d4b000-7f91f7f4a000 ---p 00105000 08:0a 724294                     /lib/x86_64-linux-gnu/libm-2.19.so
7f91f7f4a000-7f91f7f4b000 r--p 00104000 08:0a 724294                     /lib/x86_64-linux-gnu/libm-2.19.so
7f91f7f4b000-7f91f7f4c000 rw-p 00105000 08:0a 724294                     /lib/x86_64-linux-gnu/libm-2.19.so
7f91f7f4c000-7f91f8032000 r-xp 00000000 08:0a 533074                     /usr/lib/x86_64-linux-gnu/libstdc++.so.6.0.19
7f91f8032000-7f91f8231000 ---p 000e6000 08:0a 533074                     /usr/lib/x86_64-linux-gnu/libstdc++.so.6.0.19
7f91f8231000-7f91f8239000 r--p 000e5000 08:0a 533074                     /usr/lib/x86_64-linux-gnu/libstdc++.so.6.0.19
7f91f8239000-7f91f823b000 rw-p 000ed000 08:0a 533074                     /usr/lib/x86_64-linux-gnu/libstdc++.so.6.0.19
7f91f823b000-7f91f8250000 rw-p 00000000 00:00 0 
7f91f8250000-7f91f8d7e000 r-xp 00000000 08:0a 411690                     /usr/lib/jvm/java-7-openjdk-amd64/jre/lib/amd64/server/libjvm.so
7f91f8d7e000-7f91f8f7e000 ---p 00b2e000 08:0a 411690                     /usr/lib/jvm/java-7-openjdk-amd64/jre/lib/amd64/server/libjvm.so
7f91f8f7e000-7f91f9018000 r--p 00b2e000 08:0a 411690                     /usr/lib/jvm/java-7-openjdk-amd64/jre/lib/amd64/server/libjvm.so
7f91f9018000-7f91f903b000 rw-p 00bc8000 08:0a 411690                     /usr/lib/jvm/java-7-openjdk-amd64/jre/lib/amd64/server/libjvm.so
7f91f903b000-7f91f906a000 rw-p 00000000 00:00 0 
7f91f906a000-7f91f9082000 r-xp 00000000 08:0a 657065                     /lib/x86_64-linux-gnu/libz.so.1.2.8
7f91f9082000-7f91f9281000 ---p 00018000 08:0a 657065                     /lib/x86_64-linux-gnu/libz.so.1.2.8
7f91f9281000-7f91f9282000 r--p 00017000 08:0a 657065                     /lib/x86_64-linux-gnu/libz.so.1.2.8
7f91f9282000-7f91f9283000 rw-p 00018000 08:0a 657065                     /lib/x86_64-linux-gnu/libz.so.1.2.8
7f91f9283000-7f91f929c000 r-xp 00000000 08:0a 724305                     /lib/x86_64-linux-gnu/libpthread-2.19.so
7f91f929c000-7f91f949b000 ---p 00019000 08:0a 724305                     /lib/x86_64-linux-gnu/libpthread-2.19.so
7f91f949b000-7f91f949c000 r--p 00018000 08:0a 724305                     /lib/x86_64-linux-gnu/libpthread-2.19.so
7f91f949c000-7f91f949d000 rw-p 00019000 08:0a 724305                     /lib/x86_64-linux-gnu/libpthread-2.19.so
7f91f949d000-7f91f94a1000 rw-p 00000000 00:00 0 
7f91f94a1000-7f91f94a4000 r-xp 00000000 08:0a 724303                     /lib/x86_64-linux-gnu/libdl-2.19.so
7f91f94a4000-7f91f96a3000 ---p 00003000 08:0a 724303                     /lib/x86_64-linux-gnu/libdl-2.19.so
7f91f96a3000-7f91f96a4000 r--p 00002000 08:0a 724303                     /lib/x86_64-linux-gnu/libdl-2.19.so
7f91f96a4000-7f91f96a5000 rw-p 00003000 08:0a 724303                     /lib/x86_64-linux-gnu/libdl-2.19.so
7f91f96a5000-7f91f9863000 r-xp 00000000 08:0a 724288                     /lib/x86_64-linux-gnu/libc-2.19.so
7f91f9863000-7f91f9a62000 ---p 001be000 08:0a 724288                     /lib/x86_64-linux-gnu/libc-2.19.so
7f91f9a62000-7f91f9a66000 r--p 001bd000 08:0a 724288                     /lib/x86_64-linux-gnu/libc-2.19.so
7f91f9a66000-7f91f9a68000 rw-p 001c1000 08:0a 724288                     /lib/x86_64-linux-gnu/libc-2.19.so
7f91f9a68000-7f91f9a6d000 rw-p 00000000 00:00 0 
7f91f9a6d000-7f91f9a7a000 r-xp 00000000 08:0a 411680                     /usr/lib/jvm/java-7-openjdk-amd64/jre/lib/amd64/jli/libjli.so
7f91f9a7a000-7f91f9c79000 ---p 0000d000 08:0a 411680                     /usr/lib/jvm/java-7-openjdk-amd64/jre/lib/amd64/jli/libjli.so
7f91f9c79000-7f91f9c7a000 r--p 0000c000 08:0a 411680                     /usr/lib/jvm/java-7-openjdk-amd64/jre/lib/amd64/jli/libjli.so
7f91f9c7a000-7f91f9c7b000 rw-p 0000d000 08:0a 411680                     /usr/lib/jvm/java-7-openjdk-amd64/jre/lib/amd64/jli/libjli.so
7f91f9c7b000-7f91f9c9e000 r-xp 00000000 08:0a 724301                     /lib/x86_64-linux-gnu/ld-2.19.so
7f91f9c9e000-7f91f9ca0000 r--s 00006000 08:0a 944456                     /usr/share/java/java-atk-wrapper.jar
7f91f9ca0000-7f91f9ca4000 r--s 00034000 08:0a 411666                     /usr/lib/jvm/java-7-openjdk-amd64/jre/lib/ext/sunjce_provider.jar
7f91f9ca4000-7f91f9cc4000 rw-p 00000000 00:00 0 
7f91f9cc4000-7f91f9d7a000 rw-p 00000000 00:00 0 
7f91f9d7a000-7f91f9d7d000 ---p 00000000 00:00 0 
7f91f9d7d000-7f91f9e80000 rw-p 00000000 00:00 0 
7f91f9e80000-7f91f9e81000 r--s 0000a000 08:0a 411654                     /usr/lib/jvm/java-7-openjdk-amd64/jre/lib/javazic.jar
7f91f9e81000-7f91f9e82000 r--s 00000000 08:0a 411672                     /usr/lib/jvm/java-7-openjdk-amd64/jre/lib/compilefontconfig.jar
7f91f9e82000-7f91f9e84000 r--s 00006000 08:0a 944456                     /usr/share/java/java-atk-wrapper.jar
7f91f9e84000-7f91f9e85000 r--s 00002000 08:0a 411669                     /usr/lib/jvm/java-7-openjdk-amd64/jre/lib/ext/dnsns.jar
7f91f9e85000-7f91f9e88000 r--s 0000f000 08:0a 411671                     /usr/lib/jvm/java-7-openjdk-amd64/jre/lib/ext/icedtea-sound.jar
7f91f9e88000-7f91f9e8c000 r--s 00085000 08:0a 411667                     /usr/lib/jvm/java-7-openjdk-amd64/jre/lib/ext/localedata.jar
7f91f9e8c000-7f91f9e8f000 r--s 0003d000 08:0a 411670                     /usr/lib/jvm/java-7-openjdk-amd64/jre/lib/ext/sunpkcs11.jar
7f91f9e8f000-7f91f9e91000 r--s 00012000 08:0a 411668                     /usr/lib/jvm/java-7-openjdk-amd64/jre/lib/ext/zipfs.jar
7f91f9e91000-7f91f9e99000 rw-s 00000000 08:0a 311099                     /tmp/hsperfdata_roma/22452
7f91f9e99000-7f91f9e9a000 rw-p 00000000 00:00 0 
7f91f9e9a000-7f91f9e9b000 r--p 00000000 00:00 0 
7f91f9e9b000-7f91f9e9d000 rw-p 00000000 00:00 0 
7f91f9e9d000-7f91f9e9e000 r--p 00022000 08:0a 724301                     /lib/x86_64-linux-gnu/ld-2.19.so
7f91f9e9e000-7f91f9e9f000 rw-p 00023000 08:0a 724301                     /lib/x86_64-linux-gnu/ld-2.19.so
7f91f9e9f000-7f91f9ea0000 rw-p 00000000 00:00 0 
7fff1f6cc000-7fff1f6f0000 rw-p 00000000 00:00 0                          [stack]
7fff1f7fa000-7fff1f7fc000 r--p 00000000 00:00 0                          [vvar]
7fff1f7fc000-7fff1f7fe000 r-xp 00000000 00:00 0                          [vdso]
ffffffffff600000-ffffffffff601000 r-xp 00000000 00:00 0                  [vsyscall]

VM Arguments:
jvm_args: -agentlib:jdwp=transport=dt_socket,address=127.0.0.1:38760,suspend=y,server=n -Dfile.encoding=UTF-8 
java_command: Main
Launcher Type: SUN_STANDARD

Environment Variables:
PATH=/home/roma/.opam/4.02.1/bin:/usr/local/sbin:/usr/local/bin:/usr/sbin:/usr/bin:/sbin:/bin:/usr/games:/usr/local/games
LD_LIBRARY_PATH=/opt/intellij-idea-community/bin:
SHELL=/bin/bash
DISPLAY=:0

Signal Handlers:
SIGSEGV: [libjvm.so+0x95e460], sa_mask[0]=0x7ffbfeff, sa_flags=0x10000004
SIGBUS: [libjvm.so+0x95e460], sa_mask[0]=0x7ffbfeff, sa_flags=0x10000004
SIGFPE: [libjvm.so+0x7d2030], sa_mask[0]=0x7ffbfeff, sa_flags=0x10000004
SIGPIPE: [libjvm.so+0x7d2030], sa_mask[0]=0x7ffbfeff, sa_flags=0x10000004
SIGXFSZ: [libjvm.so+0x7d2030], sa_mask[0]=0x7ffbfeff, sa_flags=0x10000004
SIGILL: [libjvm.so+0x7d2030], sa_mask[0]=0x7ffbfeff, sa_flags=0x10000004
SIGUSR1: SIG_DFL, sa_mask[0]=0x00000000, sa_flags=0x00000000
SIGUSR2: [libjvm.so+0x7d2160], sa_mask[0]=0x00000004, sa_flags=0x10000004
SIGHUP: [libjvm.so+0x7d20b0], sa_mask[0]=0x7ffbfeff, sa_flags=0x10000004
SIGINT: [libjvm.so+0x7d20b0], sa_mask[0]=0x7ffbfeff, sa_flags=0x10000004
SIGTERM: [libjvm.so+0x7d20b0], sa_mask[0]=0x7ffbfeff, sa_flags=0x10000004
SIGQUIT: [libjvm.so+0x7d20b0], sa_mask[0]=0x7ffbfeff, sa_flags=0x10000004
SIGTRAP: SIG_DFL, sa_mask[0]=0x00000000, sa_flags=0x00000000


---------------  S Y S T E M  ---------------

OS:Ubuntu 14.04 (trusty)
uname:Linux 4.4.0-31-generic #50~14.04.1-Ubuntu SMP Wed Jul 13 01:07:32 UTC 2016 x86_64
libc:glibc 2.19 NPTL 2.19 
rlimit: STACK 8192k, CORE 0k, NPROC 14994, NOFILE 4096, AS infinity
load average:0,66 1,16 1,32

/proc/meminfo:
MemTotal:        3922888 kB
MemFree:          298624 kB
MemAvailable:     575892 kB
Buffers:           42016 kB
Cached:           671008 kB
SwapCached:        21472 kB
Active:          2378132 kB
Inactive:        1053812 kB
Active(anon):    2006676 kB
Inactive(anon):   977968 kB
Active(file):     371456 kB
Inactive(file):    75844 kB
Unevictable:          16 kB
Mlocked:              16 kB
SwapTotal:       4070396 kB
SwapFree:        3917268 kB
Dirty:                32 kB
Writeback:             0 kB
AnonPages:       2700068 kB
Mapped:           227468 kB
Shmem:            265716 kB
Slab:             104668 kB
SReclaimable:      71592 kB
SUnreclaim:        33076 kB
KernelStack:        9376 kB
PageTables:        37644 kB
NFS_Unstable:          0 kB
Bounce:                0 kB
WritebackTmp:          0 kB
CommitLimit:     6031840 kB
Committed_AS:    6344348 kB
VmallocTotal:   34359738367 kB
VmallocUsed:           0 kB
VmallocChunk:          0 kB
HardwareCorrupted:     0 kB
AnonHugePages:   1589248 kB
CmaTotal:              0 kB
CmaFree:               0 kB
HugePages_Total:       0
HugePages_Free:        0
HugePages_Rsvd:        0
HugePages_Surp:        0
Hugepagesize:       2048 kB
DirectMap4k:       85756 kB
DirectMap2M:     3985408 kB


CPU:total 2 (2 cores per cpu, 1 threads per core) family 6 model 58 stepping 9, cmov, cx8, fxsr, mmx, sse, sse2, sse3, ssse3, sse4.1, sse4.2, popcnt, erms, tsc, tscinvbit, tscinv

/proc/cpuinfo:
processor	: 0
vendor_id	: GenuineIntel
cpu family	: 6
model		: 58
model name	: Intel(R) Pentium(R) CPU 2117U @ 1.80GHz
stepping	: 9
microcode	: 0x15
cpu MHz		: 1799.929
cache size	: 2048 KB
physical id	: 0
siblings	: 2
core id		: 0
cpu cores	: 2
apicid		: 0
initial apicid	: 0
fpu		: yes
fpu_exception	: yes
cpuid level	: 13
wp		: yes
flags		: fpu vme de pse tsc msr pae mce cx8 apic sep mtrr pge mca cmov pat pse36 clflush dts acpi mmx fxsr sse sse2 ss ht tm pbe syscall nx rdtscp lm constant_tsc arch_perfmon pebs bts rep_good nopl xtopology nonstop_tsc aperfmperf eagerfpu pni pclmulqdq dtes64 monitor ds_cpl vmx est tm2 ssse3 cx16 xtpr pdcm pcid sse4_1 sse4_2 x2apic popcnt tsc_deadline_timer xsave lahf_lm epb tpr_shadow vnmi flexpriority ept vpid fsgsbase smep erms xsaveopt dtherm arat pln pts
bugs		:
bogomips	: 3591.62
clflush size	: 64
cache_alignment	: 64
address sizes	: 36 bits physical, 48 bits virtual
power management:

processor	: 1
vendor_id	: GenuineIntel
cpu family	: 6
model		: 58
model name	: Intel(R) Pentium(R) CPU 2117U @ 1.80GHz
stepping	: 9
microcode	: 0x15
cpu MHz		: 1800.000
cache size	: 2048 KB
physical id	: 0
siblings	: 2
core id		: 1
cpu cores	: 2
apicid		: 2
initial apicid	: 2
fpu		: yes
fpu_exception	: yes
cpuid level	: 13
wp		: yes
flags		: fpu vme de pse tsc msr pae mce cx8 apic sep mtrr pge mca cmov pat pse36 clflush dts acpi mmx fxsr sse sse2 ss ht tm pbe syscall nx rdtscp lm constant_tsc arch_perfmon pebs bts rep_good nopl xtopology nonstop_tsc aperfmperf eagerfpu pni pclmulqdq dtes64 monitor ds_cpl vmx est tm2 ssse3 cx16 xtpr pdcm pcid sse4_1 sse4_2 x2apic popcnt tsc_deadline_timer xsave lahf_lm epb tpr_shadow vnmi flexpriority ept vpid fsgsbase smep erms xsaveopt dtherm arat pln pts
bugs		:
bogomips	: 3591.62
clflush size	: 64
cache_alignment	: 64
address sizes	: 36 bits physical, 48 bits virtual
power management:



Memory: 4k page, physical 3922888k(298624k free), swap 4070396k(3917268k free)

vm_info: OpenJDK 64-Bit Server VM (24.121-b00) for linux-amd64 JRE (1.7.0_121-b00), built on Feb  7 2017 18:45:58 by "buildd" with gcc 4.8.4

time: Mon May  1 21:05:10 2017
elapsed time: 118 seconds

