#
# A fatal error has been detected by the Java Runtime Environment:
#
#  SIGSEGV (0xb) at pc=0x00007f7b0bc33d69, pid=22355, tid=140166461896448
#
# JRE version: OpenJDK Runtime Environment (7.0_121) (build 1.7.0_121-b00)
# Java VM: OpenJDK 64-Bit Server VM (24.121-b00 mixed mode linux-amd64 compressed oops)
# Derivative: IcedTea 2.6.8
# Distribution: Ubuntu 14.04 LTS, package 7u121-2.6.8-1ubuntu0.14.04.3
# Problematic frame:
# C  [libc.so.6+0x14dd69]
#
# Failed to write core dump. Core dumps have been disabled. To enable core dumping, try "ulimit -c unlimited" before starting Java again
#
# If you would like to submit a bug report, please include
# instructions on how to reproduce the bug and visit:
#   http://icedtea.classpath.org/bugzilla
# The crash happened outside the Java Virtual Machine in native code.
# See problematic frame for where to report the bug.
#

---------------  T H R E A D  ---------------

Current thread (0x00007f7b04011800):  JavaThread "main" [_thread_in_native, id=22357, stack(0x00007f7b0c1bb000,0x00007f7b0c2bc000)]

siginfo:si_signo=SIGSEGV: si_errno=0, si_code=2 (SEGV_ACCERR), si_addr=0x00007f7b04793057

Registers:
RAX=0x00007f7b04650740, RBX=0x00007f7b040119d8, RCX=0x0000000000080000, RDX=0x0000000000142920
RSP=0x00007f7b0c2ba7c8, RBP=0x00007f7b0c2ba8a8, RSI=0x00007f7abfaea920, RDI=0x00007f7b04793060
R8 =0x00007f7b04793057, R9 =0x00007f7abfaea930, R10=0x00007f7b0101b4ed, R11=0x00007f7b0aeffef0
R12=0x00007f7b0c2ba8a0, R13=0x00007f7b04650740, R14=0x00007f7abf9a8010, R15=0x0000000000142927
RIP=0x00007f7b0bc33d69, EFLAGS=0x0000000000010202, CSGSFS=0x0000000000000033, ERR=0x0000000000000006
  TRAPNO=0x000000000000000e

Top of Stack: (sp=0x00007f7b0c2ba7c8)
0x00007f7b0c2ba7c8:   00007f7ac41589fd 00000000b9f2c5e8
0x00007f7b0c2ba7d8:   00000000b9f2c5e8 00007f7b0c2ba870
0x00007f7b0c2ba7e8:   0000000000000000 00000000b9f2c5e8
0x00007f7b0c2ba7f8:   00007f7b0c2ba8a8 00007f7b04011800
0x00007f7b0c2ba808:   00007f7b0101b519 00007f7b040123a8
0x00007f7b0c2ba818:   00007f7b040123a8 00000000fffffffe
0x00007f7b0c2ba828:   0000000000000000 00007f7b0c2ba830
0x00007f7b0c2ba838:   00000000b9f2c5e8 00007f7b0c2ba8a8
0x00007f7b0c2ba848:   00000000ba1ab2b8 0000000000000000
0x00007f7b0c2ba858:   00000000b9f2c5e8 0000000000000000
0x00007f7b0c2ba868:   00007f7b0c2ba890 00007f7b0c2ba8f0
0x00007f7b0c2ba878:   00007f7b010063cb 00000000ecfb8ac0
0x00007f7b0c2ba888:   00007f7b01015c5b 0000000000142927
0x00007f7b0c2ba898:   0000000000000000 00000000ec7848f8
0x00007f7b0c2ba8a8:   00000000ecb5a5f8 00007f7b0c2ba8b0
0x00007f7b0c2ba8b8:   00000000b9f2c92b 00007f7b0c2ba928
0x00007f7b0c2ba8c8:   00000000ba1ab2b8 0000000000000000
0x00007f7b0c2ba8d8:   00000000b9f2c998 00007f7b0c2ba890
0x00007f7b0c2ba8e8:   00007f7b0c2ba920 00007f7b0c2ba970
0x00007f7b0c2ba8f8:   00007f7b010063cb 0000000000142927
0x00007f7b0c2ba908:   0000000000000000 0000000000000001
0x00007f7b0c2ba918:   0000000000000060 00000000ec7848f8
0x00007f7b0c2ba928:   00000000ecb5a5f8 00007f7b0c2ba930
0x00007f7b0c2ba938:   00000000b9ec6c77 00007f7b0c2baa08
0x00007f7b0c2ba948:   00000000b9f31840 0000000000000000
0x00007f7b0c2ba958:   00000000b9ec6e00 00007f7b0c2ba920
0x00007f7b0c2ba968:   00007f7b0c2baa08 00007f7b0c2baa70
0x00007f7b0c2ba978:   00007f7b010004e7 0000000000000000
0x00007f7b0c2ba988:   0000000000000000 0000000000000000
0x00007f7b0c2ba998:   00000000ec7848f8 00000000ec784740
0x00007f7b0c2ba9a8:   00000000ec621e78 0000000000000000
0x00007f7b0c2ba9b8:   00000000ec5ecea8 00000000ec5ece30 

Instructions: (pc=0x00007f7b0bc33d69)
0x00007f7b0bc33d49:   48 01 d7 4c 8d 1d 9d c5 03 00 49 63 14 93 49 8d
0x00007f7b0bc33d59:   14 13 ff e2 0f 0b 90 f3 0f 6f 4e f0 48 8d 76 f0
0x00007f7b0bc33d69:   f3 41 0f 7f 00 66 0f 7f 4f f0 48 8d 7f f0 48 8d
0x00007f7b0bc33d79:   92 70 ff ff ff 49 89 f9 49 29 f1 49 39 d1 73 09 

Register to memory mapping:

RAX=0x00007f7b04650740 is an unknown value
RBX=0x00007f7b040119d8 is an unknown value
RCX=0x0000000000080000 is an unknown value
RDX=0x0000000000142920 is an unknown value
RSP=0x00007f7b0c2ba7c8 is pointing into the stack for thread: 0x00007f7b04011800
RBP=0x00007f7b0c2ba8a8 is pointing into the stack for thread: 0x00007f7b04011800
RSI=0x00007f7abfaea920 is an unknown value
RDI=0x00007f7b04793060 is an unknown value
R8 =0x00007f7b04793057 is an unknown value
R9 =0x00007f7abfaea930 is an unknown value
R10=0x00007f7b0101b4ed is at code_begin+1197 in an Interpreter codelet
method entry point (kind = native)  [0x00007f7b0101b040, 0x00007f7b0101be40]  3584 bytes
R11=0x00007f7b0aeffef0: <offset 0x86eef0> in /usr/lib/jvm/java-7-openjdk-amd64/jre/lib/amd64/server/libjvm.so at 0x00007f7b0a691000
R12=0x00007f7b0c2ba8a0 is pointing into the stack for thread: 0x00007f7b04011800
R13=0x00007f7b04650740 is an unknown value
R14=0x00007f7abf9a8010 is an unknown value
R15=0x0000000000142927 is an unknown value


Stack: [0x00007f7b0c1bb000,0x00007f7b0c2bc000],  sp=0x00007f7b0c2ba7c8,  free space=1021k
Native frames: (J=compiled Java code, j=interpreted, Vv=VM code, C=native code)
C  [libc.so.6+0x14dd69]

Java frames: (J=compiled Java code, j=interpreted, Vv=VM code)
j  org.bytedeco.javacpp.Pointer.memcpy(Lorg/bytedeco/javacpp/Pointer;Lorg/bytedeco/javacpp/Pointer;J)Lorg/bytedeco/javacpp/Pointer;+0
j  org.bytedeco.javacpp.Pointer.put(Lorg/bytedeco/javacpp/Pointer;)Lorg/bytedeco/javacpp/Pointer;+131
j  Main.main([Ljava/lang/String;)V+183
v  ~StubRoutines::call_stub

---------------  P R O C E S S  ---------------

Java Threads: ( => current thread )
  0x00007f7b04638800 JavaThread "AWT-XAWT" daemon [_thread_in_native, id=22386, stack(0x00007f7abfaef000,0x00007f7abfbf0000)]
  0x00007f7b04555800 JavaThread "JavaCPP Deallocator" daemon [_thread_blocked, id=22384, stack(0x00007f7ac5006000,0x00007f7ac5107000)]
  0x00007f7b0453a000 JavaThread "Java2D Disposer" daemon [_thread_blocked, id=22383, stack(0x00007f7afc078000,0x00007f7afc179000)]
  0x00007f7b040c7000 JavaThread "Service Thread" daemon [_thread_blocked, id=22380, stack(0x00007f7afce09000,0x00007f7afcf0a000)]
  0x00007f7b040c5000 JavaThread "C2 CompilerThread1" daemon [_thread_in_native, id=22378, stack(0x00007f7afcf0a000,0x00007f7afd00b000)]
  0x00007f7b040c2000 JavaThread "C2 CompilerThread0" daemon [_thread_in_native, id=22376, stack(0x00007f7afd00b000,0x00007f7afd10c000)]
  0x00007f7ae4001000 JavaThread "JDWP Command Reader" daemon [_thread_in_native, id=22370, stack(0x00007f7afd10c000,0x00007f7afd20d000)]
  0x00007f7b040bf800 JavaThread "JDWP Event Helper Thread" daemon [_thread_blocked, id=22369, stack(0x00007f7afd20d000,0x00007f7afd30e000)]
  0x00007f7b040bc000 JavaThread "JDWP Transport Listener: dt_socket" daemon [_thread_blocked, id=22367, stack(0x00007f7afd30e000,0x00007f7afd40f000)]
  0x00007f7b040ab000 JavaThread "Signal Dispatcher" daemon [_thread_blocked, id=22366, stack(0x00007f7afd614000,0x00007f7afd715000)]
  0x00007f7b0407f000 JavaThread "Finalizer" daemon [_thread_blocked, id=22365, stack(0x00007f7afd715000,0x00007f7afd816000)]
  0x00007f7b0407d000 JavaThread "Reference Handler" daemon [_thread_blocked, id=22364, stack(0x00007f7afd816000,0x00007f7afd917000)]
=>0x00007f7b04011800 JavaThread "main" [_thread_in_native, id=22357, stack(0x00007f7b0c1bb000,0x00007f7b0c2bc000)]

Other Threads:
  0x00007f7b04078800 VMThread [stack: 0x00007f7afd917000,0x00007f7afda18000] [id=22363]
  0x00007f7b040d2000 WatcherThread [stack: 0x00007f7afcd08000,0x00007f7afce09000] [id=22382]

VM state:not at safepoint (normal execution)

VM Mutex/Monitor currently owned by a thread: None

Heap
 PSYoungGen      total 17920K, used 13866K [0x00000000ec080000, 0x00000000ed480000, 0x0000000100000000)
  eden space 15360K, 73% used [0x00000000ec080000,0x00000000ecb8c4e8,0x00000000ecf80000)
  from space 2560K, 99% used [0x00000000ecf80000,0x00000000ed1fe410,0x00000000ed200000)
  to   space 2560K, 0% used [0x00000000ed200000,0x00000000ed200000,0x00000000ed480000)
 ParOldGen       total 40448K, used 583K [0x00000000c4200000, 0x00000000c6980000, 0x00000000ec080000)
  object space 40448K, 1% used [0x00000000c4200000,0x00000000c4291e28,0x00000000c6980000)
 PSPermGen       total 21504K, used 10179K [0x00000000b9c00000, 0x00000000bb100000, 0x00000000c4200000)
  object space 21504K, 47% used [0x00000000b9c00000,0x00000000ba5f0c40,0x00000000bb100000)

Card table byte_map: [0x00007f7b00dcd000,0x00007f7b01000000] byte_map_base: 0x00007f7b007ff000

Polling page: 0x00007f7b0c2db000

Code Cache  [0x00007f7b01000000, 0x00007f7b01270000, 0x00007f7b04000000)
 total_blobs=560 nmethods=79 adapters=443 free_code_cache=48437Kb largest_free_block=49583552

Compilation events (10 events):
Event: 2,393 Thread 0x00007f7b040c2000 nmethod 76 0x00007f7b010b0dd0 code [0x00007f7b010b0f40, 0x00007f7b010b14f8]
Event: 2,393 Thread 0x00007f7b040c2000   77             java.net.URI::access$300 (7 bytes)
Event: 2,394 Thread 0x00007f7b040c2000 nmethod 77 0x00007f7b010b0950 code [0x00007f7b010b0aa0, 0x00007f7b010b0bd8]
Event: 2,394 Thread 0x00007f7b040c2000   78 %           java.lang.String::replace @ 78 (127 bytes)
Event: 2,406 Thread 0x00007f7b040c5000 nmethod 75 0x00007f7b010b4090 code [0x00007f7b010b4220, 0x00007f7b010b47f8]
Event: 2,406 Thread 0x00007f7b040c5000   79             java.util.HashMap::getEntry (86 bytes)
Event: 2,410 Thread 0x00007f7b040c5000 nmethod 79 0x00007f7b010b3b10 code [0x00007f7b010b3c60, 0x00007f7b010b3e98]
Event: 2,410 Thread 0x00007f7b040c5000   80             java.lang.AbstractStringBuilder::<init> (12 bytes)
Event: 2,412 Thread 0x00007f7b040c5000 nmethod 80 0x00007f7b010b4f50 code [0x00007f7b010b50a0, 0x00007f7b010b51b8]
Event: 2,412 Thread 0x00007f7b040c5000   81             java.lang.String::endsWith (17 bytes)

GC Heap History (2 events):
Event: 1,947 GC heap before
{Heap before GC invocations=1 (full 0):
 PSYoungGen      total 17920K, used 15360K [0x00000000ec080000, 0x00000000ed480000, 0x0000000100000000)
  eden space 15360K, 100% used [0x00000000ec080000,0x00000000ecf80000,0x00000000ecf80000)
  from space 2560K, 0% used [0x00000000ed200000,0x00000000ed200000,0x00000000ed480000)
  to   space 2560K, 0% used [0x00000000ecf80000,0x00000000ecf80000,0x00000000ed200000)
 ParOldGen       total 40448K, used 0K [0x00000000c4200000, 0x00000000c6980000, 0x00000000ec080000)
  object space 40448K, 0% used [0x00000000c4200000,0x00000000c4200000,0x00000000c6980000)
 PSPermGen       total 21504K, used 8032K [0x00000000b9c00000, 0x00000000bb100000, 0x00000000c4200000)
  object space 21504K, 37% used [0x00000000b9c00000,0x00000000ba3d8290,0x00000000bb100000)
Event: 1,958 GC heap after
Heap after GC invocations=1 (full 0):
 PSYoungGen      total 17920K, used 2553K [0x00000000ec080000, 0x00000000ed480000, 0x0000000100000000)
  eden space 15360K, 0% used [0x00000000ec080000,0x00000000ec080000,0x00000000ecf80000)
  from space 2560K, 99% used [0x00000000ecf80000,0x00000000ed1fe410,0x00000000ed200000)
  to   space 2560K, 0% used [0x00000000ed200000,0x00000000ed200000,0x00000000ed480000)
 ParOldGen       total 40448K, used 583K [0x00000000c4200000, 0x00000000c6980000, 0x00000000ec080000)
  object space 40448K, 1% used [0x00000000c4200000,0x00000000c4291e28,0x00000000c6980000)
 PSPermGen       total 21504K, used 8032K [0x00000000b9c00000, 0x00000000bb100000, 0x00000000c4200000)
  object space 21504K, 37% used [0x00000000b9c00000,0x00000000ba3d8290,0x00000000bb100000)
}

Deoptimization events (10 events):
Event: 1,568 Thread 0x00007f7b04011800 Uncommon trap: reason=unstable_if action=reinterpret pc=0x00007f7b010681f8 method=java.util.Properties$LineReader.readLine()I @ 97
Event: 1,680 Thread 0x00007f7b04011800 Uncommon trap: reason=class_check action=maybe_recompile pc=0x00007f7b0107d228 method=java.lang.String.equals(Ljava/lang/Object;)Z @ 8
Event: 1,681 Thread 0x00007f7b04011800 Uncommon trap: reason=class_check action=maybe_recompile pc=0x00007f7b0107d228 method=java.lang.String.equals(Ljava/lang/Object;)Z @ 8
Event: 1,681 Thread 0x00007f7b04011800 Uncommon trap: reason=class_check action=maybe_recompile pc=0x00007f7b0107d228 method=java.lang.String.equals(Ljava/lang/Object;)Z @ 8
Event: 1,722 Thread 0x00007f7b04011800 Uncommon trap: reason=unstable_if action=reinterpret pc=0x00007f7b0107e50c method=java.util.Properties$LineReader.readLine()I @ 369
Event: 2,205 Thread 0x00007f7b04011800 Uncommon trap: reason=unstable_if action=reinterpret pc=0x00007f7b01087e84 method=sun.misc.URLClassPath$JarLoader.ensureOpen()V @ 4
Event: 2,206 Thread 0x00007f7b04011800 Uncommon trap: reason=unstable_if action=reinterpret pc=0x00007f7b010885fc method=java.util.zip.ZipCoder.encoder()Ljava/nio/charset/CharsetEncoder; @ 4
Event: 2,206 Thread 0x00007f7b04011800 Uncommon trap: reason=unstable_if action=reinterpret pc=0x00007f7b01087c48 method=java.util.zip.ZipCoder.encoder()Ljava/nio/charset/CharsetEncoder; @ 4
Event: 2,214 Thread 0x00007f7b04011800 Uncommon trap: reason=null_check action=make_not_entrant pc=0x00007f7b0107d23c method=java.lang.String.equals(Ljava/lang/Object;)Z @ 8
Event: 2,270 Thread 0x00007f7b04011800 Uncommon trap: reason=unstable_if action=reinterpret pc=0x00007f7b0107b60c method=java.lang.String.replace(CC)Ljava/lang/String; @ 26

Internal exceptions (10 events):
Event: 2,382 Thread 0x00007f7b04011800 Threw 0x00000000ec994f98 at /build/openjdk-7-fqDl7t/openjdk-7-7u121-2.6.8/build/openjdk/hotspot/src/share/vm/prims/jvm.cpp:1322
Event: 2,382 Thread 0x00007f7b04011800 Threw 0x00000000ec99d790 at /build/openjdk-7-fqDl7t/openjdk-7-7u121-2.6.8/build/openjdk/hotspot/src/share/vm/prims/jvm.cpp:1322
Event: 2,383 Thread 0x00007f7b04011800 Threw 0x00000000ec9a5d18 at /build/openjdk-7-fqDl7t/openjdk-7-7u121-2.6.8/build/openjdk/hotspot/src/share/vm/prims/jvm.cpp:1322
Event: 2,384 Thread 0x00007f7b04011800 Threw 0x00000000ec9ae418 at /build/openjdk-7-fqDl7t/openjdk-7-7u121-2.6.8/build/openjdk/hotspot/src/share/vm/prims/jvm.cpp:1322
Event: 2,385 Thread 0x00007f7b04011800 Threw 0x00000000ec9b7760 at /build/openjdk-7-fqDl7t/openjdk-7-7u121-2.6.8/build/openjdk/hotspot/src/share/vm/prims/jvm.cpp:1322
Event: 2,385 Thread 0x00007f7b04011800 Threw 0x00000000ec9bf718 at /build/openjdk-7-fqDl7t/openjdk-7-7u121-2.6.8/build/openjdk/hotspot/src/share/vm/prims/jvm.cpp:1322
Event: 2,386 Thread 0x00007f7b04011800 Threw 0x00000000ec9c8bc0 at /build/openjdk-7-fqDl7t/openjdk-7-7u121-2.6.8/build/openjdk/hotspot/src/share/vm/prims/jvm.cpp:1322
Event: 2,387 Thread 0x00007f7b04011800 Threw 0x00000000ec9d07d0 at /build/openjdk-7-fqDl7t/openjdk-7-7u121-2.6.8/build/openjdk/hotspot/src/share/vm/prims/jvm.cpp:1322
Event: 2,387 Thread 0x00007f7b04011800 Threw 0x00000000ec9d8b88 at /build/openjdk-7-fqDl7t/openjdk-7-7u121-2.6.8/build/openjdk/hotspot/src/share/vm/prims/jvm.cpp:1322
Event: 2,388 Thread 0x00007f7b04011800 Threw 0x00000000ec9e32a0 at /build/openjdk-7-fqDl7t/openjdk-7-7u121-2.6.8/build/openjdk/hotspot/src/share/vm/prims/jvm.cpp:1322

Events (10 events):
Event: 2,385 loading class 0x00007f7b046915f0
Event: 2,385 loading class 0x00007f7b046915f0 done
Event: 2,386 loading class 0x00007f7b04691680
Event: 2,386 loading class 0x00007f7b04691680 done
Event: 2,387 loading class 0x00007f7b04691710
Event: 2,387 loading class 0x00007f7b04691710 done
Event: 2,387 loading class 0x00007f7b04691760
Event: 2,387 loading class 0x00007f7b04691760 done
Event: 2,388 loading class 0x00007f7b046916c0
Event: 2,388 loading class 0x00007f7b046916c0 done


Dynamic libraries:
00400000-00401000 r-xp 00000000 08:0a 303760                             /usr/lib/jvm/java-7-openjdk-amd64/jre/bin/java
00600000-00601000 r--p 00000000 08:0a 303760                             /usr/lib/jvm/java-7-openjdk-amd64/jre/bin/java
00601000-00602000 rw-p 00001000 08:0a 303760                             /usr/lib/jvm/java-7-openjdk-amd64/jre/bin/java
00b0e000-00b2f000 rw-p 00000000 00:00 0                                  [heap]
b9c00000-bb100000 rw-p 00000000 00:00 0 
bb100000-c4200000 rw-p 00000000 00:00 0 
c4200000-c6980000 rw-p 00000000 00:00 0 
c6980000-ec080000 rw-p 00000000 00:00 0 
ec080000-ed480000 rw-p 00000000 00:00 0 
ed480000-100000000 rw-p 00000000 00:00 0 
7f7abf025000-7f7abf04a000 r-xp 00000000 08:0a 218294                     /home/roma/.javacpp/cache/opencv-3.2.0-1.3-linux-x86_64.jar/org/bytedeco/javacpp/linux-x86_64/libjniopencv_imgcodecs.so
7f7abf04a000-7f7abf249000 ---p 00025000 08:0a 218294                     /home/roma/.javacpp/cache/opencv-3.2.0-1.3-linux-x86_64.jar/org/bytedeco/javacpp/linux-x86_64/libjniopencv_imgcodecs.so
7f7abf249000-7f7abf24a000 rw-p 00024000 08:0a 218294                     /home/roma/.javacpp/cache/opencv-3.2.0-1.3-linux-x86_64.jar/org/bytedeco/javacpp/linux-x86_64/libjniopencv_imgcodecs.so
7f7abf24a000-7f7abf484000 r-xp 00000000 08:0a 218292                     /home/roma/.javacpp/cache/opencv-3.2.0-1.3-linux-x86_64.jar/org/bytedeco/javacpp/linux-x86_64/libopencv_imgcodecs.so.3.2
7f7abf484000-7f7abf684000 ---p 0023a000 08:0a 218292                     /home/roma/.javacpp/cache/opencv-3.2.0-1.3-linux-x86_64.jar/org/bytedeco/javacpp/linux-x86_64/libopencv_imgcodecs.so.3.2
7f7abf684000-7f7abf692000 rw-p 0023a000 08:0a 218292                     /home/roma/.javacpp/cache/opencv-3.2.0-1.3-linux-x86_64.jar/org/bytedeco/javacpp/linux-x86_64/libopencv_imgcodecs.so.3.2
7f7abf692000-7f7abf69d000 rw-p 00000000 00:00 0 
7f7abf69d000-7f7abf7a7000 r-xp 00000000 08:0a 218291                     /home/roma/.javacpp/cache/opencv-3.2.0-1.3-linux-x86_64.jar/org/bytedeco/javacpp/linux-x86_64/libjniopencv_imgproc.so
7f7abf7a7000-7f7abf9a6000 ---p 0010a000 08:0a 218291                     /home/roma/.javacpp/cache/opencv-3.2.0-1.3-linux-x86_64.jar/org/bytedeco/javacpp/linux-x86_64/libjniopencv_imgproc.so
7f7abf9a6000-7f7abf9a8000 rw-p 00109000 08:0a 218291                     /home/roma/.javacpp/cache/opencv-3.2.0-1.3-linux-x86_64.jar/org/bytedeco/javacpp/linux-x86_64/libjniopencv_imgproc.so
7f7abf9a8000-7f7abfaef000 rw-p 00000000 00:00 0 
7f7abfaef000-7f7abfaf2000 ---p 00000000 00:00 0 
7f7abfaf2000-7f7abfbf0000 rw-p 00000000 00:00 0 
7f7abfbf0000-7f7abfbf5000 r-xp 00000000 08:0a 532176                     /usr/lib/x86_64-linux-gnu/libXfixes.so.3.1.0
7f7abfbf5000-7f7abfdf4000 ---p 00005000 08:0a 532176                     /usr/lib/x86_64-linux-gnu/libXfixes.so.3.1.0
7f7abfdf4000-7f7abfdf5000 r--p 00004000 08:0a 532176                     /usr/lib/x86_64-linux-gnu/libXfixes.so.3.1.0
7f7abfdf5000-7f7abfdf6000 rw-p 00005000 08:0a 532176                     /usr/lib/x86_64-linux-gnu/libXfixes.so.3.1.0
7f7abfdf6000-7f7abfdff000 r-xp 00000000 08:0a 532168                     /usr/lib/x86_64-linux-gnu/libXcursor.so.1.0.2
7f7abfdff000-7f7abfffe000 ---p 00009000 08:0a 532168                     /usr/lib/x86_64-linux-gnu/libXcursor.so.1.0.2
7f7abfffe000-7f7abffff000 r--p 00008000 08:0a 532168                     /usr/lib/x86_64-linux-gnu/libXcursor.so.1.0.2
7f7abffff000-7f7ac0000000 rw-p 00009000 08:0a 532168                     /usr/lib/x86_64-linux-gnu/libXcursor.so.1.0.2
7f7ac0000000-7f7ac0021000 rw-p 00000000 00:00 0 
7f7ac0021000-7f7ac4000000 ---p 00000000 00:00 0 
7f7ac4056000-7f7ac42e5000 r-xp 00000000 08:0a 218289                     /home/roma/.javacpp/cache/opencv-3.2.0-1.3-linux-x86_64.jar/org/bytedeco/javacpp/linux-x86_64/libjniopencv_core.so
7f7ac42e5000-7f7ac44e4000 ---p 0028f000 08:0a 218289                     /home/roma/.javacpp/cache/opencv-3.2.0-1.3-linux-x86_64.jar/org/bytedeco/javacpp/linux-x86_64/libjniopencv_core.so
7f7ac44e4000-7f7ac44e7000 rw-p 0028e000 08:0a 218289                     /home/roma/.javacpp/cache/opencv-3.2.0-1.3-linux-x86_64.jar/org/bytedeco/javacpp/linux-x86_64/libjniopencv_core.so
7f7ac44e7000-7f7ac44e8000 rw-p 00000000 00:00 0 
7f7ac44e8000-7f7ac4729000 r-xp 00000000 08:0a 218287                     /home/roma/.javacpp/cache/opencv-3.2.0-1.3-linux-x86_64.jar/org/bytedeco/javacpp/linux-x86_64/libopencv_imgproc.so.3.2
7f7ac4729000-7f7ac4929000 ---p 00241000 08:0a 218287                     /home/roma/.javacpp/cache/opencv-3.2.0-1.3-linux-x86_64.jar/org/bytedeco/javacpp/linux-x86_64/libopencv_imgproc.so.3.2
7f7ac4929000-7f7ac493b000 rw-p 00241000 08:0a 218287                     /home/roma/.javacpp/cache/opencv-3.2.0-1.3-linux-x86_64.jar/org/bytedeco/javacpp/linux-x86_64/libopencv_imgproc.so.3.2
7f7ac493b000-7f7ac49d0000 rw-p 00000000 00:00 0 
7f7ac49d0000-7f7ac4be8000 r-xp 00000000 08:0a 218285                     /home/roma/.javacpp/cache/opencv-3.2.0-1.3-linux-x86_64.jar/org/bytedeco/javacpp/linux-x86_64/libopencv_core.so.3.2
7f7ac4be8000-7f7ac4de8000 ---p 00218000 08:0a 218285                     /home/roma/.javacpp/cache/opencv-3.2.0-1.3-linux-x86_64.jar/org/bytedeco/javacpp/linux-x86_64/libopencv_core.so.3.2
7f7ac4de8000-7f7ac4def000 rw-p 00218000 08:0a 218285                     /home/roma/.javacpp/cache/opencv-3.2.0-1.3-linux-x86_64.jar/org/bytedeco/javacpp/linux-x86_64/libopencv_core.so.3.2
7f7ac4def000-7f7ac4df1000 rw-p 00000000 00:00 0 
7f7ac4df1000-7f7ac4e06000 r-xp 00000000 08:0a 217677                     /home/roma/.javacpp/cache/opencv-3.2.0-1.3-linux-x86_64.jar/org/bytedeco/javacpp/linux-x86_64/libgomp.so.1
7f7ac4e06000-7f7ac5005000 ---p 00015000 08:0a 217677                     /home/roma/.javacpp/cache/opencv-3.2.0-1.3-linux-x86_64.jar/org/bytedeco/javacpp/linux-x86_64/libgomp.so.1
7f7ac5005000-7f7ac5006000 rw-p 00014000 08:0a 217677                     /home/roma/.javacpp/cache/opencv-3.2.0-1.3-linux-x86_64.jar/org/bytedeco/javacpp/linux-x86_64/libgomp.so.1
7f7ac5006000-7f7ac5009000 ---p 00000000 00:00 0 
7f7ac5009000-7f7ac5107000 rw-p 00000000 00:00 0 
7f7ac5107000-7f7ac511e000 r-xp 00000000 08:0a 411695                     /usr/lib/jvm/java-7-openjdk-amd64/jre/lib/amd64/libnet.so
7f7ac511e000-7f7ac531d000 ---p 00017000 08:0a 411695                     /usr/lib/jvm/java-7-openjdk-amd64/jre/lib/amd64/libnet.so
7f7ac531d000-7f7ac531e000 r--p 00016000 08:0a 411695                     /usr/lib/jvm/java-7-openjdk-amd64/jre/lib/amd64/libnet.so
7f7ac531e000-7f7ac531f000 rw-p 00017000 08:0a 411695                     /usr/lib/jvm/java-7-openjdk-amd64/jre/lib/amd64/libnet.so
7f7ac531f000-7f7ac532f000 r-xp 00000000 08:0a 411675                     /usr/lib/jvm/java-7-openjdk-amd64/jre/lib/amd64/libnio.so
7f7ac532f000-7f7ac552f000 ---p 00010000 08:0a 411675                     /usr/lib/jvm/java-7-openjdk-amd64/jre/lib/amd64/libnio.so
7f7ac552f000-7f7ac5530000 r--p 00010000 08:0a 411675                     /usr/lib/jvm/java-7-openjdk-amd64/jre/lib/amd64/libnio.so
7f7ac5530000-7f7ac5531000 rw-p 00011000 08:0a 411675                     /usr/lib/jvm/java-7-openjdk-amd64/jre/lib/amd64/libnio.so
7f7ac5531000-7f7ac556e000 r-xp 00000000 08:0a 657005                     /lib/x86_64-linux-gnu/libpcre.so.3.13.1
7f7ac556e000-7f7ac576d000 ---p 0003d000 08:0a 657005                     /lib/x86_64-linux-gnu/libpcre.so.3.13.1
7f7ac576d000-7f7ac576e000 r--p 0003c000 08:0a 657005                     /lib/x86_64-linux-gnu/libpcre.so.3.13.1
7f7ac576e000-7f7ac576f000 rw-p 0003d000 08:0a 657005                     /lib/x86_64-linux-gnu/libpcre.so.3.13.1
7f7ac576f000-7f7ac5794000 r-xp 00000000 08:0a 657017                     /lib/x86_64-linux-gnu/libpng12.so.0.50.0
7f7ac5794000-7f7ac5993000 ---p 00025000 08:0a 657017                     /lib/x86_64-linux-gnu/libpng12.so.0.50.0
7f7ac5993000-7f7ac5994000 r--p 00024000 08:0a 657017                     /lib/x86_64-linux-gnu/libpng12.so.0.50.0
7f7ac5994000-7f7ac5995000 rw-p 00025000 08:0a 657017                     /lib/x86_64-linux-gnu/libpng12.so.0.50.0
7f7ac5995000-7f7ac599a000 r-xp 00000000 08:0a 532172                     /usr/lib/x86_64-linux-gnu/libXdmcp.so.6.0.0
7f7ac599a000-7f7ac5b99000 ---p 00005000 08:0a 532172                     /usr/lib/x86_64-linux-gnu/libXdmcp.so.6.0.0
7f7ac5b99000-7f7ac5b9a000 r--p 00004000 08:0a 532172                     /usr/lib/x86_64-linux-gnu/libXdmcp.so.6.0.0
7f7ac5b9a000-7f7ac5b9b000 rw-p 00005000 08:0a 532172                     /usr/lib/x86_64-linux-gnu/libXdmcp.so.6.0.0
7f7ac5b9b000-7f7ac5b9d000 r-xp 00000000 08:0a 532161                     /usr/lib/x86_64-linux-gnu/libXau.so.6.0.0
7f7ac5b9d000-7f7ac5d9d000 ---p 00002000 08:0a 532161                     /usr/lib/x86_64-linux-gnu/libXau.so.6.0.0
7f7ac5d9d000-7f7ac5d9e000 r--p 00002000 08:0a 532161                     /usr/lib/x86_64-linux-gnu/libXau.so.6.0.0
7f7ac5d9e000-7f7ac5d9f000 rw-p 00003000 08:0a 532161                     /usr/lib/x86_64-linux-gnu/libXau.so.6.0.0
7f7ac5d9f000-7f7ac5da6000 r-xp 00000000 08:0a 532453                     /usr/lib/x86_64-linux-gnu/libffi.so.6.0.1
7f7ac5da6000-7f7ac5fa5000 ---p 00007000 08:0a 532453                     /usr/lib/x86_64-linux-gnu/libffi.so.6.0.1
7f7ac5fa5000-7f7ac5fa6000 r--p 00006000 08:0a 532453                     /usr/lib/x86_64-linux-gnu/libffi.so.6.0.1
7f7ac5fa6000-7f7ac5fa7000 rw-p 00007000 08:0a 532453                     /usr/lib/x86_64-linux-gnu/libffi.so.6.0.1
7f7ac5fa7000-7f7ac5fbe000 r-xp 00000000 08:0a 724278                     /lib/x86_64-linux-gnu/libresolv-2.19.so
7f7ac5fbe000-7f7ac61be000 ---p 00017000 08:0a 724278                     /lib/x86_64-linux-gnu/libresolv-2.19.so
7f7ac61be000-7f7ac61bf000 r--p 00017000 08:0a 724278                     /lib/x86_64-linux-gnu/libresolv-2.19.so
7f7ac61bf000-7f7ac61c0000 rw-p 00018000 08:0a 724278                     /lib/x86_64-linux-gnu/libresolv-2.19.so
7f7ac61c0000-7f7ac61c2000 rw-p 00000000 00:00 0 
7f7ac61c2000-7f7ac61e2000 r-xp 00000000 08:0a 657032                     /lib/x86_64-linux-gnu/libselinux.so.1
7f7ac61e2000-7f7ac63e1000 ---p 00020000 08:0a 657032                     /lib/x86_64-linux-gnu/libselinux.so.1
7f7ac63e1000-7f7ac63e2000 r--p 0001f000 08:0a 657032                     /lib/x86_64-linux-gnu/libselinux.so.1
7f7ac63e2000-7f7ac63e3000 rw-p 00020000 08:0a 657032                     /lib/x86_64-linux-gnu/libselinux.so.1
7f7ac63e3000-7f7ac63e5000 rw-p 00000000 00:00 0 
7f7ac63e5000-7f7ac64eb000 r-xp 00000000 08:0a 656933                     /lib/x86_64-linux-gnu/libglib-2.0.so.0.4002.0
7f7ac64eb000-7f7ac66ea000 ---p 00106000 08:0a 656933                     /lib/x86_64-linux-gnu/libglib-2.0.so.0.4002.0
7f7ac66ea000-7f7ac66eb000 r--p 00105000 08:0a 656933                     /lib/x86_64-linux-gnu/libglib-2.0.so.0.4002.0
7f7ac66eb000-7f7ac66ec000 rw-p 00106000 08:0a 656933                     /lib/x86_64-linux-gnu/libglib-2.0.so.0.4002.0
7f7ac66ec000-7f7ac66ed000 rw-p 00000000 00:00 0 
7f7ac66ed000-7f7ac66f0000 r-xp 00000000 08:0a 532566                     /usr/lib/x86_64-linux-gnu/libgmodule-2.0.so.0.4002.0
7f7ac66f0000-7f7ac68ef000 ---p 00003000 08:0a 532566                     /usr/lib/x86_64-linux-gnu/libgmodule-2.0.so.0.4002.0
7f7ac68ef000-7f7ac68f0000 r--p 00002000 08:0a 532566                     /usr/lib/x86_64-linux-gnu/libgmodule-2.0.so.0.4002.0
7f7ac68f0000-7f7ac68f1000 rw-p 00003000 08:0a 532566                     /usr/lib/x86_64-linux-gnu/libgmodule-2.0.so.0.4002.0
7f7ac68f1000-7f7ac6918000 r-xp 00000000 08:0a 656924                     /lib/x86_64-linux-gnu/libexpat.so.1.6.0
7f7ac6918000-7f7ac6b18000 ---p 00027000 08:0a 656924                     /lib/x86_64-linux-gnu/libexpat.so.1.6.0
7f7ac6b18000-7f7ac6b1a000 r--p 00027000 08:0a 656924                     /lib/x86_64-linux-gnu/libexpat.so.1.6.0
7f7ac6b1a000-7f7ac6b1b000 rw-p 00029000 08:0a 656924                     /lib/x86_64-linux-gnu/libexpat.so.1.6.0
7f7ac6b1b000-7f7ac6bb8000 r-xp 00000000 08:0a 532466                     /usr/lib/x86_64-linux-gnu/libfreetype.so.6.11.1
7f7ac6bb8000-7f7ac6db7000 ---p 0009d000 08:0a 532466                     /usr/lib/x86_64-linux-gnu/libfreetype.so.6.11.1
7f7ac6db7000-7f7ac6dbd000 r--p 0009c000 08:0a 532466                     /usr/lib/x86_64-linux-gnu/libfreetype.so.6.11.1
7f7ac6dbd000-7f7ac6dbe000 rw-p 000a2000 08:0a 532466                     /usr/lib/x86_64-linux-gnu/libfreetype.so.6.11.1
7f7ac6dbe000-7f7ac6ddb000 r-xp 00000000 08:0a 533234                     /usr/lib/x86_64-linux-gnu/libxcb.so.1.1.0
7f7ac6ddb000-7f7ac6fdb000 ---p 0001d000 08:0a 533234                     /usr/lib/x86_64-linux-gnu/libxcb.so.1.1.0
7f7ac6fdb000-7f7ac6fdc000 r--p 0001d000 08:0a 533234                     /usr/lib/x86_64-linux-gnu/libxcb.so.1.1.0
7f7ac6fdc000-7f7ac6fdd000 rw-p 0001e000 08:0a 533234                     /usr/lib/x86_64-linux-gnu/libxcb.so.1.1.0
7f7ac6fdd000-7f7ac702c000 r-xp 00000000 08:0a 532582                     /usr/lib/x86_64-linux-gnu/libgobject-2.0.so.0.4002.0
7f7ac702c000-7f7ac722c000 ---p 0004f000 08:0a 532582                     /usr/lib/x86_64-linux-gnu/libgobject-2.0.so.0.4002.0
7f7ac722c000-7f7ac722d000 r--p 0004f000 08:0a 532582                     /usr/lib/x86_64-linux-gnu/libgobject-2.0.so.0.4002.0
7f7ac722d000-7f7ac722e000 rw-p 00050000 08:0a 532582                     /usr/lib/x86_64-linux-gnu/libgobject-2.0.so.0.4002.0
7f7ac722e000-7f7ac739a000 r-xp 00000000 08:0a 532554                     /usr/lib/x86_64-linux-gnu/libgio-2.0.so.0.4002.0
7f7ac739a000-7f7ac7599000 ---p 0016c000 08:0a 532554                     /usr/lib/x86_64-linux-gnu/libgio-2.0.so.0.4002.0
7f7ac7599000-7f7ac759d000 r--p 0016b000 08:0a 532554                     /usr/lib/x86_64-linux-gnu/libgio-2.0.so.0.4002.0
7f7ac759d000-7f7ac759f000 rw-p 0016f000 08:0a 532554                     /usr/lib/x86_64-linux-gnu/libgio-2.0.so.0.4002.0
7f7ac759f000-7f7ac75a1000 rw-p 00000000 00:00 0 
7f7ac75a1000-7f7ac75db000 r-xp 00000000 08:0a 561422                     /usr/lib/x86_64-linux-gnu/libfontconfig.so.1.8.0
7f7ac75db000-7f7ac77da000 ---p 0003a000 08:0a 561422                     /usr/lib/x86_64-linux-gnu/libfontconfig.so.1.8.0
7f7ac77da000-7f7ac77dc000 r--p 00039000 08:0a 561422                     /usr/lib/x86_64-linux-gnu/libfontconfig.so.1.8.0
7f7ac77dc000-7f7ac77dd000 rw-p 0003b000 08:0a 561422                     /usr/lib/x86_64-linux-gnu/libfontconfig.so.1.8.0
7f7ac77dd000-7f7ac77ec000 r-xp 00000000 08:0a 532182                     /usr/lib/x86_64-linux-gnu/libXi.so.6.1.0
7f7ac77ec000-7f7ac79eb000 ---p 0000f000 08:0a 532182                     /usr/lib/x86_64-linux-gnu/libXi.so.6.1.0
7f7ac79eb000-7f7ac79ec000 r--p 0000e000 08:0a 532182                     /usr/lib/x86_64-linux-gnu/libXi.so.6.1.0
7f7ac79ec000-7f7ac79ed000 rw-p 0000f000 08:0a 532182                     /usr/lib/x86_64-linux-gnu/libXi.so.6.1.0
7f7ac79ed000-7f7ac79f2000 r-xp 00000000 08:0a 532202                     /usr/lib/x86_64-linux-gnu/libXtst.so.6.1.0
7f7ac79f2000-7f7ac7bf1000 ---p 00005000 08:0a 532202                     /usr/lib/x86_64-linux-gnu/libXtst.so.6.1.0
7f7ac7bf1000-7f7ac7bf2000 r--p 00004000 08:0a 532202                     /usr/lib/x86_64-linux-gnu/libXtst.so.6.1.0
7f7ac7bf2000-7f7ac7bf3000 rw-p 00005000 08:0a 532202                     /usr/lib/x86_64-linux-gnu/libXtst.so.6.1.0
7f7ac7bf3000-7f7ac7bf5000 r-xp 00000000 08:0a 532166                     /usr/lib/x86_64-linux-gnu/libXcomposite.so.1.0.0
7f7ac7bf5000-7f7ac7df4000 ---p 00002000 08:0a 532166                     /usr/lib/x86_64-linux-gnu/libXcomposite.so.1.0.0
7f7ac7df4000-7f7ac7df5000 r--p 00001000 08:0a 532166                     /usr/lib/x86_64-linux-gnu/libXcomposite.so.1.0.0
7f7ac7df5000-7f7ac7df6000 rw-p 00002000 08:0a 532166                     /usr/lib/x86_64-linux-gnu/libXcomposite.so.1.0.0
7f7ac7df6000-7f7ac7dff000 r-xp 00000000 08:0a 532196                     /usr/lib/x86_64-linux-gnu/libXrender.so.1.3.0
7f7ac7dff000-7f7ac7ffe000 ---p 00009000 08:0a 532196                     /usr/lib/x86_64-linux-gnu/libXrender.so.1.3.0
7f7ac7ffe000-7f7ac7fff000 r--p 00008000 08:0a 532196                     /usr/lib/x86_64-linux-gnu/libXrender.so.1.3.0
7f7ac7fff000-7f7ac8000000 rw-p 00009000 08:0a 532196                     /usr/lib/x86_64-linux-gnu/libXrender.so.1.3.0
7f7ac8000000-7f7ac8021000 rw-p 00000000 00:00 0 
7f7ac8021000-7f7acc000000 ---p 00000000 00:00 0 
7f7acc000000-7f7acc021000 rw-p 00000000 00:00 0 
7f7acc021000-7f7ad0000000 ---p 00000000 00:00 0 
7f7ad0000000-7f7ad0148000 rw-p 00000000 00:00 0 
7f7ad0148000-7f7ad4000000 ---p 00000000 00:00 0 
7f7ad4000000-7f7ad445b000 rw-p 00000000 00:00 0 
7f7ad445b000-7f7ad8000000 ---p 00000000 00:00 0 
7f7ad8000000-7f7ad8021000 rw-p 00000000 00:00 0 
7f7ad8021000-7f7adc000000 ---p 00000000 00:00 0 
7f7adc000000-7f7adc021000 rw-p 00000000 00:00 0 
7f7adc021000-7f7ae0000000 ---p 00000000 00:00 0 
7f7ae0000000-7f7ae0021000 rw-p 00000000 00:00 0 
7f7ae0021000-7f7ae4000000 ---p 00000000 00:00 0 
7f7ae4000000-7f7ae4021000 rw-p 00000000 00:00 0 
7f7ae4021000-7f7ae8000000 ---p 00000000 00:00 0 
7f7ae8000000-7f7ae8021000 rw-p 00000000 00:00 0 
7f7ae8021000-7f7aec000000 ---p 00000000 00:00 0 
7f7aec000000-7f7aec021000 rw-p 00000000 00:00 0 
7f7aec021000-7f7af0000000 ---p 00000000 00:00 0 
7f7af0000000-7f7af0021000 rw-p 00000000 00:00 0 
7f7af0021000-7f7af4000000 ---p 00000000 00:00 0 
7f7af4000000-7f7af4021000 rw-p 00000000 00:00 0 
7f7af4021000-7f7af8000000 ---p 00000000 00:00 0 
7f7af8000000-7f7af8021000 rw-p 00000000 00:00 0 
7f7af8021000-7f7afc000000 ---p 00000000 00:00 0 
7f7afc078000-7f7afc07b000 ---p 00000000 00:00 0 
7f7afc07b000-7f7afc1aa000 rw-p 00000000 00:00 0 
7f7afc1aa000-7f7afc2da000 r-xp 00000000 08:0a 532157                     /usr/lib/x86_64-linux-gnu/libX11.so.6.3.0
7f7afc2da000-7f7afc4da000 ---p 00130000 08:0a 532157                     /usr/lib/x86_64-linux-gnu/libX11.so.6.3.0
7f7afc4da000-7f7afc4db000 r--p 00130000 08:0a 532157                     /usr/lib/x86_64-linux-gnu/libX11.so.6.3.0
7f7afc4db000-7f7afc4df000 rw-p 00131000 08:0a 532157                     /usr/lib/x86_64-linux-gnu/libX11.so.6.3.0
7f7afc4df000-7f7afc4f0000 r-xp 00000000 08:0a 532174                     /usr/lib/x86_64-linux-gnu/libXext.so.6.4.0
7f7afc4f0000-7f7afc6ef000 ---p 00011000 08:0a 532174                     /usr/lib/x86_64-linux-gnu/libXext.so.6.4.0
7f7afc6ef000-7f7afc6f0000 r--p 00010000 08:0a 532174                     /usr/lib/x86_64-linux-gnu/libXext.so.6.4.0
7f7afc6f0000-7f7afc6f1000 rw-p 00011000 08:0a 532174                     /usr/lib/x86_64-linux-gnu/libXext.so.6.4.0
7f7afc707000-7f7afc708000 rw-p 00000000 00:00 0 
7f7afc708000-7f7afc70c000 r--s 0004f000 08:0a 411642                     /usr/lib/jvm/java-7-openjdk-amd64/jre/lib/jsse.jar
7f7afc70c000-7f7afc754000 r-xp 00000000 08:0a 411754                     /usr/lib/jvm/java-7-openjdk-amd64/jre/lib/amd64/xawt/libmawt.so
7f7afc754000-7f7afc953000 ---p 00048000 08:0a 411754                     /usr/lib/jvm/java-7-openjdk-amd64/jre/lib/amd64/xawt/libmawt.so
7f7afc953000-7f7afc954000 r--p 00047000 08:0a 411754                     /usr/lib/jvm/java-7-openjdk-amd64/jre/lib/amd64/xawt/libmawt.so
7f7afc954000-7f7afc957000 rw-p 00048000 08:0a 411754                     /usr/lib/jvm/java-7-openjdk-amd64/jre/lib/amd64/xawt/libmawt.so
7f7afc957000-7f7afc958000 rw-p 00000000 00:00 0 
7f7afc958000-7f7afc9f8000 r-xp 00000000 08:0a 411696                     /usr/lib/jvm/java-7-openjdk-amd64/jre/lib/amd64/libawt.so
7f7afc9f8000-7f7afcbf8000 ---p 000a0000 08:0a 411696                     /usr/lib/jvm/java-7-openjdk-amd64/jre/lib/amd64/libawt.so
7f7afcbf8000-7f7afcbf9000 r--p 000a0000 08:0a 411696                     /usr/lib/jvm/java-7-openjdk-amd64/jre/lib/amd64/libawt.so
7f7afcbf9000-7f7afcc04000 rw-p 000a1000 08:0a 411696                     /usr/lib/jvm/java-7-openjdk-amd64/jre/lib/amd64/libawt.so
7f7afcc04000-7f7afcc29000 rw-p 00000000 00:00 0 
7f7afcc29000-7f7afcc2c000 r--s 00019000 08:0a 944614                     /opt/intellij-idea-community/lib/idea_rt.jar
7f7afcc2c000-7f7afcc3a000 r--s 00083000 08:0a 667898                     /home/roma/IdeaProjects/lab1/src/main/resources/opencv-3.0.0-1.0.jar
7f7afcc3a000-7f7afcc3c000 r--s 00009000 08:0a 565287                     /home/roma/.m2/repository/org/bytedeco/javacpp-presets/flandmark/1.07-1.3/flandmark-1.07-1.3-windows-x86_64.jar
7f7afcc3c000-7f7afcc3e000 r--s 00007000 08:0a 565301                     /home/roma/.m2/repository/org/bytedeco/javacpp-presets/flandmark/1.07-1.3/flandmark-1.07-1.3-windows-x86.jar
7f7afcc3e000-7f7afcc3f000 r--s 00009000 08:0a 565186                     /home/roma/.m2/repository/org/bytedeco/javacpp-presets/flandmark/1.07-1.3/flandmark-1.07-1.3-macosx-x86_64.jar
7f7afcc3f000-7f7afcc41000 r--s 0000a000 08:0a 565297                     /home/roma/.m2/repository/org/bytedeco/javacpp-presets/flandmark/1.07-1.3/flandmark-1.07-1.3-linux-ppc64le.jar
7f7afcc41000-7f7afcc42000 r--s 00008000 08:0a 565295                     /home/roma/.m2/repository/org/bytedeco/javacpp-presets/flandmark/1.07-1.3/flandmark-1.07-1.3-linux-armhf.jar
7f7afcc42000-7f7afcc44000 r--s 00009000 08:0a 565293                     /home/roma/.m2/repository/org/bytedeco/javacpp-presets/flandmark/1.07-1.3/flandmark-1.07-1.3-linux-x86_64.jar
7f7afcc44000-7f7afcc45000 r--s 00009000 08:0a 565187                     /home/roma/.m2/repository/org/bytedeco/javacpp-presets/flandmark/1.07-1.3/flandmark-1.07-1.3-linux-x86.jar
7f7afcc45000-7f7afcc46000 r--s 0000a000 08:0a 565289                     /home/roma/.m2/repository/org/bytedeco/javacpp-presets/flandmark/1.07-1.3/flandmark-1.07-1.3-android-x86.jar
7f7afcc46000-7f7afcc47000 r--s 00009000 08:0a 565288                     /home/roma/.m2/repository/org/bytedeco/javacpp-presets/flandmark/1.07-1.3/flandmark-1.07-1.3-android-arm.jar
7f7afcc47000-7f7afcc48000 r--s 00000000 08:0a 565281                     /home/roma/.m2/repository/org/bytedeco/javacpp-presets/flandmark-platform/1.07-1.3/flandmark-platform-1.07-1.3.jar
7f7afcc48000-7f7afcc49000 r--s 00025000 08:0a 414400                     /home/roma/.m2/repository/org/bytedeco/javacpp-presets/artoolkitplus/2.3.1-1.3/artoolkitplus-2.3.1-1.3-windows-x86_64.jar
7f7afcc49000-7f7afcc4b000 r--s 0001d000 08:0a 414398                     /home/roma/.m2/repository/org/bytedeco/javacpp-presets/artoolkitplus/2.3.1-1.3/artoolkitplus-2.3.1-1.3-windows-x86.jar
7f7afcc4b000-7f7afcc4c000 r--s 00029000 08:0a 414396                     /home/roma/.m2/repository/org/bytedeco/javacpp-presets/artoolkitplus/2.3.1-1.3/artoolkitplus-2.3.1-1.3-macosx-x86_64.jar
7f7afcc4c000-7f7afcc4e000 r--s 0002e000 08:0a 414394                     /home/roma/.m2/repository/org/bytedeco/javacpp-presets/artoolkitplus/2.3.1-1.3/artoolkitplus-2.3.1-1.3-linux-ppc64le.jar
7f7afcc4e000-7f7afcc50000 r--s 00022000 08:0a 414392                     /home/roma/.m2/repository/org/bytedeco/javacpp-presets/artoolkitplus/2.3.1-1.3/artoolkitplus-2.3.1-1.3-linux-armhf.jar
7f7afcc50000-7f7afcc51000 r--s 0002a000 08:0a 414390                     /home/roma/.m2/repository/org/bytedeco/javacpp-presets/artoolkitplus/2.3.1-1.3/artoolkitplus-2.3.1-1.3-linux-x86_64.jar
7f7afcc51000-7f7afcc52000 r--s 00026000 08:0a 414388                     /home/roma/.m2/repository/org/bytedeco/javacpp-presets/artoolkitplus/2.3.1-1.3/artoolkitplus-2.3.1-1.3-linux-x86.jar
7f7afcc52000-7f7afcc53000 r--s 00062000 08:0a 414378                     /home/roma/.m2/repository/org/bytedeco/javacpp-presets/artoolkitplus/2.3.1-1.3/artoolkitplus-2.3.1-1.3-android-x86.jar
7f7afcc53000-7f7afcc54000 r--s 0004d000 08:0a 414386                     /home/roma/.m2/repository/org/bytedeco/javacpp-presets/artoolkitplus/2.3.1-1.3/artoolkitplus-2.3.1-1.3-android-arm.jar
7f7afcc54000-7f7afcc55000 r--s 00000000 08:0a 565279                     /home/roma/.m2/repository/org/bytedeco/javacpp-presets/artoolkitplus-platform/2.3.1-1.3/artoolkitplus-platform-2.3.1-1.3.jar
7f7afcc55000-7f7afcc56000 r--s 0000b000 08:0a 414377                     /home/roma/.m2/repository/org/bytedeco/javacpp-presets/videoinput/0.200-1.3/videoinput-0.200-1.3-windows-x86_64.jar
7f7afcc56000-7f7afcc57000 r--s 00009000 08:0a 414383                     /home/roma/.m2/repository/org/bytedeco/javacpp-presets/videoinput/0.200-1.3/videoinput-0.200-1.3-windows-x86.jar
7f7afcc57000-7f7afcc58000 r--s 00000000 08:0a 565277                     /home/roma/.m2/repository/org/bytedeco/javacpp-presets/videoinput-platform/0.200-1.3/videoinput-platform-0.200-1.3.jar
7f7afcc58000-7f7afcc59000 r--s 00076000 08:0a 667850                     /home/roma/.m2/repository/org/bytedeco/javacpp-presets/librealsense/1.9.6-1.3/librealsense-1.9.6-1.3-linux-x86_64.jar
7f7afcc59000-7f7afcc5a000 r--s 00074000 08:0a 667843                     /home/roma/.m2/repository/org/bytedeco/javacpp-presets/librealsense/1.9.6-1.3/librealsense-1.9.6-1.3-linux-x86.jar
7f7afcc5a000-7f7afcc5b000 r--s 00000000 08:0a 565275                     /home/roma/.m2/repository/org/bytedeco/javacpp-presets/librealsense-platform/1.9.6-1.3/librealsense-platform-1.9.6-1.3.jar
7f7afcc5b000-7f7afcc5c000 r--s 00061000 08:0a 667842                     /home/roma/.m2/repository/org/bytedeco/javacpp-presets/libfreenect2/0.2.0-1.3/libfreenect2-0.2.0-1.3-linux-x86_64.jar
7f7afcc5c000-7f7afcc5e000 r--s 00065000 08:0a 667839                     /home/roma/.m2/repository/org/bytedeco/javacpp-presets/libfreenect2/0.2.0-1.3/libfreenect2-0.2.0-1.3-linux-x86.jar
7f7afcc5e000-7f7afcc5f000 r--s 00000000 08:0a 565273                     /home/roma/.m2/repository/org/bytedeco/javacpp-presets/libfreenect2-platform/0.2.0-1.3/libfreenect2-platform-0.2.0-1.3.jar
7f7afcc5f000-7f7afcc60000 r--s 0002e000 08:0a 565271                     /home/roma/.m2/repository/org/bytedeco/javacpp-presets/libfreenect/0.5.3-1.3/libfreenect-0.5.3-1.3-windows-x86_64.jar
7f7afcc60000-7f7afcc61000 r--s 00028000 08:0a 565269                     /home/roma/.m2/repository/org/bytedeco/javacpp-presets/libfreenect/0.5.3-1.3/libfreenect-0.5.3-1.3-windows-x86.jar
7f7afcc61000-7f7afcc63000 r--s 0001a000 08:0a 565267                     /home/roma/.m2/repository/org/bytedeco/javacpp-presets/libfreenect/0.5.3-1.3/libfreenect-0.5.3-1.3-macosx-x86_64.jar
7f7afcc63000-7f7afcc64000 r--s 00015000 08:0a 565265                     /home/roma/.m2/repository/org/bytedeco/javacpp-presets/libfreenect/0.5.3-1.3/libfreenect-0.5.3-1.3-linux-ppc64le.jar
7f7afcc64000-7f7afcc66000 r--s 00011000 08:0a 565184                     /home/roma/.m2/repository/org/bytedeco/javacpp-presets/libfreenect/0.5.3-1.3/libfreenect-0.5.3-1.3-linux-armhf.jar
7f7afcc66000-7f7afcc67000 r--s 0001c000 08:0a 565264                     /home/roma/.m2/repository/org/bytedeco/javacpp-presets/libfreenect/0.5.3-1.3/libfreenect-0.5.3-1.3-linux-x86_64.jar
7f7afcc67000-7f7afcc68000 r--s 0001b000 08:0a 565261                     /home/roma/.m2/repository/org/bytedeco/javacpp-presets/libfreenect/0.5.3-1.3/libfreenect-0.5.3-1.3-linux-x86.jar
7f7afcc68000-7f7afcc69000 r--s 00000000 08:0a 565257                     /home/roma/.m2/repository/org/bytedeco/javacpp-presets/libfreenect-platform/0.5.3-1.3/libfreenect-platform-0.5.3-1.3.jar
7f7afcc69000-7f7afcc6a000 r--s 0002d000 08:0a 565255                     /home/roma/.m2/repository/org/bytedeco/javacpp-presets/libdc1394/2.2.4-1.3/libdc1394-2.2.4-1.3-windows-x86_64.jar
7f7afcc6a000-7f7afcc6c000 r--s 00032000 08:0a 565253                     /home/roma/.m2/repository/org/bytedeco/javacpp-presets/libdc1394/2.2.4-1.3/libdc1394-2.2.4-1.3-windows-x86.jar
7f7afcc6c000-7f7afcc6d000 r--s 00031000 08:0a 565251                     /home/roma/.m2/repository/org/bytedeco/javacpp-presets/libdc1394/2.2.4-1.3/libdc1394-2.2.4-1.3-macosx-x86_64.jar
7f7afcc6d000-7f7afcc6e000 r--s 00034000 08:0a 565249                     /home/roma/.m2/repository/org/bytedeco/javacpp-presets/libdc1394/2.2.4-1.3/libdc1394-2.2.4-1.3-linux-ppc64le.jar
7f7afcc6e000-7f7afcc6f000 r--s 0001f000 08:0a 565247                     /home/roma/.m2/repository/org/bytedeco/javacpp-presets/libdc1394/2.2.4-1.3/libdc1394-2.2.4-1.3-linux-armhf.jar
7f7afcc6f000-7f7afcc71000 r--s 0002f000 08:0a 565245                     /home/roma/.m2/repository/org/bytedeco/javacpp-presets/libdc1394/2.2.4-1.3/libdc1394-2.2.4-1.3-linux-x86_64.jar
7f7afcc71000-7f7afcc72000 r--s 0002d000 08:0a 565181                     /home/roma/.m2/repository/org/bytedeco/javacpp-presets/libdc1394/2.2.4-1.3/libdc1394-2.2.4-1.3-linux-x86.jar
7f7afcc72000-7f7afcc73000 r--s 00000000 08:0a 565241                     /home/roma/.m2/repository/org/bytedeco/javacpp-presets/libdc1394-platform/2.2.4-1.3/libdc1394-platform-2.2.4-1.3.jar
7f7afcc73000-7f7afcc74000 r--s 0003a000 08:0a 565239                     /home/roma/.m2/repository/org/bytedeco/javacpp-presets/flycapture/2.9.3.43-1.3/flycapture-2.9.3.43-1.3-windows-x86_64.jar
7f7afcc74000-7f7afcc76000 r--s 0002d000 08:0a 565237                     /home/roma/.m2/repository/org/bytedeco/javacpp-presets/flycapture/2.9.3.43-1.3/flycapture-2.9.3.43-1.3-windows-x86.jar
7f7afcc76000-7f7afcc77000 r--s 0002d000 08:0a 565235                     /home/roma/.m2/repository/org/bytedeco/javacpp-presets/flycapture/2.9.3.43-1.3/flycapture-2.9.3.43-1.3-linux-armhf.jar
7f7afcc77000-7f7afcc79000 r--s 0003a000 08:0a 565233                     /home/roma/.m2/repository/org/bytedeco/javacpp-presets/flycapture/2.9.3.43-1.3/flycapture-2.9.3.43-1.3-linux-x86_64.jar
7f7afcc79000-7f7afcc7b000 r--s 00035000 08:0a 565179                     /home/roma/.m2/repository/org/bytedeco/javacpp-presets/flycapture/2.9.3.43-1.3/flycapture-2.9.3.43-1.3-linux-x86.jar
7f7afcc7b000-7f7afcc7c000 r--s 00000000 08:0a 565229                     /home/roma/.m2/repository/org/bytedeco/javacpp-presets/flycapture-platform/2.9.3.43-1.3/flycapture-platform-2.9.3.43-1.3.jar
7f7afcc7c000-7f7afcc7d000 r--s 00bdb000 08:0a 565227                     /home/roma/.m2/repository/org/bytedeco/javacpp-presets/ffmpeg/3.2.1-1.3/ffmpeg-3.2.1-1.3-windows-x86_64.jar
7f7afcc7d000-7f7afcc7f000 r--s 00b6f000 08:0a 565226                     /home/roma/.m2/repository/org/bytedeco/javacpp-presets/ffmpeg/3.2.1-1.3/ffmpeg-3.2.1-1.3-windows-x86.jar
7f7afcc7f000-7f7afcc80000 r--s 00a78000 08:0a 565223                     /home/roma/.m2/repository/org/bytedeco/javacpp-presets/ffmpeg/3.2.1-1.3/ffmpeg-3.2.1-1.3-macosx-x86_64.jar
7f7afcc80000-7f7afcc82000 r--s 00cf7000 08:0a 565221                     /home/roma/.m2/repository/org/bytedeco/javacpp-presets/ffmpeg/3.2.1-1.3/ffmpeg-3.2.1-1.3-linux-ppc64le.jar
7f7afcc82000-7f7afcc84000 r--s 00a12000 08:0a 565219                     /home/roma/.m2/repository/org/bytedeco/javacpp-presets/ffmpeg/3.2.1-1.3/ffmpeg-3.2.1-1.3-linux-armhf.jar
7f7afcc84000-7f7afcc86000 r--s 00b72000 08:0a 565217                     /home/roma/.m2/repository/org/bytedeco/javacpp-presets/ffmpeg/3.2.1-1.3/ffmpeg-3.2.1-1.3-linux-x86_64.jar
7f7afcc86000-7f7afcc88000 r--s 00aa6000 08:0a 565193                     /home/roma/.m2/repository/org/bytedeco/javacpp-presets/ffmpeg/3.2.1-1.3/ffmpeg-3.2.1-1.3-linux-x86.jar
7f7afcc88000-7f7afcc8a000 r--s 00c3e000 08:0a 565213                     /home/roma/.m2/repository/org/bytedeco/javacpp-presets/ffmpeg/3.2.1-1.3/ffmpeg-3.2.1-1.3-android-x86.jar
7f7afcc8a000-7f7afcc8b000 r--s 00b15000 08:0a 565177                     /home/roma/.m2/repository/org/bytedeco/javacpp-presets/ffmpeg/3.2.1-1.3/ffmpeg-3.2.1-1.3-android-arm.jar
7f7afcc8b000-7f7afcc8c000 r--s 00000000 08:0a 565209                     /home/roma/.m2/repository/org/bytedeco/javacpp-presets/ffmpeg-platform/3.2.1-1.3/ffmpeg-platform-3.2.1-1.3.jar
7f7afcc8c000-7f7afcc8e000 r--s 00c6c000 08:0a 565207                     /home/roma/.m2/repository/org/bytedeco/javacpp-presets/opencv/3.2.0-1.3/opencv-3.2.0-1.3-windows-x86_64.jar
7f7afcc8e000-7f7afcc90000 r--s 00a5c000 08:0a 565205                     /home/roma/.m2/repository/org/bytedeco/javacpp-presets/opencv/3.2.0-1.3/opencv-3.2.0-1.3-windows-x86.jar
7f7afcc90000-7f7afcc92000 r--s 00aa7000 08:0a 565203                     /home/roma/.m2/repository/org/bytedeco/javacpp-presets/opencv/3.2.0-1.3/opencv-3.2.0-1.3-macosx-x86_64.jar
7f7afcc92000-7f7afcc95000 r--s 00c39000 08:0a 565198                     /home/roma/.m2/repository/org/bytedeco/javacpp-presets/opencv/3.2.0-1.3/opencv-3.2.0-1.3-linux-ppc64le.jar
7f7afcc95000-7f7afcc98000 r--s 00a26000 08:0a 565199                     /home/roma/.m2/repository/org/bytedeco/javacpp-presets/opencv/3.2.0-1.3/opencv-3.2.0-1.3-linux-armhf.jar
7f7afcc98000-7f7afcc9a000 r--s 00a3c000 08:0a 565197                     /home/roma/.m2/repository/org/bytedeco/javacpp-presets/opencv/3.2.0-1.3/opencv-3.2.0-1.3-linux-x86_64.jar
7f7afcc9a000-7f7afcc9d000 r--s 00a10000 08:0a 565183                     /home/roma/.m2/repository/org/bytedeco/javacpp-presets/opencv/3.2.0-1.3/opencv-3.2.0-1.3-linux-x86.jar
7f7afcc9d000-7f7afcc9f000 r--s 00efe000 08:0a 565188                     /home/roma/.m2/repository/org/bytedeco/javacpp-presets/opencv/3.2.0-1.3/opencv-3.2.0-1.3-android-x86.jar
7f7afcc9f000-7f7afcca1000 r--s 00b87000 08:0a 565194                     /home/roma/.m2/repository/org/bytedeco/javacpp-presets/opencv/3.2.0-1.3/opencv-3.2.0-1.3-android-arm.jar
7f7afcca1000-7f7afcca2000 r--s 00000000 08:0a 565189                     /home/roma/.m2/repository/org/bytedeco/javacpp-presets/opencv-platform/3.2.0-1.3/opencv-platform-3.2.0-1.3.jar
7f7afcca2000-7f7afcca3000 r--s 00002000 08:0a 565285                     /home/roma/.m2/repository/org/bytedeco/javacpp-presets/flandmark/1.07-1.3/flandmark-1.07-1.3.jar
7f7afcca3000-7f7afcca4000 r--s 00005000 08:0a 414384                     /home/roma/.m2/repository/org/bytedeco/javacpp-presets/artoolkitplus/2.3.1-1.3/artoolkitplus-2.3.1-1.3.jar
7f7afcca4000-7f7afcca5000 r--s 00003000 08:0a 414380                     /home/roma/.m2/repository/org/bytedeco/javacpp-presets/videoinput/0.200-1.3/videoinput-0.200-1.3.jar
7f7afcca5000-7f7afcca8000 r--s 00009000 08:0a 667851                     /home/roma/.m2/repository/org/bytedeco/javacpp-presets/librealsense/1.9.6-1.3/librealsense-1.9.6-1.3.jar
7f7afcca8000-7f7afcca9000 r--s 00005000 08:0a 667847                     /home/roma/.m2/repository/org/bytedeco/javacpp-presets/libfreenect2/0.2.0-1.3/libfreenect2-0.2.0-1.3.jar
7f7afcca9000-7f7afccab000 r--s 00004000 08:0a 565260                     /home/roma/.m2/repository/org/bytedeco/javacpp-presets/libfreenect/0.5.3-1.3/libfreenect-0.5.3-1.3.jar
7f7afccab000-7f7afccad000 r--s 00006000 08:0a 565243                     /home/roma/.m2/repository/org/bytedeco/javacpp-presets/libdc1394/2.2.4-1.3/libdc1394-2.2.4-1.3.jar
7f7afccad000-7f7afccb1000 r--s 0001f000 08:0a 565231                     /home/roma/.m2/repository/org/bytedeco/javacpp-presets/flycapture/2.9.3.43-1.3/flycapture-2.9.3.43-1.3.jar
7f7afccb1000-7f7afccb8000 r--s 00033000 08:0a 565211                     /home/roma/.m2/repository/org/bytedeco/javacpp-presets/ffmpeg/3.2.1-1.3/ffmpeg-3.2.1-1.3.jar
7f7afccb8000-7f7afccc9000 r--s 000a6000 08:0a 565192                     /home/roma/.m2/repository/org/bytedeco/javacpp-presets/opencv/3.2.0-1.3/opencv-3.2.0-1.3.jar
7f7afccc9000-7f7afccd4000 r--s 00203000 08:0a 411649                     /usr/lib/jvm/java-7-openjdk-amd64/jre/lib/charsets.jar
7f7afccd4000-7f7afccd9000 r--s 00049000 08:0a 667836                     /home/roma/.m2/repository/org/bytedeco/javacpp/1.3.2/javacpp-1.3.2.jar
7f7afccd9000-7f7afccdd000 r--s 0005b000 08:0a 667838                     /home/roma/.m2/repository/org/bytedeco/javacv/1.3.2/javacv-1.3.2.jar
7f7afccdd000-7f7afccde000 r--s 00000000 08:0a 565173                     /home/roma/.m2/repository/org/bytedeco/javacv-platform/1.3.2/javacv-platform-1.3.2.jar
7f7afccde000-7f7afccec000 r--s 0010f000 08:0a 411665                     /usr/lib/jvm/java-7-openjdk-amd64/jre/lib/rhino.jar
7f7afccec000-7f7afccf6000 r--s 000ae000 08:0a 411650                     /usr/lib/jvm/java-7-openjdk-amd64/jre/lib/resources.jar
7f7afccf6000-7f7afccf7000 r--s 00000000 08:0a 411643                     /usr/lib/jvm/java-7-openjdk-amd64/jre/lib/management-agent.jar
7f7afccf7000-7f7afccfb000 r--s 0004f000 08:0a 411642                     /usr/lib/jvm/java-7-openjdk-amd64/jre/lib/jsse.jar
7f7afccfb000-7f7afccfd000 r--s 00018000 08:0a 411673                     /usr/lib/jvm/java-7-openjdk-amd64/jre/lib/jce.jar
7f7afccfd000-7f7afcd08000 r--s 00203000 08:0a 411649                     /usr/lib/jvm/java-7-openjdk-amd64/jre/lib/charsets.jar
7f7afcd08000-7f7afcd09000 ---p 00000000 00:00 0 
7f7afcd09000-7f7afce09000 rw-p 00000000 00:00 0 
7f7afce09000-7f7afce0c000 ---p 00000000 00:00 0 
7f7afce0c000-7f7afcf0a000 rw-p 00000000 00:00 0 
7f7afcf0a000-7f7afcf0d000 ---p 00000000 00:00 0 
7f7afcf0d000-7f7afd00b000 rw-p 00000000 00:00 0 
7f7afd00b000-7f7afd00e000 ---p 00000000 00:00 0 
7f7afd00e000-7f7afd10c000 rw-p 00000000 00:00 0 
7f7afd10c000-7f7afd10f000 ---p 00000000 00:00 0 
7f7afd10f000-7f7afd20d000 rw-p 00000000 00:00 0 
7f7afd20d000-7f7afd210000 ---p 00000000 00:00 0 
7f7afd210000-7f7afd30e000 rw-p 00000000 00:00 0 
7f7afd30e000-7f7afd311000 ---p 00000000 00:00 0 
7f7afd311000-7f7afd40f000 rw-p 00000000 00:00 0 
7f7afd40f000-7f7afd413000 r-xp 00000000 08:0a 411686                     /usr/lib/jvm/java-7-openjdk-amd64/jre/lib/amd64/libdt_socket.so
7f7afd413000-7f7afd612000 ---p 00004000 08:0a 411686                     /usr/lib/jvm/java-7-openjdk-amd64/jre/lib/amd64/libdt_socket.so
7f7afd612000-7f7afd613000 r--p 00003000 08:0a 411686                     /usr/lib/jvm/java-7-openjdk-amd64/jre/lib/amd64/libdt_socket.so
7f7afd613000-7f7afd614000 rw-p 00004000 08:0a 411686                     /usr/lib/jvm/java-7-openjdk-amd64/jre/lib/amd64/libdt_socket.so
7f7afd614000-7f7afd617000 ---p 00000000 00:00 0 
7f7afd617000-7f7afd715000 rw-p 00000000 00:00 0 
7f7afd715000-7f7afd718000 ---p 00000000 00:00 0 
7f7afd718000-7f7afd816000 rw-p 00000000 00:00 0 
7f7afd816000-7f7afd819000 ---p 00000000 00:00 0 
7f7afd819000-7f7afd917000 rw-p 00000000 00:00 0 
7f7afd917000-7f7afd918000 ---p 00000000 00:00 0 
7f7afd918000-7f7afe3cd000 rw-p 00000000 00:00 0 
7f7afe3cd000-7f7afe580000 r--s 01d49000 08:0a 411712                     /usr/lib/jvm/java-7-openjdk-amd64/jre/lib/rt.jar
7f7afe580000-7f7b00bcb000 rw-p 00000000 00:00 0 
7f7b00bcb000-7f7b00bcc000 ---p 00000000 00:00 0 
7f7b00bcc000-7f7b00ccc000 rw-p 00000000 00:00 0 
7f7b00ccc000-7f7b00ccd000 ---p 00000000 00:00 0 
7f7b00ccd000-7f7b00dd8000 rw-p 00000000 00:00 0 
7f7b00dd8000-7f7b00e20000 rw-p 00000000 00:00 0 
7f7b00e20000-7f7b00e34000 rw-p 00000000 00:00 0 
7f7b00e34000-7f7b00f5f000 rw-p 00000000 00:00 0 
7f7b00f5f000-7f7b00f6a000 rw-p 00000000 00:00 0 
7f7b00f6a000-7f7b00fff000 rw-p 00000000 00:00 0 
7f7b00fff000-7f7b01000000 rw-p 00000000 00:00 0 
7f7b01000000-7f7b01270000 rwxp 00000000 00:00 0 
7f7b01270000-7f7b046c8000 rw-p 00000000 00:00 0 
7f7b046c8000-7f7b08000000 ---p 00000000 00:00 0 
7f7b08000000-7f7b0800b000 rw-p 00000000 00:00 0 
7f7b0800b000-7f7b08053000 rw-p 00000000 00:00 0 
7f7b08053000-7f7b08067000 rw-p 00000000 00:00 0 
7f7b08067000-7f7b08193000 rw-p 00000000 00:00 0 
7f7b08193000-7f7b0819b000 r-xp 00000000 08:0a 411691                     /usr/lib/jvm/java-7-openjdk-amd64/jre/lib/amd64/libzip.so
7f7b0819b000-7f7b0839a000 ---p 00008000 08:0a 411691                     /usr/lib/jvm/java-7-openjdk-amd64/jre/lib/amd64/libzip.so
7f7b0839a000-7f7b0839b000 r--p 00007000 08:0a 411691                     /usr/lib/jvm/java-7-openjdk-amd64/jre/lib/amd64/libzip.so
7f7b0839b000-7f7b0839c000 rw-p 00008000 08:0a 411691                     /usr/lib/jvm/java-7-openjdk-amd64/jre/lib/amd64/libzip.so
7f7b0839c000-7f7b083a6000 r-xp 00000000 08:0a 724302                     /lib/x86_64-linux-gnu/libnss_files-2.19.so
7f7b083a6000-7f7b085a5000 ---p 0000a000 08:0a 724302                     /lib/x86_64-linux-gnu/libnss_files-2.19.so
7f7b085a5000-7f7b085a6000 r--p 00009000 08:0a 724302                     /lib/x86_64-linux-gnu/libnss_files-2.19.so
7f7b085a6000-7f7b085a7000 rw-p 0000a000 08:0a 724302                     /lib/x86_64-linux-gnu/libnss_files-2.19.so
7f7b085a7000-7f7b085b2000 r-xp 00000000 08:0a 724279                     /lib/x86_64-linux-gnu/libnss_nis-2.19.so
7f7b085b2000-7f7b087b1000 ---p 0000b000 08:0a 724279                     /lib/x86_64-linux-gnu/libnss_nis-2.19.so
7f7b087b1000-7f7b087b2000 r--p 0000a000 08:0a 724279                     /lib/x86_64-linux-gnu/libnss_nis-2.19.so
7f7b087b2000-7f7b087b3000 rw-p 0000b000 08:0a 724279                     /lib/x86_64-linux-gnu/libnss_nis-2.19.so
7f7b087b3000-7f7b087ca000 r-xp 00000000 08:0a 724293                     /lib/x86_64-linux-gnu/libnsl-2.19.so
7f7b087ca000-7f7b089c9000 ---p 00017000 08:0a 724293                     /lib/x86_64-linux-gnu/libnsl-2.19.so
7f7b089c9000-7f7b089ca000 r--p 00016000 08:0a 724293                     /lib/x86_64-linux-gnu/libnsl-2.19.so
7f7b089ca000-7f7b089cb000 rw-p 00017000 08:0a 724293                     /lib/x86_64-linux-gnu/libnsl-2.19.so
7f7b089cb000-7f7b089cd000 rw-p 00000000 00:00 0 
7f7b089cd000-7f7b089d6000 r-xp 00000000 08:0a 724289                     /lib/x86_64-linux-gnu/libnss_compat-2.19.so
7f7b089d6000-7f7b08bd5000 ---p 00009000 08:0a 724289                     /lib/x86_64-linux-gnu/libnss_compat-2.19.so
7f7b08bd5000-7f7b08bd6000 r--p 00008000 08:0a 724289                     /lib/x86_64-linux-gnu/libnss_compat-2.19.so
7f7b08bd6000-7f7b08bd7000 rw-p 00009000 08:0a 724289                     /lib/x86_64-linux-gnu/libnss_compat-2.19.so
7f7b08bd7000-7f7b093ea000 r--p 00000000 08:0a 529427                     /usr/lib/locale/locale-archive
7f7b093ea000-7f7b093ec000 r-xp 00000000 08:0a 411683                     /usr/lib/jvm/java-7-openjdk-amd64/jre/lib/amd64/libnpt.so
7f7b093ec000-7f7b095ec000 ---p 00002000 08:0a 411683                     /usr/lib/jvm/java-7-openjdk-amd64/jre/lib/amd64/libnpt.so
7f7b095ec000-7f7b095ed000 r--p 00002000 08:0a 411683                     /usr/lib/jvm/java-7-openjdk-amd64/jre/lib/amd64/libnpt.so
7f7b095ed000-7f7b095ee000 rw-p 00003000 08:0a 411683                     /usr/lib/jvm/java-7-openjdk-amd64/jre/lib/amd64/libnpt.so
7f7b095ee000-7f7b09628000 r-xp 00000000 08:0a 411705                     /usr/lib/jvm/java-7-openjdk-amd64/jre/lib/amd64/libjdwp.so
7f7b09628000-7f7b09828000 ---p 0003a000 08:0a 411705                     /usr/lib/jvm/java-7-openjdk-amd64/jre/lib/amd64/libjdwp.so
7f7b09828000-7f7b09829000 r--p 0003a000 08:0a 411705                     /usr/lib/jvm/java-7-openjdk-amd64/jre/lib/amd64/libjdwp.so
7f7b09829000-7f7b0982a000 rw-p 0003b000 08:0a 411705                     /usr/lib/jvm/java-7-openjdk-amd64/jre/lib/amd64/libjdwp.so
7f7b0982a000-7f7b09854000 r-xp 00000000 08:0a 411677                     /usr/lib/jvm/java-7-openjdk-amd64/jre/lib/amd64/libjava.so
7f7b09854000-7f7b09a54000 ---p 0002a000 08:0a 411677                     /usr/lib/jvm/java-7-openjdk-amd64/jre/lib/amd64/libjava.so
7f7b09a54000-7f7b09a55000 r--p 0002a000 08:0a 411677                     /usr/lib/jvm/java-7-openjdk-amd64/jre/lib/amd64/libjava.so
7f7b09a55000-7f7b09a57000 rw-p 0002b000 08:0a 411677                     /usr/lib/jvm/java-7-openjdk-amd64/jre/lib/amd64/libjava.so
7f7b09a57000-7f7b09a67000 r-xp 00000000 08:0a 411707                     /usr/lib/jvm/java-7-openjdk-amd64/jre/lib/amd64/libverify.so
7f7b09a67000-7f7b09c66000 ---p 00010000 08:0a 411707                     /usr/lib/jvm/java-7-openjdk-amd64/jre/lib/amd64/libverify.so
7f7b09c66000-7f7b09c68000 r--p 0000f000 08:0a 411707                     /usr/lib/jvm/java-7-openjdk-amd64/jre/lib/amd64/libverify.so
7f7b09c68000-7f7b09c69000 rw-p 00011000 08:0a 411707                     /usr/lib/jvm/java-7-openjdk-amd64/jre/lib/amd64/libverify.so
7f7b09c69000-7f7b09c70000 r-xp 00000000 08:0a 677154                     /lib/x86_64-linux-gnu/librt-2.19.so
7f7b09c70000-7f7b09e6f000 ---p 00007000 08:0a 677154                     /lib/x86_64-linux-gnu/librt-2.19.so
7f7b09e6f000-7f7b09e70000 r--p 00006000 08:0a 677154                     /lib/x86_64-linux-gnu/librt-2.19.so
7f7b09e70000-7f7b09e71000 rw-p 00007000 08:0a 677154                     /lib/x86_64-linux-gnu/librt-2.19.so
7f7b09e71000-7f7b09e87000 r-xp 00000000 08:0a 656929                     /lib/x86_64-linux-gnu/libgcc_s.so.1
7f7b09e87000-7f7b0a086000 ---p 00016000 08:0a 656929                     /lib/x86_64-linux-gnu/libgcc_s.so.1
7f7b0a086000-7f7b0a087000 rw-p 00015000 08:0a 656929                     /lib/x86_64-linux-gnu/libgcc_s.so.1
7f7b0a087000-7f7b0a18c000 r-xp 00000000 08:0a 724294                     /lib/x86_64-linux-gnu/libm-2.19.so
7f7b0a18c000-7f7b0a38b000 ---p 00105000 08:0a 724294                     /lib/x86_64-linux-gnu/libm-2.19.so
7f7b0a38b000-7f7b0a38c000 r--p 00104000 08:0a 724294                     /lib/x86_64-linux-gnu/libm-2.19.so
7f7b0a38c000-7f7b0a38d000 rw-p 00105000 08:0a 724294                     /lib/x86_64-linux-gnu/libm-2.19.so
7f7b0a38d000-7f7b0a473000 r-xp 00000000 08:0a 533074                     /usr/lib/x86_64-linux-gnu/libstdc++.so.6.0.19
7f7b0a473000-7f7b0a672000 ---p 000e6000 08:0a 533074                     /usr/lib/x86_64-linux-gnu/libstdc++.so.6.0.19
7f7b0a672000-7f7b0a67a000 r--p 000e5000 08:0a 533074                     /usr/lib/x86_64-linux-gnu/libstdc++.so.6.0.19
7f7b0a67a000-7f7b0a67c000 rw-p 000ed000 08:0a 533074                     /usr/lib/x86_64-linux-gnu/libstdc++.so.6.0.19
7f7b0a67c000-7f7b0a691000 rw-p 00000000 00:00 0 
7f7b0a691000-7f7b0b1bf000 r-xp 00000000 08:0a 411690                     /usr/lib/jvm/java-7-openjdk-amd64/jre/lib/amd64/server/libjvm.so
7f7b0b1bf000-7f7b0b3bf000 ---p 00b2e000 08:0a 411690                     /usr/lib/jvm/java-7-openjdk-amd64/jre/lib/amd64/server/libjvm.so
7f7b0b3bf000-7f7b0b459000 r--p 00b2e000 08:0a 411690                     /usr/lib/jvm/java-7-openjdk-amd64/jre/lib/amd64/server/libjvm.so
7f7b0b459000-7f7b0b47c000 rw-p 00bc8000 08:0a 411690                     /usr/lib/jvm/java-7-openjdk-amd64/jre/lib/amd64/server/libjvm.so
7f7b0b47c000-7f7b0b4ab000 rw-p 00000000 00:00 0 
7f7b0b4ab000-7f7b0b4c3000 r-xp 00000000 08:0a 657065                     /lib/x86_64-linux-gnu/libz.so.1.2.8
7f7b0b4c3000-7f7b0b6c2000 ---p 00018000 08:0a 657065                     /lib/x86_64-linux-gnu/libz.so.1.2.8
7f7b0b6c2000-7f7b0b6c3000 r--p 00017000 08:0a 657065                     /lib/x86_64-linux-gnu/libz.so.1.2.8
7f7b0b6c3000-7f7b0b6c4000 rw-p 00018000 08:0a 657065                     /lib/x86_64-linux-gnu/libz.so.1.2.8
7f7b0b6c4000-7f7b0b6dd000 r-xp 00000000 08:0a 724305                     /lib/x86_64-linux-gnu/libpthread-2.19.so
7f7b0b6dd000-7f7b0b8dc000 ---p 00019000 08:0a 724305                     /lib/x86_64-linux-gnu/libpthread-2.19.so
7f7b0b8dc000-7f7b0b8dd000 r--p 00018000 08:0a 724305                     /lib/x86_64-linux-gnu/libpthread-2.19.so
7f7b0b8dd000-7f7b0b8de000 rw-p 00019000 08:0a 724305                     /lib/x86_64-linux-gnu/libpthread-2.19.so
7f7b0b8de000-7f7b0b8e2000 rw-p 00000000 00:00 0 
7f7b0b8e2000-7f7b0b8e5000 r-xp 00000000 08:0a 724303                     /lib/x86_64-linux-gnu/libdl-2.19.so
7f7b0b8e5000-7f7b0bae4000 ---p 00003000 08:0a 724303                     /lib/x86_64-linux-gnu/libdl-2.19.so
7f7b0bae4000-7f7b0bae5000 r--p 00002000 08:0a 724303                     /lib/x86_64-linux-gnu/libdl-2.19.so
7f7b0bae5000-7f7b0bae6000 rw-p 00003000 08:0a 724303                     /lib/x86_64-linux-gnu/libdl-2.19.so
7f7b0bae6000-7f7b0bca4000 r-xp 00000000 08:0a 724288                     /lib/x86_64-linux-gnu/libc-2.19.so
7f7b0bca4000-7f7b0bea3000 ---p 001be000 08:0a 724288                     /lib/x86_64-linux-gnu/libc-2.19.so
7f7b0bea3000-7f7b0bea7000 r--p 001bd000 08:0a 724288                     /lib/x86_64-linux-gnu/libc-2.19.so
7f7b0bea7000-7f7b0bea9000 rw-p 001c1000 08:0a 724288                     /lib/x86_64-linux-gnu/libc-2.19.so
7f7b0bea9000-7f7b0beae000 rw-p 00000000 00:00 0 
7f7b0beae000-7f7b0bebb000 r-xp 00000000 08:0a 411680                     /usr/lib/jvm/java-7-openjdk-amd64/jre/lib/amd64/jli/libjli.so
7f7b0bebb000-7f7b0c0ba000 ---p 0000d000 08:0a 411680                     /usr/lib/jvm/java-7-openjdk-amd64/jre/lib/amd64/jli/libjli.so
7f7b0c0ba000-7f7b0c0bb000 r--p 0000c000 08:0a 411680                     /usr/lib/jvm/java-7-openjdk-amd64/jre/lib/amd64/jli/libjli.so
7f7b0c0bb000-7f7b0c0bc000 rw-p 0000d000 08:0a 411680                     /usr/lib/jvm/java-7-openjdk-amd64/jre/lib/amd64/jli/libjli.so
7f7b0c0bc000-7f7b0c0df000 r-xp 00000000 08:0a 724301                     /lib/x86_64-linux-gnu/ld-2.19.so
7f7b0c0df000-7f7b0c0e1000 r--s 00006000 08:0a 944456                     /usr/share/java/java-atk-wrapper.jar
7f7b0c0e1000-7f7b0c0e5000 r--s 00034000 08:0a 411666                     /usr/lib/jvm/java-7-openjdk-amd64/jre/lib/ext/sunjce_provider.jar
7f7b0c0e5000-7f7b0c105000 rw-p 00000000 00:00 0 
7f7b0c105000-7f7b0c1bb000 rw-p 00000000 00:00 0 
7f7b0c1bb000-7f7b0c1be000 ---p 00000000 00:00 0 
7f7b0c1be000-7f7b0c2c1000 rw-p 00000000 00:00 0 
7f7b0c2c1000-7f7b0c2c2000 r--s 0000a000 08:0a 411654                     /usr/lib/jvm/java-7-openjdk-amd64/jre/lib/javazic.jar
7f7b0c2c2000-7f7b0c2c3000 r--s 00000000 08:0a 411672                     /usr/lib/jvm/java-7-openjdk-amd64/jre/lib/compilefontconfig.jar
7f7b0c2c3000-7f7b0c2c5000 r--s 00006000 08:0a 944456                     /usr/share/java/java-atk-wrapper.jar
7f7b0c2c5000-7f7b0c2c6000 r--s 00002000 08:0a 411669                     /usr/lib/jvm/java-7-openjdk-amd64/jre/lib/ext/dnsns.jar
7f7b0c2c6000-7f7b0c2c9000 r--s 0000f000 08:0a 411671                     /usr/lib/jvm/java-7-openjdk-amd64/jre/lib/ext/icedtea-sound.jar
7f7b0c2c9000-7f7b0c2cd000 r--s 00085000 08:0a 411667                     /usr/lib/jvm/java-7-openjdk-amd64/jre/lib/ext/localedata.jar
7f7b0c2cd000-7f7b0c2d0000 r--s 0003d000 08:0a 411670                     /usr/lib/jvm/java-7-openjdk-amd64/jre/lib/ext/sunpkcs11.jar
7f7b0c2d0000-7f7b0c2d2000 r--s 00012000 08:0a 411668                     /usr/lib/jvm/java-7-openjdk-amd64/jre/lib/ext/zipfs.jar
7f7b0c2d2000-7f7b0c2da000 rw-s 00000000 08:0a 311099                     /tmp/hsperfdata_roma/22355
7f7b0c2da000-7f7b0c2db000 rw-p 00000000 00:00 0 
7f7b0c2db000-7f7b0c2dc000 r--p 00000000 00:00 0 
7f7b0c2dc000-7f7b0c2de000 rw-p 00000000 00:00 0 
7f7b0c2de000-7f7b0c2df000 r--p 00022000 08:0a 724301                     /lib/x86_64-linux-gnu/ld-2.19.so
7f7b0c2df000-7f7b0c2e0000 rw-p 00023000 08:0a 724301                     /lib/x86_64-linux-gnu/ld-2.19.so
7f7b0c2e0000-7f7b0c2e1000 rw-p 00000000 00:00 0 
7fff5b6ea000-7fff5b70e000 rw-p 00000000 00:00 0                          [stack]
7fff5b718000-7fff5b71a000 r--p 00000000 00:00 0                          [vvar]
7fff5b71a000-7fff5b71c000 r-xp 00000000 00:00 0                          [vdso]
ffffffffff600000-ffffffffff601000 r-xp 00000000 00:00 0                  [vsyscall]

VM Arguments:
jvm_args: -agentlib:jdwp=transport=dt_socket,address=127.0.0.1:41409,suspend=y,server=n -Dfile.encoding=UTF-8 
java_command: Main
Launcher Type: SUN_STANDARD

Environment Variables:
PATH=/home/roma/.opam/4.02.1/bin:/usr/local/sbin:/usr/local/bin:/usr/sbin:/usr/bin:/sbin:/bin:/usr/games:/usr/local/games
LD_LIBRARY_PATH=/opt/intellij-idea-community/bin:
SHELL=/bin/bash
DISPLAY=:0

Signal Handlers:
SIGSEGV: [libjvm.so+0x95e460], sa_mask[0]=0x7ffbfeff, sa_flags=0x10000004
SIGBUS: [libjvm.so+0x95e460], sa_mask[0]=0x7ffbfeff, sa_flags=0x10000004
SIGFPE: [libjvm.so+0x7d2030], sa_mask[0]=0x7ffbfeff, sa_flags=0x10000004
SIGPIPE: [libjvm.so+0x7d2030], sa_mask[0]=0x7ffbfeff, sa_flags=0x10000004
SIGXFSZ: [libjvm.so+0x7d2030], sa_mask[0]=0x7ffbfeff, sa_flags=0x10000004
SIGILL: [libjvm.so+0x7d2030], sa_mask[0]=0x7ffbfeff, sa_flags=0x10000004
SIGUSR1: SIG_DFL, sa_mask[0]=0x00000000, sa_flags=0x00000000
SIGUSR2: [libjvm.so+0x7d2160], sa_mask[0]=0x00000004, sa_flags=0x10000004
SIGHUP: [libjvm.so+0x7d20b0], sa_mask[0]=0x7ffbfeff, sa_flags=0x10000004
SIGINT: [libjvm.so+0x7d20b0], sa_mask[0]=0x7ffbfeff, sa_flags=0x10000004
SIGTERM: [libjvm.so+0x7d20b0], sa_mask[0]=0x7ffbfeff, sa_flags=0x10000004
SIGQUIT: [libjvm.so+0x7d20b0], sa_mask[0]=0x7ffbfeff, sa_flags=0x10000004
SIGTRAP: SIG_DFL, sa_mask[0]=0x00000000, sa_flags=0x00000000


---------------  S Y S T E M  ---------------

OS:Ubuntu 14.04 (trusty)
uname:Linux 4.4.0-31-generic #50~14.04.1-Ubuntu SMP Wed Jul 13 01:07:32 UTC 2016 x86_64
libc:glibc 2.19 NPTL 2.19 
rlimit: STACK 8192k, CORE 0k, NPROC 14994, NOFILE 4096, AS infinity
load average:0,80 1,35 1,40

/proc/meminfo:
MemTotal:        3922888 kB
MemFree:          355476 kB
MemAvailable:     631608 kB
Buffers:           41656 kB
Cached:           671432 kB
SwapCached:        21472 kB
Active:          2318136 kB
Inactive:        1058244 kB
Active(anon):    1948424 kB
Inactive(anon):   981792 kB
Active(file):     369712 kB
Inactive(file):    76452 kB
Unevictable:          16 kB
Mlocked:              16 kB
SwapTotal:       4070396 kB
SwapFree:        3917140 kB
Dirty:              2284 kB
Writeback:             0 kB
AnonPages:       2644404 kB
Mapped:           223588 kB
Shmem:            267024 kB
Slab:             104820 kB
SReclaimable:      71592 kB
SUnreclaim:        33228 kB
KernelStack:        9344 kB
PageTables:        37328 kB
NFS_Unstable:          0 kB
Bounce:                0 kB
WritebackTmp:          0 kB
CommitLimit:     6031840 kB
Committed_AS:    6307252 kB
VmallocTotal:   34359738367 kB
VmallocUsed:           0 kB
VmallocChunk:          0 kB
HardwareCorrupted:     0 kB
AnonHugePages:   1497088 kB
CmaTotal:              0 kB
CmaFree:               0 kB
HugePages_Total:       0
HugePages_Free:        0
HugePages_Rsvd:        0
HugePages_Surp:        0
Hugepagesize:       2048 kB
DirectMap4k:       85756 kB
DirectMap2M:     3985408 kB


CPU:total 2 (2 cores per cpu, 1 threads per core) family 6 model 58 stepping 9, cmov, cx8, fxsr, mmx, sse, sse2, sse3, ssse3, sse4.1, sse4.2, popcnt, erms, tsc, tscinvbit, tscinv

/proc/cpuinfo:
processor	: 0
vendor_id	: GenuineIntel
cpu family	: 6
model		: 58
model name	: Intel(R) Pentium(R) CPU 2117U @ 1.80GHz
stepping	: 9
microcode	: 0x15
cpu MHz		: 1800.000
cache size	: 2048 KB
physical id	: 0
siblings	: 2
core id		: 0
cpu cores	: 2
apicid		: 0
initial apicid	: 0
fpu		: yes
fpu_exception	: yes
cpuid level	: 13
wp		: yes
flags		: fpu vme de pse tsc msr pae mce cx8 apic sep mtrr pge mca cmov pat pse36 clflush dts acpi mmx fxsr sse sse2 ss ht tm pbe syscall nx rdtscp lm constant_tsc arch_perfmon pebs bts rep_good nopl xtopology nonstop_tsc aperfmperf eagerfpu pni pclmulqdq dtes64 monitor ds_cpl vmx est tm2 ssse3 cx16 xtpr pdcm pcid sse4_1 sse4_2 x2apic popcnt tsc_deadline_timer xsave lahf_lm epb tpr_shadow vnmi flexpriority ept vpid fsgsbase smep erms xsaveopt dtherm arat pln pts
bugs		:
bogomips	: 3591.62
clflush size	: 64
cache_alignment	: 64
address sizes	: 36 bits physical, 48 bits virtual
power management:

processor	: 1
vendor_id	: GenuineIntel
cpu family	: 6
model		: 58
model name	: Intel(R) Pentium(R) CPU 2117U @ 1.80GHz
stepping	: 9
microcode	: 0x15
cpu MHz		: 1799.929
cache size	: 2048 KB
physical id	: 0
siblings	: 2
core id		: 1
cpu cores	: 2
apicid		: 2
initial apicid	: 2
fpu		: yes
fpu_exception	: yes
cpuid level	: 13
wp		: yes
flags		: fpu vme de pse tsc msr pae mce cx8 apic sep mtrr pge mca cmov pat pse36 clflush dts acpi mmx fxsr sse sse2 ss ht tm pbe syscall nx rdtscp lm constant_tsc arch_perfmon pebs bts rep_good nopl xtopology nonstop_tsc aperfmperf eagerfpu pni pclmulqdq dtes64 monitor ds_cpl vmx est tm2 ssse3 cx16 xtpr pdcm pcid sse4_1 sse4_2 x2apic popcnt tsc_deadline_timer xsave lahf_lm epb tpr_shadow vnmi flexpriority ept vpid fsgsbase smep erms xsaveopt dtherm arat pln pts
bugs		:
bogomips	: 3591.62
clflush size	: 64
cache_alignment	: 64
address sizes	: 36 bits physical, 48 bits virtual
power management:



Memory: 4k page, physical 3922888k(355476k free), swap 4070396k(3917140k free)

vm_info: OpenJDK 64-Bit Server VM (24.121-b00) for linux-amd64 JRE (1.7.0_121-b00), built on Feb  7 2017 18:45:58 by "buildd" with gcc 4.8.4

time: Mon May  1 21:02:51 2017
elapsed time: 2 seconds

