#
# A fatal error has been detected by the Java Runtime Environment:
#
#  SIGSEGV (0xb) at pc=0x00007f89b46a3d69, pid=21366, tid=140229420955392
#
# JRE version: OpenJDK Runtime Environment (7.0_121) (build 1.7.0_121-b00)
# Java VM: OpenJDK 64-Bit Server VM (24.121-b00 mixed mode linux-amd64 compressed oops)
# Derivative: IcedTea 2.6.8
# Distribution: Ubuntu 14.04 LTS, package 7u121-2.6.8-1ubuntu0.14.04.3
# Problematic frame:
# C  [libc.so.6+0x14dd69]
#
# Failed to write core dump. Core dumps have been disabled. To enable core dumping, try "ulimit -c unlimited" before starting Java again
#
# If you would like to submit a bug report, please include
# instructions on how to reproduce the bug and visit:
#   http://icedtea.classpath.org/bugzilla
# The crash happened outside the Java Virtual Machine in native code.
# See problematic frame for where to report the bug.
#

---------------  T H R E A D  ---------------

Current thread (0x00007f89ac011800):  JavaThread "main" [_thread_in_native, id=21367, stack(0x00007f89b4c2b000,0x00007f89b4d2c000)]

siginfo:si_signo=SIGSEGV: si_errno=0, si_code=2 (SEGV_ACCERR), si_addr=0x00007f89ac72a670

Registers:
RAX=0x00007f89ac5e4280, RBX=0x00007f89ac0119d8, RCX=0x0000000000080000, RDX=0x0000000000146400
RSP=0x00007f89b4d2a7c8, RBP=0x00007f89b4d2a8a8, RSI=0x00007f896c5a3400, RDI=0x00007f89ac72a680
R8 =0x00007f89ac72a670, R9 =0x00007f896c5a3410, R10=0x00007f89a901b4ed, R11=0x00007f89b396fef0
R12=0x00007f89b4d2a8a0, R13=0x00007f89ac5e4280, R14=0x00007f896c45d010, R15=0x0000000000146400
RIP=0x00007f89b46a3d69, EFLAGS=0x0000000000010206, CSGSFS=0x0000000000000033, ERR=0x0000000000000006
  TRAPNO=0x000000000000000e

Top of Stack: (sp=0x00007f89b4d2a7c8)
0x00007f89b4d2a7c8:   00007f896cbb79fd 00000000b9f2c5a8
0x00007f89b4d2a7d8:   00000000b9f2c5a8 00007f89b4d2a870
0x00007f89b4d2a7e8:   0000000000000000 00000000b9f2c5a8
0x00007f89b4d2a7f8:   00007f89b4d2a8a8 00007f89ac011800
0x00007f89b4d2a808:   00007f89a901b519 00007f89ac0123a8
0x00007f89b4d2a818:   00007f89ac0123a8 00000000fffffffe
0x00007f89b4d2a828:   0000000000000000 00007f89b4d2a830
0x00007f89b4d2a838:   00000000b9f2c5a8 00007f89b4d2a8a8
0x00007f89b4d2a848:   00000000ba1ab258 0000000000000000
0x00007f89b4d2a858:   00000000b9f2c5a8 0000000000000000
0x00007f89b4d2a868:   00007f89b4d2a890 00007f89b4d2a8f0
0x00007f89b4d2a878:   00007f89a90063cb 00000000ecfc5528
0x00007f89b4d2a888:   00007f89a9015c5b 0000000000146400
0x00007f89b4d2a898:   0000000000000000 00000000ec788870
0x00007f89b4d2a8a8:   00000000ec5f09c0 00007f89b4d2a8b0
0x00007f89b4d2a8b8:   00000000b9f2c8eb 00007f89b4d2a928
0x00007f89b4d2a8c8:   00000000ba1ab258 0000000000000000
0x00007f89b4d2a8d8:   00000000b9f2c958 00007f89b4d2a890
0x00007f89b4d2a8e8:   00007f89b4d2a920 00007f89b4d2a970
0x00007f89b4d2a8f8:   00007f89a90063cb 0000000000146400
0x00007f89b4d2a908:   0000000000000000 0000000000000001
0x00007f89b4d2a918:   0000000000000060 00000000ec788870
0x00007f89b4d2a928:   00000000ec5f09c0 00007f89b4d2a930
0x00007f89b4d2a938:   00000000b9ec6c38 00007f89b4d2aa08
0x00007f89b4d2a948:   00000000b9f31800 0000000000000000
0x00007f89b4d2a958:   00000000b9ec6dc0 00007f89b4d2a920
0x00007f89b4d2a968:   00007f89b4d2aa08 00007f89b4d2aa70
0x00007f89b4d2a978:   00007f89a90004e7 0000000000000000
0x00007f89b4d2a988:   0000000000000000 0000000000000000
0x00007f89b4d2a998:   00000000ec788870 00000000ec7886b8
0x00007f89b4d2a9a8:   00000000ec625e60 0000000000000000
0x00007f89b4d2a9b8:   00000000ec5f0e90 00000000ec5f0e18 

Instructions: (pc=0x00007f89b46a3d69)
0x00007f89b46a3d49:   48 01 d7 4c 8d 1d 9d c5 03 00 49 63 14 93 49 8d
0x00007f89b46a3d59:   14 13 ff e2 0f 0b 90 f3 0f 6f 4e f0 48 8d 76 f0
0x00007f89b46a3d69:   f3 41 0f 7f 00 66 0f 7f 4f f0 48 8d 7f f0 48 8d
0x00007f89b46a3d79:   92 70 ff ff ff 49 89 f9 49 29 f1 49 39 d1 73 09 

Register to memory mapping:

RAX=0x00007f89ac5e4280 is an unknown value
RBX=0x00007f89ac0119d8 is an unknown value
RCX=0x0000000000080000 is an unknown value
RDX=0x0000000000146400 is an unknown value
RSP=0x00007f89b4d2a7c8 is pointing into the stack for thread: 0x00007f89ac011800
RBP=0x00007f89b4d2a8a8 is pointing into the stack for thread: 0x00007f89ac011800
RSI=0x00007f896c5a3400 is an unknown value
RDI=0x00007f89ac72a680 is an unknown value
R8 =0x00007f89ac72a670 is an unknown value
R9 =0x00007f896c5a3410 is an unknown value
R10=0x00007f89a901b4ed is at code_begin+1197 in an Interpreter codelet
method entry point (kind = native)  [0x00007f89a901b040, 0x00007f89a901be40]  3584 bytes
R11=0x00007f89b396fef0: <offset 0x86eef0> in /usr/lib/jvm/java-7-openjdk-amd64/jre/lib/amd64/server/libjvm.so at 0x00007f89b3101000
R12=0x00007f89b4d2a8a0 is pointing into the stack for thread: 0x00007f89ac011800
R13=0x00007f89ac5e4280 is an unknown value
R14=0x00007f896c45d010 is an unknown value
R15=0x0000000000146400 is an unknown value


Stack: [0x00007f89b4c2b000,0x00007f89b4d2c000],  sp=0x00007f89b4d2a7c8,  free space=1021k
Native frames: (J=compiled Java code, j=interpreted, Vv=VM code, C=native code)
C  [libc.so.6+0x14dd69]

Java frames: (J=compiled Java code, j=interpreted, Vv=VM code)
j  org.bytedeco.javacpp.Pointer.memcpy(Lorg/bytedeco/javacpp/Pointer;Lorg/bytedeco/javacpp/Pointer;J)Lorg/bytedeco/javacpp/Pointer;+0
j  org.bytedeco.javacpp.Pointer.put(Lorg/bytedeco/javacpp/Pointer;)Lorg/bytedeco/javacpp/Pointer;+131
j  Main.main([Ljava/lang/String;)V+176
v  ~StubRoutines::call_stub

---------------  P R O C E S S  ---------------

Java Threads: ( => current thread )
  0x00007f89ac669800 JavaThread "AWT-XAWT" daemon [_thread_in_native, id=21396, stack(0x00007f896c5a4000,0x00007f896c6a5000)]
  0x00007f89ac57d800 JavaThread "JavaCPP Deallocator" daemon [_thread_blocked, id=21391, stack(0x00007f896da65000,0x00007f896db66000)]
  0x00007f89ac53a000 JavaThread "Java2D Disposer" daemon [_thread_blocked, id=21390, stack(0x00007f89a4089000,0x00007f89a418a000)]
  0x00007f89ac0c7000 JavaThread "Service Thread" daemon [_thread_blocked, id=21387, stack(0x00007f89a5866000,0x00007f89a5967000)]
  0x00007f89ac0c5000 JavaThread "C2 CompilerThread1" daemon [_thread_blocked, id=21386, stack(0x00007f89a5967000,0x00007f89a5a68000)]
  0x00007f89ac0c2000 JavaThread "C2 CompilerThread0" daemon [_thread_blocked, id=21385, stack(0x00007f89a5a68000,0x00007f89a5b69000)]
  0x00007f898c001000 JavaThread "JDWP Command Reader" daemon [_thread_in_native, id=21384, stack(0x00007f89a5b69000,0x00007f89a5c6a000)]
  0x00007f89ac0bf800 JavaThread "JDWP Event Helper Thread" daemon [_thread_blocked, id=21382, stack(0x00007f89a5c6a000,0x00007f89a5d6b000)]
  0x00007f89ac0bc000 JavaThread "JDWP Transport Listener: dt_socket" daemon [_thread_blocked, id=21380, stack(0x00007f89a5d6b000,0x00007f89a5e6c000)]
  0x00007f89ac0ab000 JavaThread "Signal Dispatcher" daemon [_thread_blocked, id=21379, stack(0x00007f89a6071000,0x00007f89a6172000)]
  0x00007f89ac07f000 JavaThread "Finalizer" daemon [_thread_blocked, id=21378, stack(0x00007f89a6172000,0x00007f89a6273000)]
  0x00007f89ac07d000 JavaThread "Reference Handler" daemon [_thread_blocked, id=21377, stack(0x00007f89a6273000,0x00007f89a6374000)]
=>0x00007f89ac011800 JavaThread "main" [_thread_in_native, id=21367, stack(0x00007f89b4c2b000,0x00007f89b4d2c000)]

Other Threads:
  0x00007f89ac078800 VMThread [stack: 0x00007f89a6374000,0x00007f89a6475000] [id=21376]
  0x00007f89ac0d2000 WatcherThread [stack: 0x00007f89a5765000,0x00007f89a5866000] [id=21388]

VM state:not at safepoint (normal execution)

VM Mutex/Monitor currently owned by a thread: None

Heap
 PSYoungGen      total 17920K, used 9950K [0x00000000ec080000, 0x00000000ed480000, 0x0000000100000000)
  eden space 15360K, 48% used [0x00000000ec080000,0x00000000ec7b9470,0x00000000ecf80000)
  from space 2560K, 99% used [0x00000000ecf80000,0x00000000ed1fe410,0x00000000ed200000)
  to   space 2560K, 0% used [0x00000000ed200000,0x00000000ed200000,0x00000000ed480000)
 ParOldGen       total 40448K, used 580K [0x00000000c4200000, 0x00000000c6980000, 0x00000000ec080000)
  object space 40448K, 1% used [0x00000000c4200000,0x00000000c42913b0,0x00000000c6980000)
 PSPermGen       total 21504K, used 9744K [0x00000000b9c00000, 0x00000000bb100000, 0x00000000c4200000)
  object space 21504K, 45% used [0x00000000b9c00000,0x00000000ba5840d8,0x00000000bb100000)

Card table byte_map: [0x00007f89b09d0000,0x00007f89b0c03000] byte_map_base: 0x00007f89b0402000

Polling page: 0x00007f89b4d4b000

Code Cache  [0x00007f89a9000000, 0x00007f89a9270000, 0x00007f89ac000000)
 total_blobs=495 nmethods=73 adapters=384 free_code_cache=48475Kb largest_free_block=49615360

Compilation events (10 events):
Event: 2,018 Thread 0x00007f89ac0c5000 nmethod 69 0x00007f89a9093790 code [0x00007f89a90938e0, 0x00007f89a90939b8]
Event: 2,018 Thread 0x00007f89ac0c5000   70             java.lang.CharacterDataLatin1::toLowerCase (39 bytes)
Event: 2,021 Thread 0x00007f89ac0c5000 nmethod 70 0x00007f89a909b610 code [0x00007f89a909b760, 0x00007f89a909b838]
Event: 2,058 Thread 0x00007f89ac0c2000 nmethod 66 0x00007f89a90a13d0 code [0x00007f89a90a1580, 0x00007f89a90a2198]
Event: 2,119 Thread 0x00007f89ac0c5000   71             java.lang.String::equals (81 bytes)
Event: 2,126 Thread 0x00007f89ac0c5000 nmethod 71 0x00007f89a90ab4d0 code [0x00007f89a90ab620, 0x00007f89a90ab918]
Event: 2,154 Thread 0x00007f89ac0c2000   72             java.util.HashMap::hash (55 bytes)
Event: 2,156 Thread 0x00007f89ac0c2000 nmethod 72 0x00007f89a90a9850 code [0x00007f89a90a99a0, 0x00007f89a90a9ad8]
Event: 2,168 Thread 0x00007f89ac0c2000   73             java.lang.String::substring (79 bytes)
Event: 2,178 Thread 0x00007f89ac0c2000 nmethod 73 0x00007f89a90a8810 code [0x00007f89a90a8980, 0x00007f89a90a8db8]

GC Heap History (2 events):
Event: 1,694 GC heap before
{Heap before GC invocations=1 (full 0):
 PSYoungGen      total 17920K, used 15360K [0x00000000ec080000, 0x00000000ed480000, 0x0000000100000000)
  eden space 15360K, 100% used [0x00000000ec080000,0x00000000ecf80000,0x00000000ecf80000)
  from space 2560K, 0% used [0x00000000ed200000,0x00000000ed200000,0x00000000ed480000)
  to   space 2560K, 0% used [0x00000000ecf80000,0x00000000ecf80000,0x00000000ed200000)
 ParOldGen       total 40448K, used 0K [0x00000000c4200000, 0x00000000c6980000, 0x00000000ec080000)
  object space 40448K, 0% used [0x00000000c4200000,0x00000000c4200000,0x00000000c6980000)
 PSPermGen       total 21504K, used 8032K [0x00000000b9c00000, 0x00000000bb100000, 0x00000000c4200000)
  object space 21504K, 37% used [0x00000000b9c00000,0x00000000ba3d8250,0x00000000bb100000)
Event: 1,701 GC heap after
Heap after GC invocations=1 (full 0):
 PSYoungGen      total 17920K, used 2553K [0x00000000ec080000, 0x00000000ed480000, 0x0000000100000000)
  eden space 15360K, 0% used [0x00000000ec080000,0x00000000ec080000,0x00000000ecf80000)
  from space 2560K, 99% used [0x00000000ecf80000,0x00000000ed1fe410,0x00000000ed200000)
  to   space 2560K, 0% used [0x00000000ed200000,0x00000000ed200000,0x00000000ed480000)
 ParOldGen       total 40448K, used 580K [0x00000000c4200000, 0x00000000c6980000, 0x00000000ec080000)
  object space 40448K, 1% used [0x00000000c4200000,0x00000000c42913b0,0x00000000c6980000)
 PSPermGen       total 21504K, used 8032K [0x00000000b9c00000, 0x00000000bb100000, 0x00000000c4200000)
  object space 21504K, 37% used [0x00000000b9c00000,0x00000000ba3d8250,0x00000000bb100000)
}

Deoptimization events (10 events):
Event: 1,377 Thread 0x00007f89ac011800 Uncommon trap: reason=unstable_if action=reinterpret pc=0x00007f89a906ac38 method=java.util.Properties$LineReader.readLine()I @ 97
Event: 1,452 Thread 0x00007f89ac011800 Uncommon trap: reason=class_check action=maybe_recompile pc=0x00007f89a907dce8 method=java.lang.String.equals(Ljava/lang/Object;)Z @ 8
Event: 1,452 Thread 0x00007f89ac011800 Uncommon trap: reason=class_check action=maybe_recompile pc=0x00007f89a907dce8 method=java.lang.String.equals(Ljava/lang/Object;)Z @ 8
Event: 1,452 Thread 0x00007f89ac011800 Uncommon trap: reason=class_check action=maybe_recompile pc=0x00007f89a907dce8 method=java.lang.String.equals(Ljava/lang/Object;)Z @ 8
Event: 2,064 Thread 0x00007f89ac011800 Uncommon trap: reason=unstable_if action=reinterpret pc=0x00007f89a9097b4c method=sun.misc.URLClassPath$JarLoader.getResource(Ljava/lang/String;Z)Lsun/misc/Resource; @ 15
Event: 2,064 Thread 0x00007f89ac011800 Uncommon trap: reason=unstable_if action=reinterpret pc=0x00007f89a908cdc4 method=sun.misc.URLClassPath$JarLoader.ensureOpen()V @ 4
Event: 2,064 Thread 0x00007f89ac011800 Uncommon trap: reason=unstable_if action=reinterpret pc=0x00007f89a908c7bc method=java.util.zip.ZipCoder.encoder()Ljava/nio/charset/CharsetEncoder; @ 4
Event: 2,064 Thread 0x00007f89ac011800 Uncommon trap: reason=unstable_if action=reinterpret pc=0x00007f89a908e008 method=java.util.zip.ZipCoder.encoder()Ljava/nio/charset/CharsetEncoder; @ 4
Event: 2,076 Thread 0x00007f89ac011800 Uncommon trap: reason=null_check action=make_not_entrant pc=0x00007f89a907dcfc method=java.lang.String.equals(Ljava/lang/Object;)Z @ 8
Event: 2,106 Thread 0x00007f89ac011800 Uncommon trap: reason=unstable_if action=reinterpret pc=0x00007f89a9083a8c method=java.lang.String.replace(CC)Ljava/lang/String; @ 26

Internal exceptions (10 events):
Event: 1,771 Thread 0x00007f89ac011800 Threw 0x00000000ec224c28 at /build/openjdk-7-fqDl7t/openjdk-7-7u121-2.6.8/build/openjdk/hotspot/src/share/vm/prims/jvm.cpp:1322
Event: 1,772 Thread 0x00007f89ac011800 Threw 0x00000000ec22d438 at /build/openjdk-7-fqDl7t/openjdk-7-7u121-2.6.8/build/openjdk/hotspot/src/share/vm/prims/jvm.cpp:1322
Event: 1,772 Thread 0x00007f89ac011800 Threw 0x00000000ec235de0 at /build/openjdk-7-fqDl7t/openjdk-7-7u121-2.6.8/build/openjdk/hotspot/src/share/vm/prims/jvm.cpp:1322
Event: 1,773 Thread 0x00007f89ac011800 Threw 0x00000000ec23e328 at /build/openjdk-7-fqDl7t/openjdk-7-7u121-2.6.8/build/openjdk/hotspot/src/share/vm/prims/jvm.cpp:1322
Event: 1,785 Thread 0x00007f89ac011800 Threw 0x00000000ec247048 at /build/openjdk-7-fqDl7t/openjdk-7-7u121-2.6.8/build/openjdk/hotspot/src/share/vm/prims/jvm.cpp:1322
Event: 1,906 Thread 0x00007f89ac011800 Threw 0x00000000ec4bfb68 at /build/openjdk-7-fqDl7t/openjdk-7-7u121-2.6.8/build/openjdk/hotspot/src/share/vm/prims/jvm.cpp:1322
Event: 2,064 Thread 0x00007f89ac011800 Threw 0x00000000ec5fb118 at /build/openjdk-7-fqDl7t/openjdk-7-7u121-2.6.8/build/openjdk/hotspot/src/share/vm/classfile/systemDictionary.cpp:185
Event: 2,064 Thread 0x00007f89ac011800 Implicit null exception at 0x00007f89a908c2c4 to 0x00007f89a908c7a5
Event: 2,076 Thread 0x00007f89ac011800 Implicit null exception at 0x00007f89a907da45 to 0x00007f89a907dced
Event: 2,151 Thread 0x00007f89ac011800 Threw 0x00000000ec6323b0 at /build/openjdk-7-fqDl7t/openjdk-7-7u121-2.6.8/build/openjdk/hotspot/src/share/vm/prims/jvm.cpp:1322

Events (10 events):
Event: 2,139 loading class 0x00007f89781c05e0 done
Event: 2,143 loading class 0x00007f89781c0660
Event: 2,143 loading class 0x00007f89781c0660 done
Event: 2,144 loading class 0x00007f89781553c0
Event: 2,144 loading class 0x00007f89781553c0 done
Event: 2,150 Thread 0x00007f89ac669800 Thread added: 0x00007f89ac669800
Event: 2,151 loading class 0x00007f89ac66ab50
Event: 2,151 loading class 0x00007f89ac66ab50 done
Event: 2,158 loading class 0x00007f8978155510
Event: 2,158 loading class 0x00007f8978155510 done


Dynamic libraries:
00400000-00401000 r-xp 00000000 08:0a 303760                             /usr/lib/jvm/java-7-openjdk-amd64/jre/bin/java
00600000-00601000 r--p 00000000 08:0a 303760                             /usr/lib/jvm/java-7-openjdk-amd64/jre/bin/java
00601000-00602000 rw-p 00001000 08:0a 303760                             /usr/lib/jvm/java-7-openjdk-amd64/jre/bin/java
00d25000-00d46000 rw-p 00000000 00:00 0                                  [heap]
b9c00000-bb100000 rw-p 00000000 00:00 0 
bb100000-c4200000 rw-p 00000000 00:00 0 
c4200000-c6980000 rw-p 00000000 00:00 0 
c6980000-ec080000 rw-p 00000000 00:00 0 
ec080000-ed480000 rw-p 00000000 00:00 0 
ed480000-100000000 rw-p 00000000 00:00 0 
7f8968000000-7f8968021000 rw-p 00000000 00:00 0 
7f8968021000-7f896c000000 ---p 00000000 00:00 0 
7f896c45d000-7f896c5a4000 rw-p 00000000 00:00 0 
7f896c5a4000-7f896c5a7000 ---p 00000000 00:00 0 
7f896c5a7000-7f896c6a5000 rw-p 00000000 00:00 0 
7f896c6a5000-7f896c6aa000 r-xp 00000000 08:0a 532176                     /usr/lib/x86_64-linux-gnu/libXfixes.so.3.1.0
7f896c6aa000-7f896c8a9000 ---p 00005000 08:0a 532176                     /usr/lib/x86_64-linux-gnu/libXfixes.so.3.1.0
7f896c8a9000-7f896c8aa000 r--p 00004000 08:0a 532176                     /usr/lib/x86_64-linux-gnu/libXfixes.so.3.1.0
7f896c8aa000-7f896c8ab000 rw-p 00005000 08:0a 532176                     /usr/lib/x86_64-linux-gnu/libXfixes.so.3.1.0
7f896c8ab000-7f896c8b4000 r-xp 00000000 08:0a 532168                     /usr/lib/x86_64-linux-gnu/libXcursor.so.1.0.2
7f896c8b4000-7f896cab3000 ---p 00009000 08:0a 532168                     /usr/lib/x86_64-linux-gnu/libXcursor.so.1.0.2
7f896cab3000-7f896cab4000 r--p 00008000 08:0a 532168                     /usr/lib/x86_64-linux-gnu/libXcursor.so.1.0.2
7f896cab4000-7f896cab5000 rw-p 00009000 08:0a 532168                     /usr/lib/x86_64-linux-gnu/libXcursor.so.1.0.2
7f896cab5000-7f896cd44000 r-xp 00000000 08:0a 218289                     /home/roma/.javacpp/cache/opencv-3.2.0-1.3-linux-x86_64.jar/org/bytedeco/javacpp/linux-x86_64/libjniopencv_core.so
7f896cd44000-7f896cf43000 ---p 0028f000 08:0a 218289                     /home/roma/.javacpp/cache/opencv-3.2.0-1.3-linux-x86_64.jar/org/bytedeco/javacpp/linux-x86_64/libjniopencv_core.so
7f896cf43000-7f896cf46000 rw-p 0028e000 08:0a 218289                     /home/roma/.javacpp/cache/opencv-3.2.0-1.3-linux-x86_64.jar/org/bytedeco/javacpp/linux-x86_64/libjniopencv_core.so
7f896cf46000-7f896cf47000 rw-p 00000000 00:00 0 
7f896cf47000-7f896d188000 r-xp 00000000 08:0a 218287                     /home/roma/.javacpp/cache/opencv-3.2.0-1.3-linux-x86_64.jar/org/bytedeco/javacpp/linux-x86_64/libopencv_imgproc.so.3.2
7f896d188000-7f896d388000 ---p 00241000 08:0a 218287                     /home/roma/.javacpp/cache/opencv-3.2.0-1.3-linux-x86_64.jar/org/bytedeco/javacpp/linux-x86_64/libopencv_imgproc.so.3.2
7f896d388000-7f896d39a000 rw-p 00241000 08:0a 218287                     /home/roma/.javacpp/cache/opencv-3.2.0-1.3-linux-x86_64.jar/org/bytedeco/javacpp/linux-x86_64/libopencv_imgproc.so.3.2
7f896d39a000-7f896d42f000 rw-p 00000000 00:00 0 
7f896d42f000-7f896d647000 r-xp 00000000 08:0a 218285                     /home/roma/.javacpp/cache/opencv-3.2.0-1.3-linux-x86_64.jar/org/bytedeco/javacpp/linux-x86_64/libopencv_core.so.3.2
7f896d647000-7f896d847000 ---p 00218000 08:0a 218285                     /home/roma/.javacpp/cache/opencv-3.2.0-1.3-linux-x86_64.jar/org/bytedeco/javacpp/linux-x86_64/libopencv_core.so.3.2
7f896d847000-7f896d84e000 rw-p 00218000 08:0a 218285                     /home/roma/.javacpp/cache/opencv-3.2.0-1.3-linux-x86_64.jar/org/bytedeco/javacpp/linux-x86_64/libopencv_core.so.3.2
7f896d84e000-7f896d850000 rw-p 00000000 00:00 0 
7f896d850000-7f896d865000 r-xp 00000000 08:0a 217677                     /home/roma/.javacpp/cache/opencv-3.2.0-1.3-linux-x86_64.jar/org/bytedeco/javacpp/linux-x86_64/libgomp.so.1
7f896d865000-7f896da64000 ---p 00015000 08:0a 217677                     /home/roma/.javacpp/cache/opencv-3.2.0-1.3-linux-x86_64.jar/org/bytedeco/javacpp/linux-x86_64/libgomp.so.1
7f896da64000-7f896da65000 rw-p 00014000 08:0a 217677                     /home/roma/.javacpp/cache/opencv-3.2.0-1.3-linux-x86_64.jar/org/bytedeco/javacpp/linux-x86_64/libgomp.so.1
7f896da65000-7f896da68000 ---p 00000000 00:00 0 
7f896da68000-7f896db66000 rw-p 00000000 00:00 0 
7f896db66000-7f896db7d000 r-xp 00000000 08:0a 411695                     /usr/lib/jvm/java-7-openjdk-amd64/jre/lib/amd64/libnet.so
7f896db7d000-7f896dd7c000 ---p 00017000 08:0a 411695                     /usr/lib/jvm/java-7-openjdk-amd64/jre/lib/amd64/libnet.so
7f896dd7c000-7f896dd7d000 r--p 00016000 08:0a 411695                     /usr/lib/jvm/java-7-openjdk-amd64/jre/lib/amd64/libnet.so
7f896dd7d000-7f896dd7e000 rw-p 00017000 08:0a 411695                     /usr/lib/jvm/java-7-openjdk-amd64/jre/lib/amd64/libnet.so
7f896dd7e000-7f896dd8e000 r-xp 00000000 08:0a 411675                     /usr/lib/jvm/java-7-openjdk-amd64/jre/lib/amd64/libnio.so
7f896dd8e000-7f896df8e000 ---p 00010000 08:0a 411675                     /usr/lib/jvm/java-7-openjdk-amd64/jre/lib/amd64/libnio.so
7f896df8e000-7f896df8f000 r--p 00010000 08:0a 411675                     /usr/lib/jvm/java-7-openjdk-amd64/jre/lib/amd64/libnio.so
7f896df8f000-7f896df90000 rw-p 00011000 08:0a 411675                     /usr/lib/jvm/java-7-openjdk-amd64/jre/lib/amd64/libnio.so
7f896df90000-7f896dfcd000 r-xp 00000000 08:0a 657005                     /lib/x86_64-linux-gnu/libpcre.so.3.13.1
7f896dfcd000-7f896e1cc000 ---p 0003d000 08:0a 657005                     /lib/x86_64-linux-gnu/libpcre.so.3.13.1
7f896e1cc000-7f896e1cd000 r--p 0003c000 08:0a 657005                     /lib/x86_64-linux-gnu/libpcre.so.3.13.1
7f896e1cd000-7f896e1ce000 rw-p 0003d000 08:0a 657005                     /lib/x86_64-linux-gnu/libpcre.so.3.13.1
7f896e1ce000-7f896e1f3000 r-xp 00000000 08:0a 657017                     /lib/x86_64-linux-gnu/libpng12.so.0.50.0
7f896e1f3000-7f896e3f2000 ---p 00025000 08:0a 657017                     /lib/x86_64-linux-gnu/libpng12.so.0.50.0
7f896e3f2000-7f896e3f3000 r--p 00024000 08:0a 657017                     /lib/x86_64-linux-gnu/libpng12.so.0.50.0
7f896e3f3000-7f896e3f4000 rw-p 00025000 08:0a 657017                     /lib/x86_64-linux-gnu/libpng12.so.0.50.0
7f896e3f4000-7f896e3f9000 r-xp 00000000 08:0a 532172                     /usr/lib/x86_64-linux-gnu/libXdmcp.so.6.0.0
7f896e3f9000-7f896e5f8000 ---p 00005000 08:0a 532172                     /usr/lib/x86_64-linux-gnu/libXdmcp.so.6.0.0
7f896e5f8000-7f896e5f9000 r--p 00004000 08:0a 532172                     /usr/lib/x86_64-linux-gnu/libXdmcp.so.6.0.0
7f896e5f9000-7f896e5fa000 rw-p 00005000 08:0a 532172                     /usr/lib/x86_64-linux-gnu/libXdmcp.so.6.0.0
7f896e5fa000-7f896e5fc000 r-xp 00000000 08:0a 532161                     /usr/lib/x86_64-linux-gnu/libXau.so.6.0.0
7f896e5fc000-7f896e7fc000 ---p 00002000 08:0a 532161                     /usr/lib/x86_64-linux-gnu/libXau.so.6.0.0
7f896e7fc000-7f896e7fd000 r--p 00002000 08:0a 532161                     /usr/lib/x86_64-linux-gnu/libXau.so.6.0.0
7f896e7fd000-7f896e7fe000 rw-p 00003000 08:0a 532161                     /usr/lib/x86_64-linux-gnu/libXau.so.6.0.0
7f896e7fe000-7f896e805000 r-xp 00000000 08:0a 532453                     /usr/lib/x86_64-linux-gnu/libffi.so.6.0.1
7f896e805000-7f896ea04000 ---p 00007000 08:0a 532453                     /usr/lib/x86_64-linux-gnu/libffi.so.6.0.1
7f896ea04000-7f896ea05000 r--p 00006000 08:0a 532453                     /usr/lib/x86_64-linux-gnu/libffi.so.6.0.1
7f896ea05000-7f896ea06000 rw-p 00007000 08:0a 532453                     /usr/lib/x86_64-linux-gnu/libffi.so.6.0.1
7f896ea06000-7f896ea1d000 r-xp 00000000 08:0a 724278                     /lib/x86_64-linux-gnu/libresolv-2.19.so
7f896ea1d000-7f896ec1d000 ---p 00017000 08:0a 724278                     /lib/x86_64-linux-gnu/libresolv-2.19.so
7f896ec1d000-7f896ec1e000 r--p 00017000 08:0a 724278                     /lib/x86_64-linux-gnu/libresolv-2.19.so
7f896ec1e000-7f896ec1f000 rw-p 00018000 08:0a 724278                     /lib/x86_64-linux-gnu/libresolv-2.19.so
7f896ec1f000-7f896ec21000 rw-p 00000000 00:00 0 
7f896ec21000-7f896ec41000 r-xp 00000000 08:0a 657032                     /lib/x86_64-linux-gnu/libselinux.so.1
7f896ec41000-7f896ee40000 ---p 00020000 08:0a 657032                     /lib/x86_64-linux-gnu/libselinux.so.1
7f896ee40000-7f896ee41000 r--p 0001f000 08:0a 657032                     /lib/x86_64-linux-gnu/libselinux.so.1
7f896ee41000-7f896ee42000 rw-p 00020000 08:0a 657032                     /lib/x86_64-linux-gnu/libselinux.so.1
7f896ee42000-7f896ee44000 rw-p 00000000 00:00 0 
7f896ee44000-7f896ef4a000 r-xp 00000000 08:0a 656933                     /lib/x86_64-linux-gnu/libglib-2.0.so.0.4002.0
7f896ef4a000-7f896f149000 ---p 00106000 08:0a 656933                     /lib/x86_64-linux-gnu/libglib-2.0.so.0.4002.0
7f896f149000-7f896f14a000 r--p 00105000 08:0a 656933                     /lib/x86_64-linux-gnu/libglib-2.0.so.0.4002.0
7f896f14a000-7f896f14b000 rw-p 00106000 08:0a 656933                     /lib/x86_64-linux-gnu/libglib-2.0.so.0.4002.0
7f896f14b000-7f896f14c000 rw-p 00000000 00:00 0 
7f896f14c000-7f896f14f000 r-xp 00000000 08:0a 532566                     /usr/lib/x86_64-linux-gnu/libgmodule-2.0.so.0.4002.0
7f896f14f000-7f896f34e000 ---p 00003000 08:0a 532566                     /usr/lib/x86_64-linux-gnu/libgmodule-2.0.so.0.4002.0
7f896f34e000-7f896f34f000 r--p 00002000 08:0a 532566                     /usr/lib/x86_64-linux-gnu/libgmodule-2.0.so.0.4002.0
7f896f34f000-7f896f350000 rw-p 00003000 08:0a 532566                     /usr/lib/x86_64-linux-gnu/libgmodule-2.0.so.0.4002.0
7f896f350000-7f896f377000 r-xp 00000000 08:0a 656924                     /lib/x86_64-linux-gnu/libexpat.so.1.6.0
7f896f377000-7f896f577000 ---p 00027000 08:0a 656924                     /lib/x86_64-linux-gnu/libexpat.so.1.6.0
7f896f577000-7f896f579000 r--p 00027000 08:0a 656924                     /lib/x86_64-linux-gnu/libexpat.so.1.6.0
7f896f579000-7f896f57a000 rw-p 00029000 08:0a 656924                     /lib/x86_64-linux-gnu/libexpat.so.1.6.0
7f896f57a000-7f896f617000 r-xp 00000000 08:0a 532466                     /usr/lib/x86_64-linux-gnu/libfreetype.so.6.11.1
7f896f617000-7f896f816000 ---p 0009d000 08:0a 532466                     /usr/lib/x86_64-linux-gnu/libfreetype.so.6.11.1
7f896f816000-7f896f81c000 r--p 0009c000 08:0a 532466                     /usr/lib/x86_64-linux-gnu/libfreetype.so.6.11.1
7f896f81c000-7f896f81d000 rw-p 000a2000 08:0a 532466                     /usr/lib/x86_64-linux-gnu/libfreetype.so.6.11.1
7f896f81d000-7f896f83a000 r-xp 00000000 08:0a 533234                     /usr/lib/x86_64-linux-gnu/libxcb.so.1.1.0
7f896f83a000-7f896fa3a000 ---p 0001d000 08:0a 533234                     /usr/lib/x86_64-linux-gnu/libxcb.so.1.1.0
7f896fa3a000-7f896fa3b000 r--p 0001d000 08:0a 533234                     /usr/lib/x86_64-linux-gnu/libxcb.so.1.1.0
7f896fa3b000-7f896fa3c000 rw-p 0001e000 08:0a 533234                     /usr/lib/x86_64-linux-gnu/libxcb.so.1.1.0
7f896fa3c000-7f896fa8b000 r-xp 00000000 08:0a 532582                     /usr/lib/x86_64-linux-gnu/libgobject-2.0.so.0.4002.0
7f896fa8b000-7f896fc8b000 ---p 0004f000 08:0a 532582                     /usr/lib/x86_64-linux-gnu/libgobject-2.0.so.0.4002.0
7f896fc8b000-7f896fc8c000 r--p 0004f000 08:0a 532582                     /usr/lib/x86_64-linux-gnu/libgobject-2.0.so.0.4002.0
7f896fc8c000-7f896fc8d000 rw-p 00050000 08:0a 532582                     /usr/lib/x86_64-linux-gnu/libgobject-2.0.so.0.4002.0
7f896fc8d000-7f896fdf9000 r-xp 00000000 08:0a 532554                     /usr/lib/x86_64-linux-gnu/libgio-2.0.so.0.4002.0
7f896fdf9000-7f896fff8000 ---p 0016c000 08:0a 532554                     /usr/lib/x86_64-linux-gnu/libgio-2.0.so.0.4002.0
7f896fff8000-7f896fffc000 r--p 0016b000 08:0a 532554                     /usr/lib/x86_64-linux-gnu/libgio-2.0.so.0.4002.0
7f896fffc000-7f896fffe000 rw-p 0016f000 08:0a 532554                     /usr/lib/x86_64-linux-gnu/libgio-2.0.so.0.4002.0
7f896fffe000-7f8970000000 rw-p 00000000 00:00 0 
7f8970000000-7f8970021000 rw-p 00000000 00:00 0 
7f8970021000-7f8974000000 ---p 00000000 00:00 0 
7f8974000000-7f8974021000 rw-p 00000000 00:00 0 
7f8974021000-7f8978000000 ---p 00000000 00:00 0 
7f8978000000-7f8978415000 rw-p 00000000 00:00 0 
7f8978415000-7f897c000000 ---p 00000000 00:00 0 
7f897c000000-7f897c32f000 rw-p 00000000 00:00 0 
7f897c32f000-7f8980000000 ---p 00000000 00:00 0 
7f8980000000-7f8980021000 rw-p 00000000 00:00 0 
7f8980021000-7f8984000000 ---p 00000000 00:00 0 
7f8984000000-7f8984021000 rw-p 00000000 00:00 0 
7f8984021000-7f8988000000 ---p 00000000 00:00 0 
7f8988000000-7f8988021000 rw-p 00000000 00:00 0 
7f8988021000-7f898c000000 ---p 00000000 00:00 0 
7f898c000000-7f898c021000 rw-p 00000000 00:00 0 
7f898c021000-7f8990000000 ---p 00000000 00:00 0 
7f8990000000-7f8990021000 rw-p 00000000 00:00 0 
7f8990021000-7f8994000000 ---p 00000000 00:00 0 
7f8994000000-7f8994021000 rw-p 00000000 00:00 0 
7f8994021000-7f8998000000 ---p 00000000 00:00 0 
7f8998000000-7f8998021000 rw-p 00000000 00:00 0 
7f8998021000-7f899c000000 ---p 00000000 00:00 0 
7f899c000000-7f899c021000 rw-p 00000000 00:00 0 
7f899c021000-7f89a0000000 ---p 00000000 00:00 0 
7f89a0000000-7f89a0021000 rw-p 00000000 00:00 0 
7f89a0021000-7f89a4000000 ---p 00000000 00:00 0 
7f89a4089000-7f89a408c000 ---p 00000000 00:00 0 
7f89a408c000-7f89a41bb000 rw-p 00000000 00:00 0 
7f89a41bb000-7f89a41f5000 r-xp 00000000 08:0a 561422                     /usr/lib/x86_64-linux-gnu/libfontconfig.so.1.8.0
7f89a41f5000-7f89a43f4000 ---p 0003a000 08:0a 561422                     /usr/lib/x86_64-linux-gnu/libfontconfig.so.1.8.0
7f89a43f4000-7f89a43f6000 r--p 00039000 08:0a 561422                     /usr/lib/x86_64-linux-gnu/libfontconfig.so.1.8.0
7f89a43f6000-7f89a43f7000 rw-p 0003b000 08:0a 561422                     /usr/lib/x86_64-linux-gnu/libfontconfig.so.1.8.0
7f89a43f7000-7f89a4406000 r-xp 00000000 08:0a 532182                     /usr/lib/x86_64-linux-gnu/libXi.so.6.1.0
7f89a4406000-7f89a4605000 ---p 0000f000 08:0a 532182                     /usr/lib/x86_64-linux-gnu/libXi.so.6.1.0
7f89a4605000-7f89a4606000 r--p 0000e000 08:0a 532182                     /usr/lib/x86_64-linux-gnu/libXi.so.6.1.0
7f89a4606000-7f89a4607000 rw-p 0000f000 08:0a 532182                     /usr/lib/x86_64-linux-gnu/libXi.so.6.1.0
7f89a4607000-7f89a460c000 r-xp 00000000 08:0a 532202                     /usr/lib/x86_64-linux-gnu/libXtst.so.6.1.0
7f89a460c000-7f89a480b000 ---p 00005000 08:0a 532202                     /usr/lib/x86_64-linux-gnu/libXtst.so.6.1.0
7f89a480b000-7f89a480c000 r--p 00004000 08:0a 532202                     /usr/lib/x86_64-linux-gnu/libXtst.so.6.1.0
7f89a480c000-7f89a480d000 rw-p 00005000 08:0a 532202                     /usr/lib/x86_64-linux-gnu/libXtst.so.6.1.0
7f89a480d000-7f89a480f000 r-xp 00000000 08:0a 532166                     /usr/lib/x86_64-linux-gnu/libXcomposite.so.1.0.0
7f89a480f000-7f89a4a0e000 ---p 00002000 08:0a 532166                     /usr/lib/x86_64-linux-gnu/libXcomposite.so.1.0.0
7f89a4a0e000-7f89a4a0f000 r--p 00001000 08:0a 532166                     /usr/lib/x86_64-linux-gnu/libXcomposite.so.1.0.0
7f89a4a0f000-7f89a4a10000 rw-p 00002000 08:0a 532166                     /usr/lib/x86_64-linux-gnu/libXcomposite.so.1.0.0
7f89a4a10000-7f89a4a19000 r-xp 00000000 08:0a 532196                     /usr/lib/x86_64-linux-gnu/libXrender.so.1.3.0
7f89a4a19000-7f89a4c18000 ---p 00009000 08:0a 532196                     /usr/lib/x86_64-linux-gnu/libXrender.so.1.3.0
7f89a4c18000-7f89a4c19000 r--p 00008000 08:0a 532196                     /usr/lib/x86_64-linux-gnu/libXrender.so.1.3.0
7f89a4c19000-7f89a4c1a000 rw-p 00009000 08:0a 532196                     /usr/lib/x86_64-linux-gnu/libXrender.so.1.3.0
7f89a4c1a000-7f89a4d4a000 r-xp 00000000 08:0a 532157                     /usr/lib/x86_64-linux-gnu/libX11.so.6.3.0
7f89a4d4a000-7f89a4f4a000 ---p 00130000 08:0a 532157                     /usr/lib/x86_64-linux-gnu/libX11.so.6.3.0
7f89a4f4a000-7f89a4f4b000 r--p 00130000 08:0a 532157                     /usr/lib/x86_64-linux-gnu/libX11.so.6.3.0
7f89a4f4b000-7f89a4f4f000 rw-p 00131000 08:0a 532157                     /usr/lib/x86_64-linux-gnu/libX11.so.6.3.0
7f89a4f4f000-7f89a4f60000 r-xp 00000000 08:0a 532174                     /usr/lib/x86_64-linux-gnu/libXext.so.6.4.0
7f89a4f60000-7f89a515f000 ---p 00011000 08:0a 532174                     /usr/lib/x86_64-linux-gnu/libXext.so.6.4.0
7f89a515f000-7f89a5160000 r--p 00010000 08:0a 532174                     /usr/lib/x86_64-linux-gnu/libXext.so.6.4.0
7f89a5160000-7f89a5161000 rw-p 00011000 08:0a 532174                     /usr/lib/x86_64-linux-gnu/libXext.so.6.4.0
7f89a5177000-7f89a5178000 rw-p 00000000 00:00 0 
7f89a5178000-7f89a517c000 r--s 0004f000 08:0a 411642                     /usr/lib/jvm/java-7-openjdk-amd64/jre/lib/jsse.jar
7f89a517c000-7f89a51c4000 r-xp 00000000 08:0a 411754                     /usr/lib/jvm/java-7-openjdk-amd64/jre/lib/amd64/xawt/libmawt.so
7f89a51c4000-7f89a53c3000 ---p 00048000 08:0a 411754                     /usr/lib/jvm/java-7-openjdk-amd64/jre/lib/amd64/xawt/libmawt.so
7f89a53c3000-7f89a53c4000 r--p 00047000 08:0a 411754                     /usr/lib/jvm/java-7-openjdk-amd64/jre/lib/amd64/xawt/libmawt.so
7f89a53c4000-7f89a53c7000 rw-p 00048000 08:0a 411754                     /usr/lib/jvm/java-7-openjdk-amd64/jre/lib/amd64/xawt/libmawt.so
7f89a53c7000-7f89a53c8000 rw-p 00000000 00:00 0 
7f89a53c8000-7f89a5468000 r-xp 00000000 08:0a 411696                     /usr/lib/jvm/java-7-openjdk-amd64/jre/lib/amd64/libawt.so
7f89a5468000-7f89a5668000 ---p 000a0000 08:0a 411696                     /usr/lib/jvm/java-7-openjdk-amd64/jre/lib/amd64/libawt.so
7f89a5668000-7f89a5669000 r--p 000a0000 08:0a 411696                     /usr/lib/jvm/java-7-openjdk-amd64/jre/lib/amd64/libawt.so
7f89a5669000-7f89a5674000 rw-p 000a1000 08:0a 411696                     /usr/lib/jvm/java-7-openjdk-amd64/jre/lib/amd64/libawt.so
7f89a5674000-7f89a5699000 rw-p 00000000 00:00 0 
7f89a5699000-7f89a569c000 r--s 00019000 08:0a 944614                     /opt/intellij-idea-community/lib/idea_rt.jar
7f89a569c000-7f89a56aa000 r--s 00083000 08:0a 667898                     /home/roma/IdeaProjects/lab1/src/main/resources/opencv-3.0.0-1.0.jar
7f89a56aa000-7f89a56ac000 r--s 00009000 08:0a 565287                     /home/roma/.m2/repository/org/bytedeco/javacpp-presets/flandmark/1.07-1.3/flandmark-1.07-1.3-windows-x86_64.jar
7f89a56ac000-7f89a56ae000 r--s 00007000 08:0a 565301                     /home/roma/.m2/repository/org/bytedeco/javacpp-presets/flandmark/1.07-1.3/flandmark-1.07-1.3-windows-x86.jar
7f89a56ae000-7f89a56af000 r--s 00009000 08:0a 565186                     /home/roma/.m2/repository/org/bytedeco/javacpp-presets/flandmark/1.07-1.3/flandmark-1.07-1.3-macosx-x86_64.jar
7f89a56af000-7f89a56b1000 r--s 0000a000 08:0a 565297                     /home/roma/.m2/repository/org/bytedeco/javacpp-presets/flandmark/1.07-1.3/flandmark-1.07-1.3-linux-ppc64le.jar
7f89a56b1000-7f89a56b2000 r--s 00008000 08:0a 565295                     /home/roma/.m2/repository/org/bytedeco/javacpp-presets/flandmark/1.07-1.3/flandmark-1.07-1.3-linux-armhf.jar
7f89a56b2000-7f89a56b4000 r--s 00009000 08:0a 565293                     /home/roma/.m2/repository/org/bytedeco/javacpp-presets/flandmark/1.07-1.3/flandmark-1.07-1.3-linux-x86_64.jar
7f89a56b4000-7f89a56b5000 r--s 00009000 08:0a 565187                     /home/roma/.m2/repository/org/bytedeco/javacpp-presets/flandmark/1.07-1.3/flandmark-1.07-1.3-linux-x86.jar
7f89a56b5000-7f89a56b6000 r--s 0000a000 08:0a 565289                     /home/roma/.m2/repository/org/bytedeco/javacpp-presets/flandmark/1.07-1.3/flandmark-1.07-1.3-android-x86.jar
7f89a56b6000-7f89a56b7000 r--s 00009000 08:0a 565288                     /home/roma/.m2/repository/org/bytedeco/javacpp-presets/flandmark/1.07-1.3/flandmark-1.07-1.3-android-arm.jar
7f89a56b7000-7f89a56b8000 r--s 00000000 08:0a 565281                     /home/roma/.m2/repository/org/bytedeco/javacpp-presets/flandmark-platform/1.07-1.3/flandmark-platform-1.07-1.3.jar
7f89a56b8000-7f89a56b9000 r--s 00025000 08:0a 414400                     /home/roma/.m2/repository/org/bytedeco/javacpp-presets/artoolkitplus/2.3.1-1.3/artoolkitplus-2.3.1-1.3-windows-x86_64.jar
7f89a56b9000-7f89a56bb000 r--s 0001d000 08:0a 414398                     /home/roma/.m2/repository/org/bytedeco/javacpp-presets/artoolkitplus/2.3.1-1.3/artoolkitplus-2.3.1-1.3-windows-x86.jar
7f89a56bb000-7f89a56bc000 r--s 00029000 08:0a 414396                     /home/roma/.m2/repository/org/bytedeco/javacpp-presets/artoolkitplus/2.3.1-1.3/artoolkitplus-2.3.1-1.3-macosx-x86_64.jar
7f89a56bc000-7f89a56be000 r--s 0002e000 08:0a 414394                     /home/roma/.m2/repository/org/bytedeco/javacpp-presets/artoolkitplus/2.3.1-1.3/artoolkitplus-2.3.1-1.3-linux-ppc64le.jar
7f89a56be000-7f89a56c0000 r--s 00022000 08:0a 414392                     /home/roma/.m2/repository/org/bytedeco/javacpp-presets/artoolkitplus/2.3.1-1.3/artoolkitplus-2.3.1-1.3-linux-armhf.jar
7f89a56c0000-7f89a56c1000 r--s 0002a000 08:0a 414390                     /home/roma/.m2/repository/org/bytedeco/javacpp-presets/artoolkitplus/2.3.1-1.3/artoolkitplus-2.3.1-1.3-linux-x86_64.jar
7f89a56c1000-7f89a56c2000 r--s 00026000 08:0a 414388                     /home/roma/.m2/repository/org/bytedeco/javacpp-presets/artoolkitplus/2.3.1-1.3/artoolkitplus-2.3.1-1.3-linux-x86.jar
7f89a56c2000-7f89a56c3000 r--s 00062000 08:0a 414378                     /home/roma/.m2/repository/org/bytedeco/javacpp-presets/artoolkitplus/2.3.1-1.3/artoolkitplus-2.3.1-1.3-android-x86.jar
7f89a56c3000-7f89a56c4000 r--s 0004d000 08:0a 414386                     /home/roma/.m2/repository/org/bytedeco/javacpp-presets/artoolkitplus/2.3.1-1.3/artoolkitplus-2.3.1-1.3-android-arm.jar
7f89a56c4000-7f89a56c5000 r--s 00000000 08:0a 565279                     /home/roma/.m2/repository/org/bytedeco/javacpp-presets/artoolkitplus-platform/2.3.1-1.3/artoolkitplus-platform-2.3.1-1.3.jar
7f89a56c5000-7f89a56c6000 r--s 0000b000 08:0a 414377                     /home/roma/.m2/repository/org/bytedeco/javacpp-presets/videoinput/0.200-1.3/videoinput-0.200-1.3-windows-x86_64.jar
7f89a56c6000-7f89a56c7000 r--s 00009000 08:0a 414383                     /home/roma/.m2/repository/org/bytedeco/javacpp-presets/videoinput/0.200-1.3/videoinput-0.200-1.3-windows-x86.jar
7f89a56c7000-7f89a56c8000 r--s 00000000 08:0a 565277                     /home/roma/.m2/repository/org/bytedeco/javacpp-presets/videoinput-platform/0.200-1.3/videoinput-platform-0.200-1.3.jar
7f89a56c8000-7f89a56c9000 r--s 00076000 08:0a 667850                     /home/roma/.m2/repository/org/bytedeco/javacpp-presets/librealsense/1.9.6-1.3/librealsense-1.9.6-1.3-linux-x86_64.jar
7f89a56c9000-7f89a56ca000 r--s 00074000 08:0a 667843                     /home/roma/.m2/repository/org/bytedeco/javacpp-presets/librealsense/1.9.6-1.3/librealsense-1.9.6-1.3-linux-x86.jar
7f89a56ca000-7f89a56cb000 r--s 00000000 08:0a 565275                     /home/roma/.m2/repository/org/bytedeco/javacpp-presets/librealsense-platform/1.9.6-1.3/librealsense-platform-1.9.6-1.3.jar
7f89a56cb000-7f89a56cc000 r--s 00061000 08:0a 667842                     /home/roma/.m2/repository/org/bytedeco/javacpp-presets/libfreenect2/0.2.0-1.3/libfreenect2-0.2.0-1.3-linux-x86_64.jar
7f89a56cc000-7f89a56ce000 r--s 00065000 08:0a 667839                     /home/roma/.m2/repository/org/bytedeco/javacpp-presets/libfreenect2/0.2.0-1.3/libfreenect2-0.2.0-1.3-linux-x86.jar
7f89a56ce000-7f89a56cf000 r--s 00000000 08:0a 565273                     /home/roma/.m2/repository/org/bytedeco/javacpp-presets/libfreenect2-platform/0.2.0-1.3/libfreenect2-platform-0.2.0-1.3.jar
7f89a56cf000-7f89a56d0000 r--s 0002e000 08:0a 565271                     /home/roma/.m2/repository/org/bytedeco/javacpp-presets/libfreenect/0.5.3-1.3/libfreenect-0.5.3-1.3-windows-x86_64.jar
7f89a56d0000-7f89a56d1000 r--s 00028000 08:0a 565269                     /home/roma/.m2/repository/org/bytedeco/javacpp-presets/libfreenect/0.5.3-1.3/libfreenect-0.5.3-1.3-windows-x86.jar
7f89a56d1000-7f89a56d3000 r--s 0001a000 08:0a 565267                     /home/roma/.m2/repository/org/bytedeco/javacpp-presets/libfreenect/0.5.3-1.3/libfreenect-0.5.3-1.3-macosx-x86_64.jar
7f89a56d3000-7f89a56d4000 r--s 00015000 08:0a 565265                     /home/roma/.m2/repository/org/bytedeco/javacpp-presets/libfreenect/0.5.3-1.3/libfreenect-0.5.3-1.3-linux-ppc64le.jar
7f89a56d4000-7f89a56d6000 r--s 00011000 08:0a 565184                     /home/roma/.m2/repository/org/bytedeco/javacpp-presets/libfreenect/0.5.3-1.3/libfreenect-0.5.3-1.3-linux-armhf.jar
7f89a56d6000-7f89a56d7000 r--s 0001c000 08:0a 565264                     /home/roma/.m2/repository/org/bytedeco/javacpp-presets/libfreenect/0.5.3-1.3/libfreenect-0.5.3-1.3-linux-x86_64.jar
7f89a56d7000-7f89a56d8000 r--s 0001b000 08:0a 565261                     /home/roma/.m2/repository/org/bytedeco/javacpp-presets/libfreenect/0.5.3-1.3/libfreenect-0.5.3-1.3-linux-x86.jar
7f89a56d8000-7f89a56d9000 r--s 00000000 08:0a 565257                     /home/roma/.m2/repository/org/bytedeco/javacpp-presets/libfreenect-platform/0.5.3-1.3/libfreenect-platform-0.5.3-1.3.jar
7f89a56d9000-7f89a56da000 r--s 0002d000 08:0a 565255                     /home/roma/.m2/repository/org/bytedeco/javacpp-presets/libdc1394/2.2.4-1.3/libdc1394-2.2.4-1.3-windows-x86_64.jar
7f89a56da000-7f89a56dc000 r--s 00032000 08:0a 565253                     /home/roma/.m2/repository/org/bytedeco/javacpp-presets/libdc1394/2.2.4-1.3/libdc1394-2.2.4-1.3-windows-x86.jar
7f89a56dc000-7f89a56dd000 r--s 00031000 08:0a 565251                     /home/roma/.m2/repository/org/bytedeco/javacpp-presets/libdc1394/2.2.4-1.3/libdc1394-2.2.4-1.3-macosx-x86_64.jar
7f89a56dd000-7f89a56de000 r--s 00034000 08:0a 565249                     /home/roma/.m2/repository/org/bytedeco/javacpp-presets/libdc1394/2.2.4-1.3/libdc1394-2.2.4-1.3-linux-ppc64le.jar
7f89a56de000-7f89a56df000 r--s 0001f000 08:0a 565247                     /home/roma/.m2/repository/org/bytedeco/javacpp-presets/libdc1394/2.2.4-1.3/libdc1394-2.2.4-1.3-linux-armhf.jar
7f89a56df000-7f89a56e1000 r--s 0002f000 08:0a 565245                     /home/roma/.m2/repository/org/bytedeco/javacpp-presets/libdc1394/2.2.4-1.3/libdc1394-2.2.4-1.3-linux-x86_64.jar
7f89a56e1000-7f89a56e2000 r--s 0002d000 08:0a 565181                     /home/roma/.m2/repository/org/bytedeco/javacpp-presets/libdc1394/2.2.4-1.3/libdc1394-2.2.4-1.3-linux-x86.jar
7f89a56e2000-7f89a56e3000 r--s 00000000 08:0a 565241                     /home/roma/.m2/repository/org/bytedeco/javacpp-presets/libdc1394-platform/2.2.4-1.3/libdc1394-platform-2.2.4-1.3.jar
7f89a56e3000-7f89a56e4000 r--s 0003a000 08:0a 565239                     /home/roma/.m2/repository/org/bytedeco/javacpp-presets/flycapture/2.9.3.43-1.3/flycapture-2.9.3.43-1.3-windows-x86_64.jar
7f89a56e4000-7f89a56e6000 r--s 0002d000 08:0a 565237                     /home/roma/.m2/repository/org/bytedeco/javacpp-presets/flycapture/2.9.3.43-1.3/flycapture-2.9.3.43-1.3-windows-x86.jar
7f89a56e6000-7f89a56e7000 r--s 0002d000 08:0a 565235                     /home/roma/.m2/repository/org/bytedeco/javacpp-presets/flycapture/2.9.3.43-1.3/flycapture-2.9.3.43-1.3-linux-armhf.jar
7f89a56e7000-7f89a56e9000 r--s 0003a000 08:0a 565233                     /home/roma/.m2/repository/org/bytedeco/javacpp-presets/flycapture/2.9.3.43-1.3/flycapture-2.9.3.43-1.3-linux-x86_64.jar
7f89a56e9000-7f89a56eb000 r--s 00035000 08:0a 565179                     /home/roma/.m2/repository/org/bytedeco/javacpp-presets/flycapture/2.9.3.43-1.3/flycapture-2.9.3.43-1.3-linux-x86.jar
7f89a56eb000-7f89a56ec000 r--s 00000000 08:0a 565229                     /home/roma/.m2/repository/org/bytedeco/javacpp-presets/flycapture-platform/2.9.3.43-1.3/flycapture-platform-2.9.3.43-1.3.jar
7f89a56ec000-7f89a56ed000 r--s 00bdb000 08:0a 565227                     /home/roma/.m2/repository/org/bytedeco/javacpp-presets/ffmpeg/3.2.1-1.3/ffmpeg-3.2.1-1.3-windows-x86_64.jar
7f89a56ed000-7f89a56ef000 r--s 00b6f000 08:0a 565226                     /home/roma/.m2/repository/org/bytedeco/javacpp-presets/ffmpeg/3.2.1-1.3/ffmpeg-3.2.1-1.3-windows-x86.jar
7f89a56ef000-7f89a56f0000 r--s 00a78000 08:0a 565223                     /home/roma/.m2/repository/org/bytedeco/javacpp-presets/ffmpeg/3.2.1-1.3/ffmpeg-3.2.1-1.3-macosx-x86_64.jar
7f89a56f0000-7f89a56f2000 r--s 00cf7000 08:0a 565221                     /home/roma/.m2/repository/org/bytedeco/javacpp-presets/ffmpeg/3.2.1-1.3/ffmpeg-3.2.1-1.3-linux-ppc64le.jar
7f89a56f2000-7f89a56f4000 r--s 00a12000 08:0a 565219                     /home/roma/.m2/repository/org/bytedeco/javacpp-presets/ffmpeg/3.2.1-1.3/ffmpeg-3.2.1-1.3-linux-armhf.jar
7f89a56f4000-7f89a56f6000 r--s 00b72000 08:0a 565217                     /home/roma/.m2/repository/org/bytedeco/javacpp-presets/ffmpeg/3.2.1-1.3/ffmpeg-3.2.1-1.3-linux-x86_64.jar
7f89a56f6000-7f89a56f8000 r--s 00aa6000 08:0a 565193                     /home/roma/.m2/repository/org/bytedeco/javacpp-presets/ffmpeg/3.2.1-1.3/ffmpeg-3.2.1-1.3-linux-x86.jar
7f89a56f8000-7f89a56fa000 r--s 00c3e000 08:0a 565213                     /home/roma/.m2/repository/org/bytedeco/javacpp-presets/ffmpeg/3.2.1-1.3/ffmpeg-3.2.1-1.3-android-x86.jar
7f89a56fa000-7f89a56fb000 r--s 00b15000 08:0a 565177                     /home/roma/.m2/repository/org/bytedeco/javacpp-presets/ffmpeg/3.2.1-1.3/ffmpeg-3.2.1-1.3-android-arm.jar
7f89a56fb000-7f89a56fc000 r--s 00000000 08:0a 565209                     /home/roma/.m2/repository/org/bytedeco/javacpp-presets/ffmpeg-platform/3.2.1-1.3/ffmpeg-platform-3.2.1-1.3.jar
7f89a56fc000-7f89a56fe000 r--s 00c6c000 08:0a 565207                     /home/roma/.m2/repository/org/bytedeco/javacpp-presets/opencv/3.2.0-1.3/opencv-3.2.0-1.3-windows-x86_64.jar
7f89a56fe000-7f89a5700000 r--s 00a5c000 08:0a 565205                     /home/roma/.m2/repository/org/bytedeco/javacpp-presets/opencv/3.2.0-1.3/opencv-3.2.0-1.3-windows-x86.jar
7f89a5700000-7f89a5702000 r--s 00aa7000 08:0a 565203                     /home/roma/.m2/repository/org/bytedeco/javacpp-presets/opencv/3.2.0-1.3/opencv-3.2.0-1.3-macosx-x86_64.jar
7f89a5702000-7f89a5705000 r--s 00c39000 08:0a 565198                     /home/roma/.m2/repository/org/bytedeco/javacpp-presets/opencv/3.2.0-1.3/opencv-3.2.0-1.3-linux-ppc64le.jar
7f89a5705000-7f89a5708000 r--s 00a26000 08:0a 565199                     /home/roma/.m2/repository/org/bytedeco/javacpp-presets/opencv/3.2.0-1.3/opencv-3.2.0-1.3-linux-armhf.jar
7f89a5708000-7f89a570a000 r--s 00a3c000 08:0a 565197                     /home/roma/.m2/repository/org/bytedeco/javacpp-presets/opencv/3.2.0-1.3/opencv-3.2.0-1.3-linux-x86_64.jar
7f89a570a000-7f89a570d000 r--s 00a10000 08:0a 565183                     /home/roma/.m2/repository/org/bytedeco/javacpp-presets/opencv/3.2.0-1.3/opencv-3.2.0-1.3-linux-x86.jar
7f89a570d000-7f89a570f000 r--s 00efe000 08:0a 565188                     /home/roma/.m2/repository/org/bytedeco/javacpp-presets/opencv/3.2.0-1.3/opencv-3.2.0-1.3-android-x86.jar
7f89a570f000-7f89a5711000 r--s 00b87000 08:0a 565194                     /home/roma/.m2/repository/org/bytedeco/javacpp-presets/opencv/3.2.0-1.3/opencv-3.2.0-1.3-android-arm.jar
7f89a5711000-7f89a5712000 r--s 00000000 08:0a 565189                     /home/roma/.m2/repository/org/bytedeco/javacpp-presets/opencv-platform/3.2.0-1.3/opencv-platform-3.2.0-1.3.jar
7f89a5712000-7f89a5713000 r--s 00002000 08:0a 565285                     /home/roma/.m2/repository/org/bytedeco/javacpp-presets/flandmark/1.07-1.3/flandmark-1.07-1.3.jar
7f89a5713000-7f89a5714000 r--s 00005000 08:0a 414384                     /home/roma/.m2/repository/org/bytedeco/javacpp-presets/artoolkitplus/2.3.1-1.3/artoolkitplus-2.3.1-1.3.jar
7f89a5714000-7f89a5715000 r--s 00003000 08:0a 414380                     /home/roma/.m2/repository/org/bytedeco/javacpp-presets/videoinput/0.200-1.3/videoinput-0.200-1.3.jar
7f89a5715000-7f89a5718000 r--s 00009000 08:0a 667851                     /home/roma/.m2/repository/org/bytedeco/javacpp-presets/librealsense/1.9.6-1.3/librealsense-1.9.6-1.3.jar
7f89a5718000-7f89a5719000 r--s 00005000 08:0a 667847                     /home/roma/.m2/repository/org/bytedeco/javacpp-presets/libfreenect2/0.2.0-1.3/libfreenect2-0.2.0-1.3.jar
7f89a5719000-7f89a571b000 r--s 00004000 08:0a 565260                     /home/roma/.m2/repository/org/bytedeco/javacpp-presets/libfreenect/0.5.3-1.3/libfreenect-0.5.3-1.3.jar
7f89a571b000-7f89a571d000 r--s 00006000 08:0a 565243                     /home/roma/.m2/repository/org/bytedeco/javacpp-presets/libdc1394/2.2.4-1.3/libdc1394-2.2.4-1.3.jar
7f89a571d000-7f89a5721000 r--s 0001f000 08:0a 565231                     /home/roma/.m2/repository/org/bytedeco/javacpp-presets/flycapture/2.9.3.43-1.3/flycapture-2.9.3.43-1.3.jar
7f89a5721000-7f89a5728000 r--s 00033000 08:0a 565211                     /home/roma/.m2/repository/org/bytedeco/javacpp-presets/ffmpeg/3.2.1-1.3/ffmpeg-3.2.1-1.3.jar
7f89a5728000-7f89a5739000 r--s 000a6000 08:0a 565192                     /home/roma/.m2/repository/org/bytedeco/javacpp-presets/opencv/3.2.0-1.3/opencv-3.2.0-1.3.jar
7f89a5739000-7f89a5744000 r--s 00203000 08:0a 411649                     /usr/lib/jvm/java-7-openjdk-amd64/jre/lib/charsets.jar
7f89a5744000-7f89a5749000 r--s 00049000 08:0a 667836                     /home/roma/.m2/repository/org/bytedeco/javacpp/1.3.2/javacpp-1.3.2.jar
7f89a5749000-7f89a574d000 r--s 0005b000 08:0a 667838                     /home/roma/.m2/repository/org/bytedeco/javacv/1.3.2/javacv-1.3.2.jar
7f89a574d000-7f89a575b000 r--s 0010f000 08:0a 411665                     /usr/lib/jvm/java-7-openjdk-amd64/jre/lib/rhino.jar
7f89a575b000-7f89a5765000 r--s 000ae000 08:0a 411650                     /usr/lib/jvm/java-7-openjdk-amd64/jre/lib/resources.jar
7f89a5765000-7f89a5766000 ---p 00000000 00:00 0 
7f89a5766000-7f89a5866000 rw-p 00000000 00:00 0 
7f89a5866000-7f89a5869000 ---p 00000000 00:00 0 
7f89a5869000-7f89a5967000 rw-p 00000000 00:00 0 
7f89a5967000-7f89a596a000 ---p 00000000 00:00 0 
7f89a596a000-7f89a5a68000 rw-p 00000000 00:00 0 
7f89a5a68000-7f89a5a6b000 ---p 00000000 00:00 0 
7f89a5a6b000-7f89a5b69000 rw-p 00000000 00:00 0 
7f89a5b69000-7f89a5b6c000 ---p 00000000 00:00 0 
7f89a5b6c000-7f89a5c6a000 rw-p 00000000 00:00 0 
7f89a5c6a000-7f89a5c6d000 ---p 00000000 00:00 0 
7f89a5c6d000-7f89a5d6b000 rw-p 00000000 00:00 0 
7f89a5d6b000-7f89a5d6e000 ---p 00000000 00:00 0 
7f89a5d6e000-7f89a5e6c000 rw-p 00000000 00:00 0 
7f89a5e6c000-7f89a5e70000 r-xp 00000000 08:0a 411686                     /usr/lib/jvm/java-7-openjdk-amd64/jre/lib/amd64/libdt_socket.so
7f89a5e70000-7f89a606f000 ---p 00004000 08:0a 411686                     /usr/lib/jvm/java-7-openjdk-amd64/jre/lib/amd64/libdt_socket.so
7f89a606f000-7f89a6070000 r--p 00003000 08:0a 411686                     /usr/lib/jvm/java-7-openjdk-amd64/jre/lib/amd64/libdt_socket.so
7f89a6070000-7f89a6071000 rw-p 00004000 08:0a 411686                     /usr/lib/jvm/java-7-openjdk-amd64/jre/lib/amd64/libdt_socket.so
7f89a6071000-7f89a6074000 ---p 00000000 00:00 0 
7f89a6074000-7f89a6172000 rw-p 00000000 00:00 0 
7f89a6172000-7f89a6175000 ---p 00000000 00:00 0 
7f89a6175000-7f89a6273000 rw-p 00000000 00:00 0 
7f89a6273000-7f89a6276000 ---p 00000000 00:00 0 
7f89a6276000-7f89a6374000 rw-p 00000000 00:00 0 
7f89a6374000-7f89a6375000 ---p 00000000 00:00 0 
7f89a6375000-7f89a9000000 rw-p 00000000 00:00 0 
7f89a9000000-7f89a9270000 rwxp 00000000 00:00 0 
7f89a9270000-7f89ac682000 rw-p 00000000 00:00 0 
7f89ac682000-7f89b0000000 ---p 00000000 00:00 0 
7f89b0000000-7f89b0001000 r--s 00000000 08:0a 565173                     /home/roma/.m2/repository/org/bytedeco/javacv-platform/1.3.2/javacv-platform-1.3.2.jar
7f89b0001000-7f89b0002000 r--s 00000000 08:0a 411643                     /usr/lib/jvm/java-7-openjdk-amd64/jre/lib/management-agent.jar
7f89b0002000-7f89b0006000 r--s 0004f000 08:0a 411642                     /usr/lib/jvm/java-7-openjdk-amd64/jre/lib/jsse.jar
7f89b0006000-7f89b0008000 r--s 00018000 08:0a 411673                     /usr/lib/jvm/java-7-openjdk-amd64/jre/lib/jce.jar
7f89b0008000-7f89b0013000 r--s 00203000 08:0a 411649                     /usr/lib/jvm/java-7-openjdk-amd64/jre/lib/charsets.jar
7f89b0013000-7f89b015d000 rw-p 00000000 00:00 0 
7f89b015d000-7f89b0310000 r--s 01d49000 08:0a 411712                     /usr/lib/jvm/java-7-openjdk-amd64/jre/lib/rt.jar
7f89b0310000-7f89b063b000 rw-p 00000000 00:00 0 
7f89b063b000-7f89b063c000 ---p 00000000 00:00 0 
7f89b063c000-7f89b073c000 rw-p 00000000 00:00 0 
7f89b073c000-7f89b073d000 ---p 00000000 00:00 0 
7f89b073d000-7f89b0848000 rw-p 00000000 00:00 0 
7f89b0848000-7f89b0890000 rw-p 00000000 00:00 0 
7f89b0890000-7f89b08a4000 rw-p 00000000 00:00 0 
7f89b08a4000-7f89b09d0000 rw-p 00000000 00:00 0 
7f89b09d0000-7f89b09db000 rw-p 00000000 00:00 0 
7f89b09db000-7f89b0a23000 rw-p 00000000 00:00 0 
7f89b0a23000-7f89b0a37000 rw-p 00000000 00:00 0 
7f89b0a37000-7f89b0b62000 rw-p 00000000 00:00 0 
7f89b0b62000-7f89b0b6d000 rw-p 00000000 00:00 0 
7f89b0b6d000-7f89b0c02000 rw-p 00000000 00:00 0 
7f89b0c02000-7f89b0c03000 rw-p 00000000 00:00 0 
7f89b0c03000-7f89b0c0b000 r-xp 00000000 08:0a 411691                     /usr/lib/jvm/java-7-openjdk-amd64/jre/lib/amd64/libzip.so
7f89b0c0b000-7f89b0e0a000 ---p 00008000 08:0a 411691                     /usr/lib/jvm/java-7-openjdk-amd64/jre/lib/amd64/libzip.so
7f89b0e0a000-7f89b0e0b000 r--p 00007000 08:0a 411691                     /usr/lib/jvm/java-7-openjdk-amd64/jre/lib/amd64/libzip.so
7f89b0e0b000-7f89b0e0c000 rw-p 00008000 08:0a 411691                     /usr/lib/jvm/java-7-openjdk-amd64/jre/lib/amd64/libzip.so
7f89b0e0c000-7f89b0e16000 r-xp 00000000 08:0a 724302                     /lib/x86_64-linux-gnu/libnss_files-2.19.so
7f89b0e16000-7f89b1015000 ---p 0000a000 08:0a 724302                     /lib/x86_64-linux-gnu/libnss_files-2.19.so
7f89b1015000-7f89b1016000 r--p 00009000 08:0a 724302                     /lib/x86_64-linux-gnu/libnss_files-2.19.so
7f89b1016000-7f89b1017000 rw-p 0000a000 08:0a 724302                     /lib/x86_64-linux-gnu/libnss_files-2.19.so
7f89b1017000-7f89b1022000 r-xp 00000000 08:0a 724279                     /lib/x86_64-linux-gnu/libnss_nis-2.19.so
7f89b1022000-7f89b1221000 ---p 0000b000 08:0a 724279                     /lib/x86_64-linux-gnu/libnss_nis-2.19.so
7f89b1221000-7f89b1222000 r--p 0000a000 08:0a 724279                     /lib/x86_64-linux-gnu/libnss_nis-2.19.so
7f89b1222000-7f89b1223000 rw-p 0000b000 08:0a 724279                     /lib/x86_64-linux-gnu/libnss_nis-2.19.so
7f89b1223000-7f89b123a000 r-xp 00000000 08:0a 724293                     /lib/x86_64-linux-gnu/libnsl-2.19.so
7f89b123a000-7f89b1439000 ---p 00017000 08:0a 724293                     /lib/x86_64-linux-gnu/libnsl-2.19.so
7f89b1439000-7f89b143a000 r--p 00016000 08:0a 724293                     /lib/x86_64-linux-gnu/libnsl-2.19.so
7f89b143a000-7f89b143b000 rw-p 00017000 08:0a 724293                     /lib/x86_64-linux-gnu/libnsl-2.19.so
7f89b143b000-7f89b143d000 rw-p 00000000 00:00 0 
7f89b143d000-7f89b1446000 r-xp 00000000 08:0a 724289                     /lib/x86_64-linux-gnu/libnss_compat-2.19.so
7f89b1446000-7f89b1645000 ---p 00009000 08:0a 724289                     /lib/x86_64-linux-gnu/libnss_compat-2.19.so
7f89b1645000-7f89b1646000 r--p 00008000 08:0a 724289                     /lib/x86_64-linux-gnu/libnss_compat-2.19.so
7f89b1646000-7f89b1647000 rw-p 00009000 08:0a 724289                     /lib/x86_64-linux-gnu/libnss_compat-2.19.so
7f89b1647000-7f89b1e5a000 r--p 00000000 08:0a 529427                     /usr/lib/locale/locale-archive
7f89b1e5a000-7f89b1e5c000 r-xp 00000000 08:0a 411683                     /usr/lib/jvm/java-7-openjdk-amd64/jre/lib/amd64/libnpt.so
7f89b1e5c000-7f89b205c000 ---p 00002000 08:0a 411683                     /usr/lib/jvm/java-7-openjdk-amd64/jre/lib/amd64/libnpt.so
7f89b205c000-7f89b205d000 r--p 00002000 08:0a 411683                     /usr/lib/jvm/java-7-openjdk-amd64/jre/lib/amd64/libnpt.so
7f89b205d000-7f89b205e000 rw-p 00003000 08:0a 411683                     /usr/lib/jvm/java-7-openjdk-amd64/jre/lib/amd64/libnpt.so
7f89b205e000-7f89b2098000 r-xp 00000000 08:0a 411705                     /usr/lib/jvm/java-7-openjdk-amd64/jre/lib/amd64/libjdwp.so
7f89b2098000-7f89b2298000 ---p 0003a000 08:0a 411705                     /usr/lib/jvm/java-7-openjdk-amd64/jre/lib/amd64/libjdwp.so
7f89b2298000-7f89b2299000 r--p 0003a000 08:0a 411705                     /usr/lib/jvm/java-7-openjdk-amd64/jre/lib/amd64/libjdwp.so
7f89b2299000-7f89b229a000 rw-p 0003b000 08:0a 411705                     /usr/lib/jvm/java-7-openjdk-amd64/jre/lib/amd64/libjdwp.so
7f89b229a000-7f89b22c4000 r-xp 00000000 08:0a 411677                     /usr/lib/jvm/java-7-openjdk-amd64/jre/lib/amd64/libjava.so
7f89b22c4000-7f89b24c4000 ---p 0002a000 08:0a 411677                     /usr/lib/jvm/java-7-openjdk-amd64/jre/lib/amd64/libjava.so
7f89b24c4000-7f89b24c5000 r--p 0002a000 08:0a 411677                     /usr/lib/jvm/java-7-openjdk-amd64/jre/lib/amd64/libjava.so
7f89b24c5000-7f89b24c7000 rw-p 0002b000 08:0a 411677                     /usr/lib/jvm/java-7-openjdk-amd64/jre/lib/amd64/libjava.so
7f89b24c7000-7f89b24d7000 r-xp 00000000 08:0a 411707                     /usr/lib/jvm/java-7-openjdk-amd64/jre/lib/amd64/libverify.so
7f89b24d7000-7f89b26d6000 ---p 00010000 08:0a 411707                     /usr/lib/jvm/java-7-openjdk-amd64/jre/lib/amd64/libverify.so
7f89b26d6000-7f89b26d8000 r--p 0000f000 08:0a 411707                     /usr/lib/jvm/java-7-openjdk-amd64/jre/lib/amd64/libverify.so
7f89b26d8000-7f89b26d9000 rw-p 00011000 08:0a 411707                     /usr/lib/jvm/java-7-openjdk-amd64/jre/lib/amd64/libverify.so
7f89b26d9000-7f89b26e0000 r-xp 00000000 08:0a 677154                     /lib/x86_64-linux-gnu/librt-2.19.so
7f89b26e0000-7f89b28df000 ---p 00007000 08:0a 677154                     /lib/x86_64-linux-gnu/librt-2.19.so
7f89b28df000-7f89b28e0000 r--p 00006000 08:0a 677154                     /lib/x86_64-linux-gnu/librt-2.19.so
7f89b28e0000-7f89b28e1000 rw-p 00007000 08:0a 677154                     /lib/x86_64-linux-gnu/librt-2.19.so
7f89b28e1000-7f89b28f7000 r-xp 00000000 08:0a 656929                     /lib/x86_64-linux-gnu/libgcc_s.so.1
7f89b28f7000-7f89b2af6000 ---p 00016000 08:0a 656929                     /lib/x86_64-linux-gnu/libgcc_s.so.1
7f89b2af6000-7f89b2af7000 rw-p 00015000 08:0a 656929                     /lib/x86_64-linux-gnu/libgcc_s.so.1
7f89b2af7000-7f89b2bfc000 r-xp 00000000 08:0a 724294                     /lib/x86_64-linux-gnu/libm-2.19.so
7f89b2bfc000-7f89b2dfb000 ---p 00105000 08:0a 724294                     /lib/x86_64-linux-gnu/libm-2.19.so
7f89b2dfb000-7f89b2dfc000 r--p 00104000 08:0a 724294                     /lib/x86_64-linux-gnu/libm-2.19.so
7f89b2dfc000-7f89b2dfd000 rw-p 00105000 08:0a 724294                     /lib/x86_64-linux-gnu/libm-2.19.so
7f89b2dfd000-7f89b2ee3000 r-xp 00000000 08:0a 533074                     /usr/lib/x86_64-linux-gnu/libstdc++.so.6.0.19
7f89b2ee3000-7f89b30e2000 ---p 000e6000 08:0a 533074                     /usr/lib/x86_64-linux-gnu/libstdc++.so.6.0.19
7f89b30e2000-7f89b30ea000 r--p 000e5000 08:0a 533074                     /usr/lib/x86_64-linux-gnu/libstdc++.so.6.0.19
7f89b30ea000-7f89b30ec000 rw-p 000ed000 08:0a 533074                     /usr/lib/x86_64-linux-gnu/libstdc++.so.6.0.19
7f89b30ec000-7f89b3101000 rw-p 00000000 00:00 0 
7f89b3101000-7f89b3c2f000 r-xp 00000000 08:0a 411690                     /usr/lib/jvm/java-7-openjdk-amd64/jre/lib/amd64/server/libjvm.so
7f89b3c2f000-7f89b3e2f000 ---p 00b2e000 08:0a 411690                     /usr/lib/jvm/java-7-openjdk-amd64/jre/lib/amd64/server/libjvm.so
7f89b3e2f000-7f89b3ec9000 r--p 00b2e000 08:0a 411690                     /usr/lib/jvm/java-7-openjdk-amd64/jre/lib/amd64/server/libjvm.so
7f89b3ec9000-7f89b3eec000 rw-p 00bc8000 08:0a 411690                     /usr/lib/jvm/java-7-openjdk-amd64/jre/lib/amd64/server/libjvm.so
7f89b3eec000-7f89b3f1b000 rw-p 00000000 00:00 0 
7f89b3f1b000-7f89b3f33000 r-xp 00000000 08:0a 657065                     /lib/x86_64-linux-gnu/libz.so.1.2.8
7f89b3f33000-7f89b4132000 ---p 00018000 08:0a 657065                     /lib/x86_64-linux-gnu/libz.so.1.2.8
7f89b4132000-7f89b4133000 r--p 00017000 08:0a 657065                     /lib/x86_64-linux-gnu/libz.so.1.2.8
7f89b4133000-7f89b4134000 rw-p 00018000 08:0a 657065                     /lib/x86_64-linux-gnu/libz.so.1.2.8
7f89b4134000-7f89b414d000 r-xp 00000000 08:0a 724305                     /lib/x86_64-linux-gnu/libpthread-2.19.so
7f89b414d000-7f89b434c000 ---p 00019000 08:0a 724305                     /lib/x86_64-linux-gnu/libpthread-2.19.so
7f89b434c000-7f89b434d000 r--p 00018000 08:0a 724305                     /lib/x86_64-linux-gnu/libpthread-2.19.so
7f89b434d000-7f89b434e000 rw-p 00019000 08:0a 724305                     /lib/x86_64-linux-gnu/libpthread-2.19.so
7f89b434e000-7f89b4352000 rw-p 00000000 00:00 0 
7f89b4352000-7f89b4355000 r-xp 00000000 08:0a 724303                     /lib/x86_64-linux-gnu/libdl-2.19.so
7f89b4355000-7f89b4554000 ---p 00003000 08:0a 724303                     /lib/x86_64-linux-gnu/libdl-2.19.so
7f89b4554000-7f89b4555000 r--p 00002000 08:0a 724303                     /lib/x86_64-linux-gnu/libdl-2.19.so
7f89b4555000-7f89b4556000 rw-p 00003000 08:0a 724303                     /lib/x86_64-linux-gnu/libdl-2.19.so
7f89b4556000-7f89b4714000 r-xp 00000000 08:0a 724288                     /lib/x86_64-linux-gnu/libc-2.19.so
7f89b4714000-7f89b4913000 ---p 001be000 08:0a 724288                     /lib/x86_64-linux-gnu/libc-2.19.so
7f89b4913000-7f89b4917000 r--p 001bd000 08:0a 724288                     /lib/x86_64-linux-gnu/libc-2.19.so
7f89b4917000-7f89b4919000 rw-p 001c1000 08:0a 724288                     /lib/x86_64-linux-gnu/libc-2.19.so
7f89b4919000-7f89b491e000 rw-p 00000000 00:00 0 
7f89b491e000-7f89b492b000 r-xp 00000000 08:0a 411680                     /usr/lib/jvm/java-7-openjdk-amd64/jre/lib/amd64/jli/libjli.so
7f89b492b000-7f89b4b2a000 ---p 0000d000 08:0a 411680                     /usr/lib/jvm/java-7-openjdk-amd64/jre/lib/amd64/jli/libjli.so
7f89b4b2a000-7f89b4b2b000 r--p 0000c000 08:0a 411680                     /usr/lib/jvm/java-7-openjdk-amd64/jre/lib/amd64/jli/libjli.so
7f89b4b2b000-7f89b4b2c000 rw-p 0000d000 08:0a 411680                     /usr/lib/jvm/java-7-openjdk-amd64/jre/lib/amd64/jli/libjli.so
7f89b4b2c000-7f89b4b4f000 r-xp 00000000 08:0a 724301                     /lib/x86_64-linux-gnu/ld-2.19.so
7f89b4b4f000-7f89b4b51000 r--s 00006000 08:0a 944456                     /usr/share/java/java-atk-wrapper.jar
7f89b4b51000-7f89b4b55000 r--s 00034000 08:0a 411666                     /usr/lib/jvm/java-7-openjdk-amd64/jre/lib/ext/sunjce_provider.jar
7f89b4b55000-7f89b4b75000 rw-p 00000000 00:00 0 
7f89b4b75000-7f89b4c2b000 rw-p 00000000 00:00 0 
7f89b4c2b000-7f89b4c2e000 ---p 00000000 00:00 0 
7f89b4c2e000-7f89b4d31000 rw-p 00000000 00:00 0 
7f89b4d31000-7f89b4d32000 r--s 0000a000 08:0a 411654                     /usr/lib/jvm/java-7-openjdk-amd64/jre/lib/javazic.jar
7f89b4d32000-7f89b4d33000 r--s 00000000 08:0a 411672                     /usr/lib/jvm/java-7-openjdk-amd64/jre/lib/compilefontconfig.jar
7f89b4d33000-7f89b4d35000 r--s 00006000 08:0a 944456                     /usr/share/java/java-atk-wrapper.jar
7f89b4d35000-7f89b4d36000 r--s 00002000 08:0a 411669                     /usr/lib/jvm/java-7-openjdk-amd64/jre/lib/ext/dnsns.jar
7f89b4d36000-7f89b4d39000 r--s 0000f000 08:0a 411671                     /usr/lib/jvm/java-7-openjdk-amd64/jre/lib/ext/icedtea-sound.jar
7f89b4d39000-7f89b4d3d000 r--s 00085000 08:0a 411667                     /usr/lib/jvm/java-7-openjdk-amd64/jre/lib/ext/localedata.jar
7f89b4d3d000-7f89b4d40000 r--s 0003d000 08:0a 411670                     /usr/lib/jvm/java-7-openjdk-amd64/jre/lib/ext/sunpkcs11.jar
7f89b4d40000-7f89b4d42000 r--s 00012000 08:0a 411668                     /usr/lib/jvm/java-7-openjdk-amd64/jre/lib/ext/zipfs.jar
7f89b4d42000-7f89b4d4a000 rw-s 00000000 08:0a 311099                     /tmp/hsperfdata_roma/21366
7f89b4d4a000-7f89b4d4b000 rw-p 00000000 00:00 0 
7f89b4d4b000-7f89b4d4c000 r--p 00000000 00:00 0 
7f89b4d4c000-7f89b4d4e000 rw-p 00000000 00:00 0 
7f89b4d4e000-7f89b4d4f000 r--p 00022000 08:0a 724301                     /lib/x86_64-linux-gnu/ld-2.19.so
7f89b4d4f000-7f89b4d50000 rw-p 00023000 08:0a 724301                     /lib/x86_64-linux-gnu/ld-2.19.so
7f89b4d50000-7f89b4d51000 rw-p 00000000 00:00 0 
7fff341e4000-7fff34208000 rw-p 00000000 00:00 0                          [stack]
7fff34361000-7fff34363000 r--p 00000000 00:00 0                          [vvar]
7fff34363000-7fff34365000 r-xp 00000000 00:00 0                          [vdso]
ffffffffff600000-ffffffffff601000 r-xp 00000000 00:00 0                  [vsyscall]

VM Arguments:
jvm_args: -agentlib:jdwp=transport=dt_socket,address=127.0.0.1:42705,suspend=y,server=n -Dfile.encoding=UTF-8 
java_command: Main
Launcher Type: SUN_STANDARD

Environment Variables:
PATH=/home/roma/.opam/4.02.1/bin:/usr/local/sbin:/usr/local/bin:/usr/sbin:/usr/bin:/sbin:/bin:/usr/games:/usr/local/games
LD_LIBRARY_PATH=/opt/intellij-idea-community/bin:
SHELL=/bin/bash
DISPLAY=:0

Signal Handlers:
SIGSEGV: [libjvm.so+0x95e460], sa_mask[0]=0x7ffbfeff, sa_flags=0x10000004
SIGBUS: [libjvm.so+0x95e460], sa_mask[0]=0x7ffbfeff, sa_flags=0x10000004
SIGFPE: [libjvm.so+0x7d2030], sa_mask[0]=0x7ffbfeff, sa_flags=0x10000004
SIGPIPE: [libjvm.so+0x7d2030], sa_mask[0]=0x7ffbfeff, sa_flags=0x10000004
SIGXFSZ: [libjvm.so+0x7d2030], sa_mask[0]=0x7ffbfeff, sa_flags=0x10000004
SIGILL: [libjvm.so+0x7d2030], sa_mask[0]=0x7ffbfeff, sa_flags=0x10000004
SIGUSR1: SIG_DFL, sa_mask[0]=0x00000000, sa_flags=0x00000000
SIGUSR2: [libjvm.so+0x7d2160], sa_mask[0]=0x00000004, sa_flags=0x10000004
SIGHUP: [libjvm.so+0x7d20b0], sa_mask[0]=0x7ffbfeff, sa_flags=0x10000004
SIGINT: [libjvm.so+0x7d20b0], sa_mask[0]=0x7ffbfeff, sa_flags=0x10000004
SIGTERM: [libjvm.so+0x7d20b0], sa_mask[0]=0x7ffbfeff, sa_flags=0x10000004
SIGQUIT: [libjvm.so+0x7d20b0], sa_mask[0]=0x7ffbfeff, sa_flags=0x10000004
SIGTRAP: SIG_DFL, sa_mask[0]=0x00000000, sa_flags=0x00000000


---------------  S Y S T E M  ---------------

OS:Ubuntu 14.04 (trusty)
uname:Linux 4.4.0-31-generic #50~14.04.1-Ubuntu SMP Wed Jul 13 01:07:32 UTC 2016 x86_64
libc:glibc 2.19 NPTL 2.19 
rlimit: STACK 8192k, CORE 0k, NPROC 14994, NOFILE 4096, AS infinity
load average:5,29 2,01 1,35

/proc/meminfo:
MemTotal:        3922888 kB
MemFree:          250492 kB
MemAvailable:     648684 kB
Buffers:           42264 kB
Cached:           782548 kB
SwapCached:        11720 kB
Active:          2232460 kB
Inactive:        1229920 kB
Active(anon):    1912832 kB
Inactive(anon):   990632 kB
Active(file):     319628 kB
Inactive(file):   239288 kB
Unevictable:          16 kB
Mlocked:              16 kB
SwapTotal:       4070396 kB
SwapFree:        3926636 kB
Dirty:             20540 kB
Writeback:             0 kB
AnonPages:       2628492 kB
Mapped:           259200 kB
Shmem:            265760 kB
Slab:             123196 kB
SReclaimable:      90204 kB
SUnreclaim:        32992 kB
KernelStack:        9376 kB
PageTables:        37224 kB
NFS_Unstable:          0 kB
Bounce:                0 kB
WritebackTmp:          0 kB
CommitLimit:     6031840 kB
Committed_AS:    6286656 kB
VmallocTotal:   34359738367 kB
VmallocUsed:           0 kB
VmallocChunk:          0 kB
HardwareCorrupted:     0 kB
AnonHugePages:   1452032 kB
CmaTotal:              0 kB
CmaFree:               0 kB
HugePages_Total:       0
HugePages_Free:        0
HugePages_Rsvd:        0
HugePages_Surp:        0
Hugepagesize:       2048 kB
DirectMap4k:       85756 kB
DirectMap2M:     3985408 kB


CPU:total 2 (2 cores per cpu, 1 threads per core) family 6 model 58 stepping 9, cmov, cx8, fxsr, mmx, sse, sse2, sse3, ssse3, sse4.1, sse4.2, popcnt, erms, tsc, tscinvbit, tscinv

/proc/cpuinfo:
processor	: 0
vendor_id	: GenuineIntel
cpu family	: 6
model		: 58
model name	: Intel(R) Pentium(R) CPU 2117U @ 1.80GHz
stepping	: 9
microcode	: 0x15
cpu MHz		: 1799.929
cache size	: 2048 KB
physical id	: 0
siblings	: 2
core id		: 0
cpu cores	: 2
apicid		: 0
initial apicid	: 0
fpu		: yes
fpu_exception	: yes
cpuid level	: 13
wp		: yes
flags		: fpu vme de pse tsc msr pae mce cx8 apic sep mtrr pge mca cmov pat pse36 clflush dts acpi mmx fxsr sse sse2 ss ht tm pbe syscall nx rdtscp lm constant_tsc arch_perfmon pebs bts rep_good nopl xtopology nonstop_tsc aperfmperf eagerfpu pni pclmulqdq dtes64 monitor ds_cpl vmx est tm2 ssse3 cx16 xtpr pdcm pcid sse4_1 sse4_2 x2apic popcnt tsc_deadline_timer xsave lahf_lm epb tpr_shadow vnmi flexpriority ept vpid fsgsbase smep erms xsaveopt dtherm arat pln pts
bugs		:
bogomips	: 3591.62
clflush size	: 64
cache_alignment	: 64
address sizes	: 36 bits physical, 48 bits virtual
power management:

processor	: 1
vendor_id	: GenuineIntel
cpu family	: 6
model		: 58
model name	: Intel(R) Pentium(R) CPU 2117U @ 1.80GHz
stepping	: 9
microcode	: 0x15
cpu MHz		: 1800.000
cache size	: 2048 KB
physical id	: 0
siblings	: 2
core id		: 1
cpu cores	: 2
apicid		: 2
initial apicid	: 2
fpu		: yes
fpu_exception	: yes
cpuid level	: 13
wp		: yes
flags		: fpu vme de pse tsc msr pae mce cx8 apic sep mtrr pge mca cmov pat pse36 clflush dts acpi mmx fxsr sse sse2 ss ht tm pbe syscall nx rdtscp lm constant_tsc arch_perfmon pebs bts rep_good nopl xtopology nonstop_tsc aperfmperf eagerfpu pni pclmulqdq dtes64 monitor ds_cpl vmx est tm2 ssse3 cx16 xtpr pdcm pcid sse4_1 sse4_2 x2apic popcnt tsc_deadline_timer xsave lahf_lm epb tpr_shadow vnmi flexpriority ept vpid fsgsbase smep erms xsaveopt dtherm arat pln pts
bugs		:
bogomips	: 3591.62
clflush size	: 64
cache_alignment	: 64
address sizes	: 36 bits physical, 48 bits virtual
power management:



Memory: 4k page, physical 3922888k(250492k free), swap 4070396k(3926636k free)

vm_info: OpenJDK 64-Bit Server VM (24.121-b00) for linux-amd64 JRE (1.7.0_121-b00), built on Feb  7 2017 18:45:58 by "buildd" with gcc 4.8.4

time: Mon May  1 20:54:34 2017
elapsed time: 2 seconds

